#
# A fatal error has been detected by the Java Runtime Environment:
#
#  SIGSEGV (0xb) at pc=0x00007f1c2925e040, pid=5144, tid=0x00007f1c7980b700
#
# JRE version: Java(TM) SE Runtime Environment (8.0_101-b13) (build 1.8.0_101-b13)
# Java VM: Java HotSpot(TM) 64-Bit Server VM (25.101-b13 mixed mode linux-amd64 compressed oops)
# Problematic frame:
# C  [i965_dri.so+0x3ca040]
#
# Failed to write core dump. Core dumps have been disabled. To enable core dumping, try "ulimit -c unlimited" before starting Java again
#
# If you would like to submit a bug report, please visit:
#   http://bugreport.java.com/bugreport/crash.jsp
# The crash happened outside the Java Virtual Machine in native code.
# See problematic frame for where to report the bug.
#

---------------  T H R E A D  ---------------

Current thread (0x00007f1c3c003000):  JavaThread "AWT-EventQueue-1" [_thread_in_native, id=5171, stack(0x00007f1c7970b000,0x00007f1c7980c000)]

siginfo: si_signo: 11 (SIGSEGV), si_code: 1 (SEGV_MAPERR), si_addr: 0x000000000000c548

Registers:
RAX=0x00007f1c2925e030, RBX=0x000000000000c000, RCX=0x0000000000000000, RDX=0x0000000000000001
RSP=0x00007f1c79809410, RBP=0x00007f1c2ca2aad0, RSI=0x00007f1c38fc7b60, RDI=0x0000000100000000
R8 =0x0000000000000000, R9 =0x00007f1c780a7fc0, R10=0x00007f1c890179e8, R11=0x00007f1ca0ba9c50
R12=0x00007f1c2c8e8c60, R13=0x0000000000000000, R14=0x00007f1c2c910a30, R15=0x0000000000000000
RIP=0x00007f1c2925e040, EFLAGS=0x0000000000010206, CSGSFS=0x0000000000000033, ERR=0x0000000000000004
  TRAPNO=0x000000000000000e

Top of Stack: (sp=0x00007f1c79809410)
0x00007f1c79809410:   00007f1c79809500 0000000000000000
0x00007f1c79809420:   00007f1c38fc7a80 00007f1c2ca2aad0
0x00007f1c79809430:   00007f1c2c8e8c60 00007f1c780a804e
0x00007f1c79809440:   00007f1c79809478 00007f1c782f5660
0x00007f1c79809450:   00007f1c2cc16d70 00007f1c00000000
0x00007f1c79809460:   0000000000000000 0000000000000000
0x00007f1c79809470:   0000000000000000 00007f1c38fc7a80
0x00007f1c79809480:   0000000004a0004f 00007f1c78333320
0x00007f1c79809490:   00007f1c79809500 0000000000000000
0x00007f1c798094a0:   00007f1c78333320 00007f1c798095c8
0x00007f1c798094b0:   00007f1c3c003000 00007f1c2a756849
0x00007f1c798094c0:   00007f1c9d9b54e8 00007f1c78081ab0
0x00007f1c798094d0:   0000000004a0004f 00007f1c2cc16d70
0x00007f1c798094e0:   00007f1c79809590 00007f1c3c0031f8
0x00007f1c798094f0:   00000000da8805d8 00007f1c78081ab0
0x00007f1c79809500:   00007f1c79809580 00007f1c89017a14
0x00007f1c79809510:   00000000da880638 00000000da880658
0x00007f1c79809520:   00000000da8806a8 00000000da880698
0x00007f1c79809530:   00007f1c9e287000 00000000855335f8
0x00007f1c79809540:   00007f1c79809540 0000000000000000
0x00007f1c79809550:   00007f1c798095c8 00007f1c783349c0
0x00007f1c79809560:   0000000000000000 00007f1c78333320
0x00007f1c79809570:   0000000000000000 00007f1c798095a0
0x00007f1c79809580:   00007f1c79809610 00007f1c890082bd
0x00007f1c79809590:   0000000085829d38 00007f1c89011538
0x00007f1c798095a0:   00007f1c78081ab0 00007f1c89023243
0x00007f1c798095b0:   0000000004a0004f 00007f1c00000000
0x00007f1c798095c0:   00007f1c2cc16d70 000000008582a070
0x00007f1c798095d0:   00007f1c798095d0 00007f1c78333271
0x00007f1c798095e0:   00007f1c79809648 00007f1c783349c0
0x00007f1c798095f0:   0000000000000000 00007f1c78333280
0x00007f1c79809600:   00007f1c798095a0 00007f1c79809630 

Instructions: (pc=0x00007f1c2925e040)
0x00007f1c2925e020:   48 83 c4 10 5b 5d 41 5c c3 0f 1f 80 00 00 00 00
0x00007f1c2925e030:   41 54 55 53 48 83 ec 10 48 8b 1f 48 85 db 74 3d
0x00007f1c2925e040:   f6 83 48 05 00 00 01 49 89 f4 89 cd 75 72 83 e2
0x00007f1c2925e050:   01 75 5d 83 e5 fd 74 38 48 8d 35 71 24 0f 00 ba 

Register to memory mapping:

RAX=0x00007f1c2925e030: <offset 0x3ca030> in /usr/lib/x86_64-linux-gnu/dri/i965_dri.so at 0x00007f1c28e94000
RBX=0x000000000000c000 is an unknown value
RCX=0x0000000000000000 is an unknown value
RDX=0x0000000000000001 is an unknown value
RSP=0x00007f1c79809410 is pointing into the stack for thread: 0x00007f1c3c003000
RBP=0x00007f1c2ca2aad0 is an unknown value
RSI=0x00007f1c38fc7b60 is an unknown value
RDI=0x0000000100000000 is pointing into metadata
R8 =0x0000000000000000 is an unknown value
R9 =0x00007f1c780a7fc0: <offset 0x42fc0> in /usr/lib/x86_64-linux-gnu/mesa/libGL.so.1 at 0x00007f1c78065000
R10=0x00007f1c890179e8 is at code_begin+808 in an Interpreter codelet
method entry point (kind = native)  [0x00007f1c890176c0, 0x00007f1c89017fc0]  2304 bytes
R11=0x00007f1ca0ba9c50: <offset 0x9c1c50> in /usr/lib/jvm/java-8-oracle/jre/lib/amd64/server/libjvm.so at 0x00007f1ca01e8000
R12=0x00007f1c2c8e8c60 is an unknown value
R13=0x0000000000000000 is an unknown value
R14=0x00007f1c2c910a30 is an unknown value
R15=0x0000000000000000 is an unknown value


Stack: [0x00007f1c7970b000,0x00007f1c7980c000],  sp=0x00007f1c79809410,  free space=1017k
Native frames: (J=compiled Java code, j=interpreted, Vv=VM code, C=native code)
C  [i965_dri.so+0x3ca040]

Java frames: (J=compiled Java code, j=interpreted, Vv=VM code)
j  jogamp.opengl.x11.glx.GLX.dispatch_glXSwapBuffers0(JJJ)V+0
j  jogamp.opengl.x11.glx.GLX.glXSwapBuffers(JJ)V+41
j  jogamp.opengl.x11.glx.X11GLXDrawable.swapBuffersImpl(Z)V+17
j  jogamp.opengl.GLDrawableImpl.swapBuffers()V+67
j  javax.media.opengl.awt.GLCanvas$12.run()V+45
J 1852 C1 java.awt.event.InvocationEvent.dispatch()V (69 bytes) @ 0x00007f1c896627cc [0x00007f1c89662680+0x14c]
J 1845 C1 java.awt.EventQueue.dispatchEventImpl(Ljava/awt/AWTEvent;Ljava/lang/Object;)V (149 bytes) @ 0x00007f1c8965fe7c [0x00007f1c8965e300+0x1b7c]
J 1843 C1 java.awt.EventQueue$3.run()Ljava/lang/Void; (60 bytes) @ 0x00007f1c8965c984 [0x00007f1c8965c780+0x204]
J 1842 C1 java.awt.EventQueue$3.run()Ljava/lang/Object; (5 bytes) @ 0x00007f1c8965ae8c [0x00007f1c8965ae00+0x8c]
v  ~StubRoutines::call_stub
J 584  java.security.AccessController.doPrivileged(Ljava/security/PrivilegedAction;Ljava/security/AccessControlContext;)Ljava/lang/Object; (0 bytes) @ 0x00007f1c8928a1e3 [0x00007f1c8928a180+0x63]
J 1670 C1 java.awt.EventQueue.dispatchEvent(Ljava/awt/AWTEvent;)V (80 bytes) @ 0x00007f1c895eae44 [0x00007f1c895ea4c0+0x984]
J 1672 C1 java.awt.EventDispatchThread.pumpOneEventForFilters(I)V (295 bytes) @ 0x00007f1c895ee114 [0x00007f1c895ec5c0+0x1b54]
j  java.awt.EventDispatchThread.pumpEventsForFilter(ILjava/awt/Conditional;Ljava/awt/EventFilter;)V+35
j  java.awt.EventDispatchThread.pumpEventsForHierarchy(ILjava/awt/Conditional;Ljava/awt/Component;)V+11
j  java.awt.EventDispatchThread.pumpEvents(ILjava/awt/Conditional;)V+4
j  java.awt.EventDispatchThread.pumpEvents(Ljava/awt/Conditional;)V+3
j  java.awt.EventDispatchThread.run()V+9
v  ~StubRoutines::call_stub

---------------  P R O C E S S  ---------------

Java Threads: ( => current thread )
  0x00007f1c39bec000 JavaThread "Thread-99" [_thread_blocked, id=5283, stack(0x00007f1c21c28000,0x00007f1c21d29000)]
  0x00007f1c04001800 JavaThread "Image Fetcher 3" daemon [_thread_blocked, id=5196, stack(0x00007f1c211b6000,0x00007f1c212b7000)]
  0x00007f1c18007800 JavaThread "Image Fetcher 2" daemon [_thread_blocked, id=5194, stack(0x00007f1c21327000,0x00007f1c21428000)]
  0x00007f1c0c006800 JavaThread "Image Fetcher 1" daemon [_thread_blocked, id=5193, stack(0x00007f1c21428000,0x00007f1c21529000)]
  0x00007f1c14006000 JavaThread "Image Fetcher 0" daemon [_thread_blocked, id=5191, stack(0x00007f1c21764000,0x00007f1c21865000)]
  0x00007f1c14002000 JavaThread "Keep-Alive-Timer" daemon [_thread_blocked, id=5190, stack(0x00007f1c21865000,0x00007f1c21966000)]
  0x00007f1c2c115000 JavaThread "Animation Thread-SharedResourceRunner" daemon [_thread_blocked, id=5181, stack(0x00007f1c79109000,0x00007f1c7920a000)]
  0x00007f1c2c0b9800 JavaThread "process reaper" daemon [_thread_blocked, id=5176, stack(0x00007f1c88089000,0x00007f1c880c2000)]
=>0x00007f1c3c003000 JavaThread "AWT-EventQueue-1" [_thread_in_native, id=5171, stack(0x00007f1c7970b000,0x00007f1c7980c000)]
  0x00007f1c9800a000 JavaThread "DestroyJavaVM" [_thread_blocked, id=5147, stack(0x00007f1ca1cce000,0x00007f1ca1dcf000)]
  0x00007f1c982ac800 JavaThread "AWT-EventQueue-0" [_thread_blocked, id=5169, stack(0x00007f1c79eb4000,0x00007f1c79fb5000)]
  0x00007f1c982a8000 JavaThread "AWT-Shutdown" [_thread_blocked, id=5168, stack(0x00007f1c79fb5000,0x00007f1c7a0b6000)]
  0x00007f1c98294800 JavaThread "thread applet-module1.HelloWorld.class" [_thread_blocked, id=5167, stack(0x00007f1c7a0b6000,0x00007f1c7a1b7000)]
  0x00007f1c98287800 JavaThread "AWT-XAWT" daemon [_thread_blocked, id=5165, stack(0x00007f1c7a1b7000,0x00007f1c7a2b8000)]
  0x00007f1c98261800 JavaThread "Java2D Disposer" daemon [_thread_blocked, id=5164, stack(0x00007f1c880f3000,0x00007f1c881f4000)]
  0x00007f1c980db000 JavaThread "Service Thread" daemon [_thread_blocked, id=5162, stack(0x00007f1c88318000,0x00007f1c88419000)]
  0x00007f1c980bd800 JavaThread "C1 CompilerThread2" daemon [_thread_blocked, id=5161, stack(0x00007f1c88419000,0x00007f1c8851a000)]
  0x00007f1c980bc000 JavaThread "C2 CompilerThread1" daemon [_thread_blocked, id=5160, stack(0x00007f1c8851a000,0x00007f1c8861b000)]
  0x00007f1c980b9000 JavaThread "C2 CompilerThread0" daemon [_thread_in_native, id=5159, stack(0x00007f1c8861b000,0x00007f1c8871c000)]
  0x00007f1c980b7800 JavaThread "Signal Dispatcher" daemon [_thread_blocked, id=5158, stack(0x00007f1c8871c000,0x00007f1c8881d000)]
  0x00007f1c98084000 JavaThread "Finalizer" daemon [_thread_blocked, id=5157, stack(0x00007f1c88eff000,0x00007f1c89000000)]
  0x00007f1c9807f800 JavaThread "Reference Handler" daemon [_thread_blocked, id=5156, stack(0x00007f1c9c008000,0x00007f1c9c109000)]

Other Threads:
  0x00007f1c98078000 VMThread [stack: 0x00007f1c9c109000,0x00007f1c9c20a000] [id=5155]
  0x00007f1c980de000 WatcherThread [stack: 0x00007f1c88217000,0x00007f1c88318000] [id=5163]

VM state:not at safepoint (normal execution)

VM Mutex/Monitor currently owned by a thread: None

Heap:
 PSYoungGen      total 68608K, used 66332K [0x00000000d6e00000, 0x00000000e0a00000, 0x0000000100000000)
  eden space 63488K, 96% used [0x00000000d6e00000,0x00000000da9ca4a0,0x00000000dac00000)
  from space 5120K, 99% used [0x00000000dac00000,0x00000000db0fccc0,0x00000000db100000)
  to   space 16384K, 0% used [0x00000000dfa00000,0x00000000dfa00000,0x00000000e0a00000)
 ParOldGen       total 84992K, used 29243K [0x0000000084a00000, 0x0000000089d00000, 0x00000000d6e00000)
  object space 84992K, 34% used [0x0000000084a00000,0x000000008668ef28,0x0000000089d00000)
 Metaspace       used 19670K, capacity 19877K, committed 20224K, reserved 1067008K
  class space    used 1849K, capacity 1924K, committed 2048K, reserved 1048576K

Card table byte_map: [0x00007f1c9e6ac000,0x00007f1c9ea88000] byte_map_base: 0x00007f1c9e287000

Marking Bits: (ParMarkBitMap*) 0x00007f1ca11a9120
 Begin Bits: [0x00007f1c80250000, 0x00007f1c82128000)
 End Bits:   [0x00007f1c82128000, 0x00007f1c84000000)

Polling page: 0x00007f1ca1df2000

CodeCache: size=245760Kb used=6812Kb max_used=6884Kb free=238947Kb
 bounds [0x00007f1c89000000, 0x00007f1c89700000, 0x00007f1c98000000]
 total_blobs=2914 nmethods=1944 adapters=883
 compilation: enabled

Compilation events (10 events):
Event: 8.808 Thread 0x00007f1c980b9000 nmethod 2218 0x00007f1c8937eb10 code [0x00007f1c8937eca0, 0x00007f1c8937f2a8]
Event: 8.919 Thread 0x00007f1c980bc000 2219       4       de.fhpotsdam.unfolding.mapdisplay.Java2DMapDisplay::draw (331 bytes)
Event: 9.020 Thread 0x00007f1c980b9000 2220   !   4       de.fhpotsdam.unfolding.mapdisplay.Java2DMapDisplay::getVisibleKeys (763 bytes)
Event: 9.166 Thread 0x00007f1c980bd800 2221   !   3       java.awt.KeyboardFocusManager::getGlobalFocusOwner (20 bytes)
Event: 9.167 Thread 0x00007f1c980bc000 nmethod 2219 0x00007f1c893ac750 code [0x00007f1c893ad100, 0x00007f1c893b2fc0]
Event: 9.167 Thread 0x00007f1c980bd800 nmethod 2221 0x00007f1c891adf50 code [0x00007f1c891ae100, 0x00007f1c891ae588]
Event: 9.167 Thread 0x00007f1c980bd800 2222       3       sun.font.XRGlyphCacheEntry::getGlyphID (14 bytes)
Event: 9.167 Thread 0x00007f1c980bd800 nmethod 2222 0x00007f1c891adb50 code [0x00007f1c891adcc0, 0x00007f1c891adec8]
Event: 9.167 Thread 0x00007f1c980bd800 2223       1       sun.java2d.SurfaceData::isValid (5 bytes)
Event: 9.167 Thread 0x00007f1c980bd800 nmethod 2223 0x00007f1c89157310 code [0x00007f1c89157460, 0x00007f1c89157570]

GC Heap History (10 events):
Event: 0.887 GC heap before
{Heap before GC invocations=1 (full 0):
 PSYoungGen      total 36864K, used 31744K [0x00000000d6e00000, 0x00000000d9700000, 0x0000000100000000)
  eden space 31744K, 100% used [0x00000000d6e00000,0x00000000d8d00000,0x00000000d8d00000)
  from space 5120K, 0% used [0x00000000d9200000,0x00000000d9200000,0x00000000d9700000)
  to   space 5120K, 0% used [0x00000000d8d00000,0x00000000d8d00000,0x00000000d9200000)
 ParOldGen       total 84992K, used 0K [0x0000000084a00000, 0x0000000089d00000, 0x00000000d6e00000)
  object space 84992K, 0% used [0x0000000084a00000,0x0000000084a00000,0x0000000089d00000)
 Metaspace       used 16341K, capacity 16579K, committed 16768K, reserved 1064960K
  class space    used 1587K, capacity 1663K, committed 1664K, reserved 1048576K
Event: 0.893 GC heap after
Heap after GC invocations=1 (full 0):
 PSYoungGen      total 36864K, used 4738K [0x00000000d6e00000, 0x00000000d9700000, 0x0000000100000000)
  eden space 31744K, 0% used [0x00000000d6e00000,0x00000000d6e00000,0x00000000d8d00000)
  from space 5120K, 92% used [0x00000000d8d00000,0x00000000d91a0ac0,0x00000000d9200000)
  to   space 5120K, 0% used [0x00000000d9200000,0x00000000d9200000,0x00000000d9700000)
 ParOldGen       total 84992K, used 16K [0x0000000084a00000, 0x0000000089d00000, 0x00000000d6e00000)
  object space 84992K, 0% used [0x0000000084a00000,0x0000000084a04000,0x0000000089d00000)
 Metaspace       used 16341K, capacity 16579K, committed 16768K, reserved 1064960K
  class space    used 1587K, capacity 1663K, committed 1664K, reserved 1048576K
}
Event: 1.516 GC heap before
{Heap before GC invocations=2 (full 0):
 PSYoungGen      total 36864K, used 36482K [0x00000000d6e00000, 0x00000000d9700000, 0x0000000100000000)
  eden space 31744K, 100% used [0x00000000d6e00000,0x00000000d8d00000,0x00000000d8d00000)
  from space 5120K, 92% used [0x00000000d8d00000,0x00000000d91a0ac0,0x00000000d9200000)
  to   space 5120K, 0% used [0x00000000d9200000,0x00000000d9200000,0x00000000d9700000)
 ParOldGen       total 84992K, used 16K [0x0000000084a00000, 0x0000000089d00000, 0x00000000d6e00000)
  object space 84992K, 0% used [0x0000000084a00000,0x0000000084a04000,0x0000000089d00000)
 Metaspace       used 18766K, capacity 18953K, committed 19328K, reserved 1067008K
  class space    used 1841K, capacity 1920K, committed 1920K, reserved 1048576K
Event: 1.526 GC heap after
Heap after GC invocations=2 (full 0):
 PSYoungGen      total 36864K, used 5108K [0x00000000d6e00000, 0x00000000db600000, 0x0000000100000000)
  eden space 31744K, 0% used [0x00000000d6e00000,0x00000000d6e00000,0x00000000d8d00000)
  from space 5120K, 99% used [0x00000000d9200000,0x00000000d96fd3c8,0x00000000d9700000)
  to   space 5120K, 0% used [0x00000000d8d00000,0x00000000d8d00000,0x00000000d9200000)
 ParOldGen       total 84992K, used 8779K [0x0000000084a00000, 0x0000000089d00000, 0x00000000d6e00000)
  object space 84992K, 10% used [0x0000000084a00000,0x0000000085292f40,0x0000000089d00000)
 Metaspace       used 18766K, capacity 18953K, committed 19328K, reserved 1067008K
  class space    used 1841K, capacity 1920K, committed 1920K, reserved 1048576K
}
Event: 1.756 GC heap before
{Heap before GC invocations=3 (full 0):
 PSYoungGen      total 36864K, used 36626K [0x00000000d6e00000, 0x00000000db600000, 0x0000000100000000)
  eden space 31744K, 99% used [0x00000000d6e00000,0x00000000d8cc7678,0x00000000d8d00000)
  from space 5120K, 99% used [0x00000000d9200000,0x00000000d96fd3c8,0x00000000d9700000)
  to   space 5120K, 0% used [0x00000000d8d00000,0x00000000d8d00000,0x00000000d9200000)
 ParOldGen       total 84992K, used 8779K [0x0000000084a00000, 0x0000000089d00000, 0x00000000d6e00000)
  object space 84992K, 10% used [0x0000000084a00000,0x0000000085292f40,0x0000000089d00000)
 Metaspace       used 18883K, capacity 19099K, committed 19456K, reserved 1067008K
  class space    used 1846K, capacity 1923K, committed 2048K, reserved 1048576K
Event: 1.765 GC heap after
Heap after GC invocations=3 (full 0):
 PSYoungGen      total 36864K, used 5101K [0x00000000d6e00000, 0x00000000db600000, 0x0000000100000000)
  eden space 31744K, 0% used [0x00000000d6e00000,0x00000000d6e00000,0x00000000d8d00000)
  from space 5120K, 99% used [0x00000000d8d00000,0x00000000d91fb688,0x00000000d9200000)
  to   space 5120K, 0% used [0x00000000db100000,0x00000000db100000,0x00000000db600000)
 ParOldGen       total 84992K, used 15406K [0x0000000084a00000, 0x0000000089d00000, 0x00000000d6e00000)
  object space 84992K, 18% used [0x0000000084a00000,0x000000008590bae0,0x0000000089d00000)
 Metaspace       used 18883K, capacity 19099K, committed 19456K, reserved 1067008K
  class space    used 1846K, capacity 1923K, committed 2048K, reserved 1048576K
}
Event: 2.001 GC heap before
{Heap before GC invocations=4 (full 0):
 PSYoungGen      total 36864K, used 36810K [0x00000000d6e00000, 0x00000000db600000, 0x0000000100000000)
  eden space 31744K, 99% used [0x00000000d6e00000,0x00000000d8cf7550,0x00000000d8d00000)
  from space 5120K, 99% used [0x00000000d8d00000,0x00000000d91fb688,0x00000000d9200000)
  to   space 5120K, 0% used [0x00000000db100000,0x00000000db100000,0x00000000db600000)
 ParOldGen       total 84992K, used 15406K [0x0000000084a00000, 0x0000000089d00000, 0x00000000d6e00000)
  object space 84992K, 18% used [0x0000000084a00000,0x000000008590bae0,0x0000000089d00000)
 Metaspace       used 19055K, capacity 19297K, committed 19712K, reserved 1067008K
  class space    used 1846K, capacity 1924K, committed 2048K, reserved 1048576K
Event: 2.008 GC heap after
Heap after GC invocations=4 (full 0):
 PSYoungGen      total 68608K, used 5109K [0x00000000d6e00000, 0x00000000db600000, 0x0000000100000000)
  eden space 63488K, 0% used [0x00000000d6e00000,0x00000000d6e00000,0x00000000dac00000)
  from space 5120K, 99% used [0x00000000db100000,0x00000000db5fd4d0,0x00000000db600000)
  to   space 5120K, 0% used [0x00000000dac00000,0x00000000dac00000,0x00000000db100000)
 ParOldGen       total 84992K, used 21225K [0x0000000084a00000, 0x0000000089d00000, 0x00000000d6e00000)
  object space 84992K, 24% used [0x0000000084a00000,0x0000000085eba668,0x0000000089d00000)
 Metaspace       used 19055K, capacity 19297K, committed 19712K, reserved 1067008K
  class space    used 1846K, capacity 1924K, committed 2048K, reserved 1048576K
}
Event: 5.390 GC heap before
{Heap before GC invocations=5 (full 0):
 PSYoungGen      total 68608K, used 68597K [0x00000000d6e00000, 0x00000000db600000, 0x0000000100000000)
  eden space 63488K, 100% used [0x00000000d6e00000,0x00000000dac00000,0x00000000dac00000)
  from space 5120K, 99% used [0x00000000db100000,0x00000000db5fd4d0,0x00000000db600000)
  to   space 5120K, 0% used [0x00000000dac00000,0x00000000dac00000,0x00000000db100000)
 ParOldGen       total 84992K, used 21225K [0x0000000084a00000, 0x0000000089d00000, 0x00000000d6e00000)
  object space 84992K, 24% used [0x0000000084a00000,0x0000000085eba7d8,0x0000000089d00000)
 Metaspace       used 19420K, capacity 19621K, committed 19968K, reserved 1067008K
  class space    used 1847K, capacity 1924K, committed 2048K, reserved 1048576K
Event: 5.397 GC heap after
Heap after GC invocations=5 (full 0):
 PSYoungGen      total 68608K, used 5107K [0x00000000d6e00000, 0x00000000e0a00000, 0x0000000100000000)
  eden space 63488K, 0% used [0x00000000d6e00000,0x00000000d6e00000,0x00000000dac00000)
  from space 5120K, 99% used [0x00000000dac00000,0x00000000db0fccc0,0x00000000db100000)
  to   space 16384K, 0% used [0x00000000dfa00000,0x00000000dfa00000,0x00000000e0a00000)
 ParOldGen       total 84992K, used 29243K [0x0000000084a00000, 0x0000000089d00000, 0x00000000d6e00000)
  object space 84992K, 34% used [0x0000000084a00000,0x000000008668ef28,0x0000000089d00000)
 Metaspace       used 19420K, capacity 19621K, committed 19968K, reserved 1067008K
  class space    used 1847K, capacity 1924K, committed 2048K, reserved 1048576K
}

Deoptimization events (9 events):
Event: 0.165 Thread 0x00007f1c9800a000 Uncommon trap: reason=null_check action=make_not_entrant pc=0x00007f1c89157144 method=java.lang.String.equals(Ljava/lang/Object;)Z @ 8
Event: 0.596 Thread 0x00007f1c3c009000 Uncommon trap: reason=unstable_if action=reinterpret pc=0x00007f1c892045ec method=java.lang.String.indexOf([CII[CIII)I @ 3
Event: 1.203 Thread 0x00007f1c3c003000 Uncommon trap: reason=unstable_if action=reinterpret pc=0x00007f1c893718e4 method=com.jogamp.common.util.IntIntHashMap.get(I)I @ 19
Event: 1.221 Thread 0x00007f1c3c003000 Uncommon trap: reason=unstable_if action=reinterpret pc=0x00007f1c891ca970 method=java.lang.AbstractStringBuilder.append(Ljava/lang/String;)Ljava/lang/AbstractStringBuilder; @ 1
Event: 4.801 Thread 0x00007f1c3c003000 Uncommon trap: reason=unstable_if action=reinterpret pc=0x00007f1c894ee104 method=de.fhpotsdam.unfolding.core.Coordinate.equals(Ljava/lang/Object;)Z @ 38
Event: 5.336 Thread 0x00007f1c3c003000 Uncommon trap: reason=unstable_if action=reinterpret pc=0x00007f1c89663568 method=de.fhpotsdam.unfolding.mapdisplay.AbstractMapDisplay$ZoomComparator.compare(Lde/fhpotsdam/unfolding/core/Coordinate;Lde/fhpotsdam/unfolding/core/Coordinate;)I @ 9
Event: 5.337 Thread 0x00007f1c3c003000 Uncommon trap: reason=unstable_if action=reinterpret pc=0x00007f1c896465f4 method=processing.opengl.PGraphicsOpenGL$Tessellator.setLastTexIndex(II)V @ 15
Event: 5.408 Thread 0x00007f1c3c003000 Uncommon trap: reason=unstable_if action=reinterpret pc=0x00007f1c893fa730 method=java.text.DigitList.getDataChars(I)[C @ 13
Event: 7.390 Thread 0x00007f1c3c003000 Uncommon trap: reason=unstable_if action=reinterpret pc=0x00007f1c89169e00 method=java.util.concurrent.locks.ReentrantLock$Sync.nonfairTryAcquire(I)Z @ 19

Internal exceptions (10 events):
Event: 1.221 Thread 0x00007f1c3c003000 Implicit null exception at 0x00007f1c891ca5f5 to 0x00007f1c891ca95d
Event: 1.269 Thread 0x00007f1c3c003000 Exception <a 'java/lang/reflect/InvocationTargetException'> (0x00000000d7b4ea68) thrown at [/HUDSON3/workspace/8-2-build-linux-amd64/jdk8u101/7261/hotspot/src/share/vm/runtime/reflection.cpp, line 1092]
Event: 1.270 Thread 0x00007f1c3c003000 Exception <a 'java/lang/reflect/InvocationTargetException'> (0x00000000d7b4f0e0) thrown at [/HUDSON3/workspace/8-2-build-linux-amd64/jdk8u101/7261/hotspot/src/share/vm/runtime/reflection.cpp, line 1092]
Event: 1.368 Thread 0x00007f1c3c003000 Exception <a 'java/lang/reflect/InvocationTargetException'> (0x00000000d8082cd8) thrown at [/HUDSON3/workspace/8-2-build-linux-amd64/jdk8u101/7261/hotspot/src/share/vm/runtime/reflection.cpp, line 1092]
Event: 1.368 Thread 0x00007f1c3c003000 Exception <a 'java/lang/reflect/InvocationTargetException'> (0x00000000d80831c0) thrown at [/HUDSON3/workspace/8-2-build-linux-amd64/jdk8u101/7261/hotspot/src/share/vm/runtime/reflection.cpp, line 1092]
Event: 1.377 Thread 0x00007f1c3c003000 Exception <a 'java/lang/reflect/InvocationTargetException'> (0x00000000d829f658) thrown at [/HUDSON3/workspace/8-2-build-linux-amd64/jdk8u101/7261/hotspot/src/share/vm/runtime/reflection.cpp, line 1092]
Event: 1.384 Thread 0x00007f1c3c003000 Exception <a 'java/lang/reflect/InvocationTargetException'> (0x00000000d829fb40) thrown at [/HUDSON3/workspace/8-2-build-linux-amd64/jdk8u101/7261/hotspot/src/share/vm/runtime/reflection.cpp, line 1092]
Event: 1.391 Thread 0x00007f1c3c003000 Exception <a 'java/lang/reflect/InvocationTargetException'> (0x00000000d833ca20) thrown at [/HUDSON3/workspace/8-2-build-linux-amd64/jdk8u101/7261/hotspot/src/share/vm/runtime/reflection.cpp, line 1092]
Event: 1.402 Thread 0x00007f1c3c003000 Exception <a 'java/lang/reflect/InvocationTargetException'> (0x00000000d833cf08) thrown at [/HUDSON3/workspace/8-2-build-linux-amd64/jdk8u101/7261/hotspot/src/share/vm/runtime/reflection.cpp, line 1092]
Event: 1.412 Thread 0x00007f1c3c003000 Exception <a 'java/lang/reflect/InvocationTargetException'> (0x00000000d83dce10) thrown at [/HUDSON3/workspace/8-2-build-linux-amd64/jdk8u101/7261/hotspot/src/share/vm/runtime/reflection.cpp, line 1092]

Events (10 events):
Event: 7.390 Thread 0x00007f1c3c003000 DEOPT UNPACKING pc=0x00007f1c89005229 sp=0x00007f1c79809220 mode 2
Event: 9.164 loading class sun/applet/AppletViewer$3
Event: 9.164 loading class sun/applet/AppletViewer$3 done
Event: 9.164 Thread 0x00007f1c39bec000 Thread added: 0x00007f1c39bec000
Event: 9.164 loading class sun/applet/AppletPanel$4
Event: 9.164 loading class sun/applet/AppletPanel$4 done
Event: 9.165 loading class java/awt/KeyboardFocusManager$2
Event: 9.165 loading class java/awt/KeyboardFocusManager$2 done
Event: 9.165 loading class sun/awt/SunToolkit$1
Event: 9.165 loading class sun/awt/SunToolkit$1 done


Dynamic libraries:
00400000-00401000 r-xp 00000000 08:07 2243299                            /usr/lib/jvm/java-8-oracle/bin/java
00600000-00601000 rw-p 00000000 08:07 2243299                            /usr/lib/jvm/java-8-oracle/bin/java
00b1d000-00b3e000 rw-p 00000000 00:00 0                                  [heap]
84a00000-89d00000 rw-p 00000000 00:00 0 
89d00000-d6e00000 ---p 00000000 00:00 0 
d6e00000-e0a00000 rw-p 00000000 00:00 0 
e0a00000-100000000 ---p 00000000 00:00 0 
100000000-100200000 rw-p 00000000 00:00 0 
100200000-140000000 ---p 00000000 00:00 0 
7f1bfc000000-7f1bfc021000 rw-p 00000000 00:00 0 
7f1bfc021000-7f1c00000000 ---p 00000000 00:00 0 
7f1c02a20000-7f1c02a90000 rw-s 00000000 00:05 79378                      /drm mm object (deleted)
7f1c02a90000-7f1c02b00000 rw-s 00000000 00:05 79377                      /drm mm object (deleted)
7f1c02b00000-7f1c02b70000 rw-s 00000000 00:05 79376                      /drm mm object (deleted)
7f1c02b70000-7f1c02be0000 rw-s 00000000 00:05 78263                      /drm mm object (deleted)
7f1c02be0000-7f1c02c50000 rw-s 00000000 00:05 78262                      /drm mm object (deleted)
7f1c02c50000-7f1c02cc0000 rw-s 00000000 00:05 78261                      /drm mm object (deleted)
7f1c02cc0000-7f1c02d30000 rw-s 00000000 00:05 78260                      /drm mm object (deleted)
7f1c02d30000-7f1c02da0000 rw-s 00000000 00:05 80908                      /drm mm object (deleted)
7f1c02da0000-7f1c02e10000 rw-s 00000000 00:05 80907                      /drm mm object (deleted)
7f1c02e10000-7f1c02e80000 rw-s 00000000 00:05 80906                      /drm mm object (deleted)
7f1c02e80000-7f1c02ef0000 rw-s 00000000 00:05 80905                      /drm mm object (deleted)
7f1c02ef0000-7f1c02f60000 rw-s 00000000 00:05 79893                      /drm mm object (deleted)
7f1c02f60000-7f1c02fd0000 rw-s 00000000 00:05 78259                      /drm mm object (deleted)
7f1c02fd0000-7f1c03040000 rw-s 00000000 00:05 78258                      /drm mm object (deleted)
7f1c03040000-7f1c030b0000 rw-s 00000000 00:05 78257                      /drm mm object (deleted)
7f1c030b0000-7f1c03120000 rw-s 00000000 00:05 78256                      /drm mm object (deleted)
7f1c03120000-7f1c03190000 rw-s 00000000 00:05 78255                      /drm mm object (deleted)
7f1c03190000-7f1c03200000 rw-s 00000000 00:05 78254                      /drm mm object (deleted)
7f1c03200000-7f1c03270000 rw-s 00000000 00:05 78253                      /drm mm object (deleted)
7f1c03270000-7f1c032e0000 rw-s 00000000 00:05 78252                      /drm mm object (deleted)
7f1c032e0000-7f1c03350000 rw-s 00000000 00:05 78251                      /drm mm object (deleted)
7f1c03350000-7f1c033c0000 rw-s 00000000 00:05 78250                      /drm mm object (deleted)
7f1c033c0000-7f1c03430000 rw-s 00000000 00:05 78249                      /drm mm object (deleted)
7f1c03430000-7f1c034a0000 rw-s 00000000 00:05 79892                      /drm mm object (deleted)
7f1c034a0000-7f1c03510000 rw-s 00000000 00:05 79891                      /drm mm object (deleted)
7f1c03510000-7f1c03580000 rw-s 00000000 00:05 79890                      /drm mm object (deleted)
7f1c03580000-7f1c035f0000 rw-s 00000000 00:05 79889                      /drm mm object (deleted)
7f1c035f0000-7f1c03660000 rw-s 00000000 00:05 79886                      /drm mm object (deleted)
7f1c03660000-7f1c036d0000 rw-s 00000000 00:05 79885                      /drm mm object (deleted)
7f1c036d0000-7f1c03740000 rw-s 00000000 00:05 80902                      /drm mm object (deleted)
7f1c03740000-7f1c037b0000 rw-s 00000000 00:05 80901                      /drm mm object (deleted)
7f1c037b0000-7f1c03820000 rw-s 00000000 00:05 80900                      /drm mm object (deleted)
7f1c03820000-7f1c03890000 rw-s 00000000 00:05 79369                      /drm mm object (deleted)
7f1c03890000-7f1c03900000 rw-s 00000000 00:05 79368                      /drm mm object (deleted)
7f1c03900000-7f1c03970000 rw-s 00000000 00:05 79367                      /drm mm object (deleted)
7f1c03970000-7f1c039e0000 rw-s 00000000 00:05 78245                      /drm mm object (deleted)
7f1c039e0000-7f1c03a50000 rw-s 00000000 00:05 78244                      /drm mm object (deleted)
7f1c03a50000-7f1c03ac0000 rw-s 00000000 00:05 78243                      /drm mm object (deleted)
7f1c03ac0000-7f1c03b30000 rw-s 00000000 00:05 78242                      /drm mm object (deleted)
7f1c03b30000-7f1c03ba0000 rw-s 00000000 00:05 80899                      /drm mm object (deleted)
7f1c03ba0000-7f1c03c10000 rw-s 00000000 00:05 79878                      /drm mm object (deleted)
7f1c03c10000-7f1c03c80000 rw-s 00000000 00:05 79877                      /drm mm object (deleted)
7f1c03c80000-7f1c03cf0000 rw-s 00000000 00:05 79876                      /drm mm object (deleted)
7f1c03cf0000-7f1c03d60000 rw-s 00000000 00:05 80898                      /drm mm object (deleted)
7f1c03d60000-7f1c03dd0000 rw-s 00000000 00:05 80897                      /drm mm object (deleted)
7f1c03dd0000-7f1c03e40000 rw-s 00000000 00:05 79875                      /drm mm object (deleted)
7f1c03e40000-7f1c03eb0000 rw-s 00000000 00:05 79874                      /drm mm object (deleted)
7f1c03eb0000-7f1c03f20000 rw-s 00000000 00:05 78228                      /drm mm object (deleted)
7f1c03f20000-7f1c03f90000 rw-s 00000000 00:05 78227                      /drm mm object (deleted)
7f1c03f90000-7f1c04000000 rw-s 00000000 00:05 78226                      /drm mm object (deleted)
7f1c04000000-7f1c04021000 rw-p 00000000 00:00 0 
7f1c04021000-7f1c08000000 ---p 00000000 00:00 0 
7f1c08000000-7f1c08021000 rw-p 00000000 00:00 0 
7f1c08021000-7f1c0c000000 ---p 00000000 00:00 0 
7f1c0c000000-7f1c0c021000 rw-p 00000000 00:00 0 
7f1c0c021000-7f1c10000000 ---p 00000000 00:00 0 
7f1c10000000-7f1c10021000 rw-p 00000000 00:00 0 
7f1c10021000-7f1c14000000 ---p 00000000 00:00 0 
7f1c14000000-7f1c14021000 rw-p 00000000 00:00 0 
7f1c14021000-7f1c18000000 ---p 00000000 00:00 0 
7f1c18000000-7f1c18021000 rw-p 00000000 00:00 0 
7f1c18021000-7f1c1c000000 ---p 00000000 00:00 0 
7f1c1c000000-7f1c1c022000 rw-p 00000000 00:00 0 
7f1c1c022000-7f1c20000000 ---p 00000000 00:00 0 
7f1c20036000-7f1c200a6000 rw-s 00000000 00:05 78225                      /drm mm object (deleted)
7f1c200a6000-7f1c20116000 rw-s 00000000 00:05 78224                      /drm mm object (deleted)
7f1c20116000-7f1c20186000 rw-s 00000000 00:05 79343                      /drm mm object (deleted)
7f1c20186000-7f1c201f6000 rw-s 00000000 00:05 76775                      /drm mm object (deleted)
7f1c201f6000-7f1c20266000 rw-s 00000000 00:05 76774                      /drm mm object (deleted)
7f1c20266000-7f1c202d6000 rw-s 00000000 00:05 76773                      /drm mm object (deleted)
7f1c202d6000-7f1c20346000 rw-s 00000000 00:05 77797                      /drm mm object (deleted)
7f1c20346000-7f1c203b6000 rw-s 00000000 00:05 77796                      /drm mm object (deleted)
7f1c203b6000-7f1c20426000 rw-s 00000000 00:05 77795                      /drm mm object (deleted)
7f1c20426000-7f1c20496000 rw-s 00000000 00:05 76772                      /drm mm object (deleted)
7f1c20496000-7f1c20506000 rw-s 00000000 00:05 76771                      /drm mm object (deleted)
7f1c20506000-7f1c20576000 rw-s 00000000 00:05 76770                      /drm mm object (deleted)
7f1c20576000-7f1c205e6000 rw-s 00000000 00:05 76769                      /drm mm object (deleted)
7f1c205e6000-7f1c20656000 rw-s 00000000 00:05 76768                      /drm mm object (deleted)
7f1c20656000-7f1c206c6000 rw-s 00000000 00:05 79342                      /drm mm object (deleted)
7f1c206c6000-7f1c20736000 rw-s 00000000 00:05 79341                      /drm mm object (deleted)
7f1c20736000-7f1c207a6000 rw-s 00000000 00:05 79340                      /drm mm object (deleted)
7f1c207a6000-7f1c20816000 rw-s 00000000 00:05 79339                      /drm mm object (deleted)
7f1c20816000-7f1c20886000 rw-s 00000000 00:05 78222                      /drm mm object (deleted)
7f1c20886000-7f1c208f6000 rw-s 00000000 00:05 78221                      /drm mm object (deleted)
7f1c208f6000-7f1c20966000 rw-s 00000000 00:05 78220                      /drm mm object (deleted)
7f1c20966000-7f1c209d6000 rw-s 00000000 00:05 78219                      /drm mm object (deleted)
7f1c209d6000-7f1c20a46000 rw-s 00000000 00:05 78218                      /drm mm object (deleted)
7f1c20a46000-7f1c20ab6000 rw-s 00000000 00:05 79338                      /drm mm object (deleted)
7f1c20ab6000-7f1c20b26000 rw-s 00000000 00:05 78215                      /drm mm object (deleted)
7f1c20b26000-7f1c20b96000 rw-s 00000000 00:05 78214                      /drm mm object (deleted)
7f1c20b96000-7f1c20c06000 rw-s 00000000 00:05 78213                      /drm mm object (deleted)
7f1c20c06000-7f1c20c76000 rw-s 00000000 00:05 78212                      /drm mm object (deleted)
7f1c20c76000-7f1c20ce6000 rw-s 00000000 00:05 76767                      /drm mm object (deleted)
7f1c20ce6000-7f1c20d56000 rw-s 00000000 00:05 79337                      /drm mm object (deleted)
7f1c20d56000-7f1c20dc6000 rw-s 00000000 00:05 77794                      /drm mm object (deleted)
7f1c20dc6000-7f1c20e36000 rw-s 00000000 00:05 79335                      /drm mm object (deleted)
7f1c20e36000-7f1c20ea6000 rw-s 00000000 00:05 79334                      /drm mm object (deleted)
7f1c20ea6000-7f1c20f16000 rw-s 00000000 00:05 79333                      /drm mm object (deleted)
7f1c20f16000-7f1c20f86000 rw-s 00000000 00:05 76766                      /drm mm object (deleted)
7f1c20f86000-7f1c20ff6000 rw-s 00000000 00:05 76749                      /drm mm object (deleted)
7f1c20ff6000-7f1c21066000 rw-s 00000000 00:05 76741                      /drm mm object (deleted)
7f1c21066000-7f1c210d6000 rw-s 00000000 00:05 76736                      /drm mm object (deleted)
7f1c210d6000-7f1c21146000 rw-s 00000000 00:05 76734                      /drm mm object (deleted)
7f1c21146000-7f1c211b6000 rw-s 00000000 00:05 77793                      /drm mm object (deleted)
7f1c211b6000-7f1c211b9000 ---p 00000000 00:00 0 
7f1c211b9000-7f1c212b7000 rw-p 00000000 00:00 0 
7f1c212b7000-7f1c21327000 rw-s 00000000 00:05 76733                      /drm mm object (deleted)
7f1c21327000-7f1c2132a000 ---p 00000000 00:00 0 
7f1c2132a000-7f1c21428000 rw-p 00000000 00:00 0 
7f1c21428000-7f1c2142b000 ---p 00000000 00:00 0 
7f1c2142b000-7f1c21529000 rw-p 00000000 00:00 0 
7f1c21529000-7f1c21564000 r-xp 00000000 08:07 2243066                    /usr/lib/jvm/java-8-oracle/jre/lib/amd64/libjpeg.so
7f1c21564000-7f1c21763000 ---p 0003b000 08:07 2243066                    /usr/lib/jvm/java-8-oracle/jre/lib/amd64/libjpeg.so
7f1c21763000-7f1c21764000 rw-p 0003a000 08:07 2243066                    /usr/lib/jvm/java-8-oracle/jre/lib/amd64/libjpeg.so
7f1c21764000-7f1c21767000 ---p 00000000 00:00 0 
7f1c21767000-7f1c21865000 rw-p 00000000 00:00 0 
7f1c21865000-7f1c21868000 ---p 00000000 00:00 0 
7f1c21868000-7f1c21966000 rw-p 00000000 00:00 0 
7f1c21966000-7f1c21a26000 rw-s 00000000 00:05 79288                      /drm mm object (deleted)
7f1c21a26000-7f1c21a29000 ---p 00000000 00:00 0 
7f1c21a29000-7f1c21b27000 rw-p 00000000 00:00 0 
7f1c21b27000-7f1c21b2a000 ---p 00000000 00:00 0 
7f1c21b2a000-7f1c21c28000 rw-p 00000000 00:00 0 
7f1c21c28000-7f1c21c2b000 ---p 00000000 00:00 0 
7f1c21c2b000-7f1c21d29000 rw-p 00000000 00:00 0 
7f1c21d29000-7f1c21d2c000 ---p 00000000 00:00 0 
7f1c21d2c000-7f1c21e2a000 rw-p 00000000 00:00 0 
7f1c21e2a000-7f1c21eea000 rw-s 00000000 00:05 79276                      /drm mm object (deleted)
7f1c21eea000-7f1c21faa000 rw-s 00000000 00:05 79248                      /drm mm object (deleted)
7f1c21faa000-7f1c21fc1000 r-xp 00000000 08:07 536396                     /lib/x86_64-linux-gnu/libresolv-2.19.so
7f1c21fc1000-7f1c221c1000 ---p 00017000 08:07 536396                     /lib/x86_64-linux-gnu/libresolv-2.19.so
7f1c221c1000-7f1c221c2000 r--p 00017000 08:07 536396                     /lib/x86_64-linux-gnu/libresolv-2.19.so
7f1c221c2000-7f1c221c3000 rw-p 00018000 08:07 536396                     /lib/x86_64-linux-gnu/libresolv-2.19.so
7f1c221c3000-7f1c221c5000 rw-p 00000000 00:00 0 
7f1c221c5000-7f1c221ca000 r-xp 00000000 08:07 536440                     /lib/x86_64-linux-gnu/libnss_dns-2.19.so
7f1c221ca000-7f1c223c9000 ---p 00005000 08:07 536440                     /lib/x86_64-linux-gnu/libnss_dns-2.19.so
7f1c223c9000-7f1c223ca000 r--p 00004000 08:07 536440                     /lib/x86_64-linux-gnu/libnss_dns-2.19.so
7f1c223ca000-7f1c223cb000 rw-p 00005000 08:07 536440                     /lib/x86_64-linux-gnu/libnss_dns-2.19.so
7f1c223cb000-7f1c223cd000 r-xp 00000000 08:07 527807                     /lib/x86_64-linux-gnu/libnss_mdns4_minimal.so.2
7f1c223cd000-7f1c225cc000 ---p 00002000 08:07 527807                     /lib/x86_64-linux-gnu/libnss_mdns4_minimal.so.2
7f1c225cc000-7f1c225cd000 r--p 00001000 08:07 527807                     /lib/x86_64-linux-gnu/libnss_mdns4_minimal.so.2
7f1c225cd000-7f1c225ce000 rw-p 00002000 08:07 527807                     /lib/x86_64-linux-gnu/libnss_mdns4_minimal.so.2
7f1c225ce000-7f1c225d1000 ---p 00000000 00:00 0 
7f1c225d1000-7f1c226cf000 rw-p 00000000 00:00 0 
7f1c226cf000-7f1c226d2000 ---p 00000000 00:00 0 
7f1c226d2000-7f1c227d0000 rw-p 00000000 00:00 0 
7f1c227d0000-7f1c227d3000 ---p 00000000 00:00 0 
7f1c227d3000-7f1c228d1000 rw-p 00000000 00:00 0 
7f1c228d1000-7f1c228d4000 ---p 00000000 00:00 0 
7f1c228d4000-7f1c22b92000 rw-p 00000000 00:00 0 
7f1c22b92000-7f1c22bd2000 ---p 00000000 00:00 0 
7f1c22bd2000-7f1c22c92000 rw-s 00000000 00:05 76714                      /drm mm object (deleted)
7f1c22c92000-7f1c22d32000 rw-s 1f6d30000 00:06 10983                     /dev/dri/card0
7f1c22d32000-7f1c22f32000 rw-s 00000000 00:05 76690                      /drm mm object (deleted)
7f1c22f32000-7f1c23132000 rw-s 00000000 00:05 76689                      /drm mm object (deleted)
7f1c23132000-7f1c23176000 r-xp 00000000 08:07 527740                     /lib/x86_64-linux-gnu/libdbus-1.so.3.7.6
7f1c23176000-7f1c23375000 ---p 00044000 08:07 527740                     /lib/x86_64-linux-gnu/libdbus-1.so.3.7.6
7f1c23375000-7f1c23376000 r--p 00043000 08:07 527740                     /lib/x86_64-linux-gnu/libdbus-1.so.3.7.6
7f1c23376000-7f1c23377000 rw-p 00044000 08:07 527740                     /lib/x86_64-linux-gnu/libdbus-1.so.3.7.6
7f1c23377000-7f1c2337f000 r-xp 00000000 08:07 527788                     /lib/x86_64-linux-gnu/libnih-dbus.so.1.0.0
7f1c2337f000-7f1c2357f000 ---p 00008000 08:07 527788                     /lib/x86_64-linux-gnu/libnih-dbus.so.1.0.0
7f1c2357f000-7f1c23580000 r--p 00008000 08:07 527788                     /lib/x86_64-linux-gnu/libnih-dbus.so.1.0.0
7f1c23580000-7f1c23581000 rw-p 00009000 08:07 527788                     /lib/x86_64-linux-gnu/libnih-dbus.so.1.0.0
7f1c23581000-7f1c23598000 r-xp 00000000 08:07 527790                     /lib/x86_64-linux-gnu/libnih.so.1.0.0
7f1c23598000-7f1c23797000 ---p 00017000 08:07 527790                     /lib/x86_64-linux-gnu/libnih.so.1.0.0
7f1c23797000-7f1c23798000 r--p 00016000 08:07 527790                     /lib/x86_64-linux-gnu/libnih.so.1.0.0
7f1c23798000-7f1c23799000 rw-p 00017000 08:07 527790                     /lib/x86_64-linux-gnu/libnih.so.1.0.0
7f1c23799000-7f1c237b2000 r-xp 00000000 08:07 527840                     /lib/x86_64-linux-gnu/libcgmanager.so.0.0.0
7f1c237b2000-7f1c239b1000 ---p 00019000 08:07 527840                     /lib/x86_64-linux-gnu/libcgmanager.so.0.0.0
7f1c239b1000-7f1c239b3000 r--p 00018000 08:07 527840                     /lib/x86_64-linux-gnu/libcgmanager.so.0.0.0
7f1c239b3000-7f1c239b4000 rw-p 0001a000 08:07 527840                     /lib/x86_64-linux-gnu/libcgmanager.so.0.0.0
7f1c239b4000-7f1c239c4000 r-xp 00000000 08:07 527777                     /lib/x86_64-linux-gnu/libudev.so.1.3.5
7f1c239c4000-7f1c23bc3000 ---p 00010000 08:07 527777                     /lib/x86_64-linux-gnu/libudev.so.1.3.5
7f1c23bc3000-7f1c23bc4000 r--p 0000f000 08:07 527777                     /lib/x86_64-linux-gnu/libudev.so.1.3.5
7f1c23bc4000-7f1c23bc5000 rw-p 00010000 08:07 527777                     /lib/x86_64-linux-gnu/libudev.so.1.3.5
7f1c23bc5000-7f1c23bc7000 r-xp 00000000 08:07 2233449                    /usr/lib/x86_64-linux-gnu/libXinerama.so.1.0.0
7f1c23bc7000-7f1c23dc6000 ---p 00002000 08:07 2233449                    /usr/lib/x86_64-linux-gnu/libXinerama.so.1.0.0
7f1c23dc6000-7f1c23dc7000 r--p 00001000 08:07 2233449                    /usr/lib/x86_64-linux-gnu/libXinerama.so.1.0.0
7f1c23dc7000-7f1c23dc8000 rw-p 00002000 08:07 2233449                    /usr/lib/x86_64-linux-gnu/libXinerama.so.1.0.0
7f1c23dc8000-7f1c23dff000 r-xp 00000000 08:07 2234372                    /usr/lib/x86_64-linux-gnu/libtxc_dxtn_s2tc.so.0.0.0
7f1c23dff000-7f1c23ffe000 ---p 00037000 08:07 2234372                    /usr/lib/x86_64-linux-gnu/libtxc_dxtn_s2tc.so.0.0.0
7f1c23ffe000-7f1c23fff000 r--p 00036000 08:07 2234372                    /usr/lib/x86_64-linux-gnu/libtxc_dxtn_s2tc.so.0.0.0
7f1c23fff000-7f1c24000000 rw-p 00037000 08:07 2234372                    /usr/lib/x86_64-linux-gnu/libtxc_dxtn_s2tc.so.0.0.0
7f1c24000000-7f1c26e04000 rw-p 00000000 00:00 0 
7f1c26e04000-7f1c28000000 ---p 00000000 00:00 0 
7f1c2802b000-7f1c2809b000 rw-s 00000000 00:05 76732                      /drm mm object (deleted)
7f1c2809b000-7f1c2813b000 rw-s 1f6c90000 00:06 10983                     /dev/dri/card0
7f1c2813b000-7f1c28153000 r-xp 00000000 08:07 527889                     /lib/x86_64-linux-gnu/libz.so.1.2.8
7f1c28153000-7f1c28352000 ---p 00018000 08:07 527889                     /lib/x86_64-linux-gnu/libz.so.1.2.8
7f1c28352000-7f1c28353000 r--p 00017000 08:07 527889                     /lib/x86_64-linux-gnu/libz.so.1.2.8
7f1c28353000-7f1c28354000 rw-p 00018000 08:07 527889                     /lib/x86_64-linux-gnu/libz.so.1.2.8
7f1c28354000-7f1c2835c000 r-xp 00000000 08:07 2234177                    /usr/lib/x86_64-linux-gnu/libpciaccess.so.0.11.1
7f1c2835c000-7f1c2855b000 ---p 00008000 08:07 2234177                    /usr/lib/x86_64-linux-gnu/libpciaccess.so.0.11.1
7f1c2855b000-7f1c2855c000 r--p 00007000 08:07 2234177                    /usr/lib/x86_64-linux-gnu/libpciaccess.so.0.11.1
7f1c2855c000-7f1c2855d000 rw-p 00008000 08:07 2234177                    /usr/lib/x86_64-linux-gnu/libpciaccess.so.0.11.1
7f1c2855d000-7f1c28643000 r-xp 00000000 08:07 2237172                    /usr/lib/x86_64-linux-gnu/libstdc++.so.6.0.19
7f1c28643000-7f1c28842000 ---p 000e6000 08:07 2237172                    /usr/lib/x86_64-linux-gnu/libstdc++.so.6.0.19
7f1c28842000-7f1c2884a000 r--p 000e5000 08:07 2237172                    /usr/lib/x86_64-linux-gnu/libstdc++.so.6.0.19
7f1c2884a000-7f1c2884c000 rw-p 000ed000 08:07 2237172                    /usr/lib/x86_64-linux-gnu/libstdc++.so.6.0.19
7f1c2884c000-7f1c28861000 rw-p 00000000 00:00 0 
7f1c28861000-7f1c2886c000 r-xp 00000000 08:07 2228223                    /usr/lib/x86_64-linux-gnu/libdrm_radeon.so.1.0.1
7f1c2886c000-7f1c28a6b000 ---p 0000b000 08:07 2228223                    /usr/lib/x86_64-linux-gnu/libdrm_radeon.so.1.0.1
7f1c28a6b000-7f1c28a6c000 r--p 0000a000 08:07 2228223                    /usr/lib/x86_64-linux-gnu/libdrm_radeon.so.1.0.1
7f1c28a6c000-7f1c28a6d000 rw-p 0000b000 08:07 2228223                    /usr/lib/x86_64-linux-gnu/libdrm_radeon.so.1.0.1
7f1c28a6d000-7f1c28a73000 r-xp 00000000 08:07 2228221                    /usr/lib/x86_64-linux-gnu/libdrm_nouveau.so.2.0.0
7f1c28a73000-7f1c28c72000 ---p 00006000 08:07 2228221                    /usr/lib/x86_64-linux-gnu/libdrm_nouveau.so.2.0.0
7f1c28c72000-7f1c28c73000 r--p 00005000 08:07 2228221                    /usr/lib/x86_64-linux-gnu/libdrm_nouveau.so.2.0.0
7f1c28c73000-7f1c28c74000 rw-p 00006000 08:07 2228221                    /usr/lib/x86_64-linux-gnu/libdrm_nouveau.so.2.0.0
7f1c28c74000-7f1c28c93000 r-xp 00000000 08:07 2225001                    /usr/lib/x86_64-linux-gnu/libdrm_intel.so.1.0.0
7f1c28c93000-7f1c28e92000 ---p 0001f000 08:07 2225001                    /usr/lib/x86_64-linux-gnu/libdrm_intel.so.1.0.0
7f1c28e92000-7f1c28e93000 r--p 0001e000 08:07 2225001                    /usr/lib/x86_64-linux-gnu/libdrm_intel.so.1.0.0
7f1c28e93000-7f1c28e94000 rw-p 0001f000 08:07 2225001                    /usr/lib/x86_64-linux-gnu/libdrm_intel.so.1.0.0
7f1c28e94000-7f1c293e8000 r-xp 00000000 08:07 2486115                    /usr/lib/x86_64-linux-gnu/dri/i965_dri.so
7f1c293e8000-7f1c295e8000 ---p 00554000 08:07 2486115                    /usr/lib/x86_64-linux-gnu/dri/i965_dri.so
7f1c295e8000-7f1c29609000 r--p 00554000 08:07 2486115                    /usr/lib/x86_64-linux-gnu/dri/i965_dri.so
7f1c29609000-7f1c29610000 rw-p 00575000 08:07 2486115                    /usr/lib/x86_64-linux-gnu/dri/i965_dri.so
7f1c29610000-7f1c29617000 rw-p 00000000 00:00 0 
7f1c29617000-7f1c2961d000 r-xp 00000000 08:07 2486163                    /usr/lib/x86_64-linux-gnu/mesa-egl/libGLESv2.so.2.0.0
7f1c2961d000-7f1c2981c000 ---p 00006000 08:07 2486163                    /usr/lib/x86_64-linux-gnu/mesa-egl/libGLESv2.so.2.0.0
7f1c2981c000-7f1c2981d000 r--p 00005000 08:07 2486163                    /usr/lib/x86_64-linux-gnu/mesa-egl/libGLESv2.so.2.0.0
7f1c2981d000-7f1c2981e000 rw-p 00006000 08:07 2486163                    /usr/lib/x86_64-linux-gnu/mesa-egl/libGLESv2.so.2.0.0
7f1c2981e000-7f1c29863000 r-xp 00000000 08:07 1447848                    /tmp/jogamp_0000/file_cache/jln8950069013857716534/jln7242436906610069982/libjogl_mobile.so
7f1c29863000-7f1c29a63000 ---p 00045000 08:07 1447848                    /tmp/jogamp_0000/file_cache/jln8950069013857716534/jln7242436906610069982/libjogl_mobile.so
7f1c29a63000-7f1c29a64000 rw-p 00045000 08:07 1447848                    /tmp/jogamp_0000/file_cache/jln8950069013857716534/jln7242436906610069982/libjogl_mobile.so
7f1c29a64000-7f1c29a6b000 r-xp 00000000 08:07 2224412                    /usr/lib/x86_64-linux-gnu/libffi.so.6.0.1
7f1c29a6b000-7f1c29c6a000 ---p 00007000 08:07 2224412                    /usr/lib/x86_64-linux-gnu/libffi.so.6.0.1
7f1c29c6a000-7f1c29c6b000 r--p 00006000 08:07 2224412                    /usr/lib/x86_64-linux-gnu/libffi.so.6.0.1
7f1c29c6b000-7f1c29c6c000 rw-p 00007000 08:07 2224412                    /usr/lib/x86_64-linux-gnu/libffi.so.6.0.1
7f1c29c6c000-7f1c29c78000 r-xp 00000000 08:07 2224797                    /usr/lib/x86_64-linux-gnu/libgbm.so.1.0.0
7f1c29c78000-7f1c29e78000 ---p 0000c000 08:07 2224797                    /usr/lib/x86_64-linux-gnu/libgbm.so.1.0.0
7f1c29e78000-7f1c29e79000 r--p 0000c000 08:07 2224797                    /usr/lib/x86_64-linux-gnu/libgbm.so.1.0.0
7f1c29e79000-7f1c29e7a000 rw-p 0000d000 08:07 2224797                    /usr/lib/x86_64-linux-gnu/libgbm.so.1.0.0
7f1c29e7a000-7f1c29e89000 r-xp 00000000 08:07 2234438                    /usr/lib/x86_64-linux-gnu/libwayland-server.so.0.1.0
7f1c29e89000-7f1c2a088000 ---p 0000f000 08:07 2234438                    /usr/lib/x86_64-linux-gnu/libwayland-server.so.0.1.0
7f1c2a088000-7f1c2a08a000 r--p 0000e000 08:07 2234438                    /usr/lib/x86_64-linux-gnu/libwayland-server.so.0.1.0
7f1c2a08a000-7f1c2a08b000 rw-p 00010000 08:07 2234438                    /usr/lib/x86_64-linux-gnu/libwayland-server.so.0.1.0
7f1c2a08b000-7f1c2a096000 r-xp 00000000 08:07 2234432                    /usr/lib/x86_64-linux-gnu/libwayland-client.so.0.2.0
7f1c2a096000-7f1c2a295000 ---p 0000b000 08:07 2234432                    /usr/lib/x86_64-linux-gnu/libwayland-client.so.0.2.0
7f1c2a295000-7f1c2a297000 r--p 0000a000 08:07 2234432                    /usr/lib/x86_64-linux-gnu/libwayland-client.so.0.2.0
7f1c2a297000-7f1c2a298000 rw-p 0000c000 08:07 2234432                    /usr/lib/x86_64-linux-gnu/libwayland-client.so.0.2.0
7f1c2a298000-7f1c2a29d000 r-xp 00000000 08:07 2234488                    /usr/lib/x86_64-linux-gnu/libxcb-xfixes.so.0.0.0
7f1c2a29d000-7f1c2a49d000 ---p 00005000 08:07 2234488                    /usr/lib/x86_64-linux-gnu/libxcb-xfixes.so.0.0.0
7f1c2a49d000-7f1c2a49e000 r--p 00005000 08:07 2234488                    /usr/lib/x86_64-linux-gnu/libxcb-xfixes.so.0.0.0
7f1c2a49e000-7f1c2a49f000 rw-p 00006000 08:07 2234488                    /usr/lib/x86_64-linux-gnu/libxcb-xfixes.so.0.0.0
7f1c2a49f000-7f1c2a4c7000 r-xp 00000000 08:07 2486109                    /usr/lib/x86_64-linux-gnu/mesa-egl/libEGL.so.1.0.0
7f1c2a4c7000-7f1c2a6c7000 ---p 00028000 08:07 2486109                    /usr/lib/x86_64-linux-gnu/mesa-egl/libEGL.so.1.0.0
7f1c2a6c7000-7f1c2a6c8000 r--p 00028000 08:07 2486109                    /usr/lib/x86_64-linux-gnu/mesa-egl/libEGL.so.1.0.0
7f1c2a6c8000-7f1c2a6c9000 rw-p 00029000 08:07 2486109                    /usr/lib/x86_64-linux-gnu/mesa-egl/libEGL.so.1.0.0
7f1c2a6c9000-7f1c2a6ca000 rw-p 00000000 00:00 0 
7f1c2a6ca000-7f1c2a76f000 r-xp 00000000 08:07 1447847                    /tmp/jogamp_0000/file_cache/jln8950069013857716534/jln7242436906610069982/libjogl_desktop.so
7f1c2a76f000-7f1c2a96f000 ---p 000a5000 08:07 1447847                    /tmp/jogamp_0000/file_cache/jln8950069013857716534/jln7242436906610069982/libjogl_desktop.so
7f1c2a96f000-7f1c2a970000 rw-p 000a5000 08:07 1447847                    /tmp/jogamp_0000/file_cache/jln8950069013857716534/jln7242436906610069982/libjogl_desktop.so
7f1c2a970000-7f1c2a97c000 r-xp 00000000 08:07 2228149                    /usr/lib/x86_64-linux-gnu/libdrm.so.2.4.0
7f1c2a97c000-7f1c2ab7b000 ---p 0000c000 08:07 2228149                    /usr/lib/x86_64-linux-gnu/libdrm.so.2.4.0
7f1c2ab7b000-7f1c2ab7c000 r--p 0000b000 08:07 2228149                    /usr/lib/x86_64-linux-gnu/libdrm.so.2.4.0
7f1c2ab7c000-7f1c2ab7d000 rw-p 0000c000 08:07 2228149                    /usr/lib/x86_64-linux-gnu/libdrm.so.2.4.0
7f1c2ab7d000-7f1c2ab7e000 r-xp 00000000 08:07 2234502                    /usr/lib/x86_64-linux-gnu/libxshmfence.so.1.0.0
7f1c2ab7e000-7f1c2ad7d000 ---p 00001000 08:07 2234502                    /usr/lib/x86_64-linux-gnu/libxshmfence.so.1.0.0
7f1c2ad7d000-7f1c2ad7e000 r--p 00000000 08:07 2234502                    /usr/lib/x86_64-linux-gnu/libxshmfence.so.1.0.0
7f1c2ad7e000-7f1c2ad7f000 rw-p 00001000 08:07 2234502                    /usr/lib/x86_64-linux-gnu/libxshmfence.so.1.0.0
7f1c2ad7f000-7f1c2ad84000 r-xp 00000000 08:07 2234484                    /usr/lib/x86_64-linux-gnu/libxcb-sync.so.1.0.0
7f1c2ad84000-7f1c2af83000 ---p 00005000 08:07 2234484                    /usr/lib/x86_64-linux-gnu/libxcb-sync.so.1.0.0
7f1c2af83000-7f1c2af84000 r--p 00004000 08:07 2234484                    /usr/lib/x86_64-linux-gnu/libxcb-sync.so.1.0.0
7f1c2af84000-7f1c2af85000 rw-p 00005000 08:07 2234484                    /usr/lib/x86_64-linux-gnu/libxcb-sync.so.1.0.0
7f1c2af85000-7f1c2af87000 r-xp 00000000 08:07 2234472                    /usr/lib/x86_64-linux-gnu/libxcb-present.so.0.0.0
7f1c2af87000-7f1c2b186000 ---p 00002000 08:07 2234472                    /usr/lib/x86_64-linux-gnu/libxcb-present.so.0.0.0
7f1c2b186000-7f1c2b187000 r--p 00001000 08:07 2234472                    /usr/lib/x86_64-linux-gnu/libxcb-present.so.0.0.0
7f1c2b187000-7f1c2b188000 rw-p 00002000 08:07 2234472                    /usr/lib/x86_64-linux-gnu/libxcb-present.so.0.0.0
7f1c2b188000-7f1c2b18a000 r-xp 00000000 08:07 2234462                    /usr/lib/x86_64-linux-gnu/libxcb-dri3.so.0.0.0
7f1c2b18a000-7f1c2b389000 ---p 00002000 08:07 2234462                    /usr/lib/x86_64-linux-gnu/libxcb-dri3.so.0.0.0
7f1c2b389000-7f1c2b38a000 r--p 00001000 08:07 2234462                    /usr/lib/x86_64-linux-gnu/libxcb-dri3.so.0.0.0
7f1c2b38a000-7f1c2b38b000 rw-p 00002000 08:07 2234462                    /usr/lib/x86_64-linux-gnu/libxcb-dri3.so.0.0.0
7f1c2b38b000-7f1c2b38e000 r-xp 00000000 08:07 2234460                    /usr/lib/x86_64-linux-gnu/libxcb-dri2.so.0.0.0
7f1c2b38e000-7f1c2b58e000 ---p 00003000 08:07 2234460                    /usr/lib/x86_64-linux-gnu/libxcb-dri2.so.0.0.0
7f1c2b58e000-7f1c2b58f000 r--p 00003000 08:07 2234460                    /usr/lib/x86_64-linux-gnu/libxcb-dri2.so.0.0.0
7f1c2b58f000-7f1c2b590000 rw-p 00004000 08:07 2234460                    /usr/lib/x86_64-linux-gnu/libxcb-dri2.so.0.0.0
7f1c2b590000-7f1c2b5a5000 r-xp 00000000 08:07 2234464                    /usr/lib/x86_64-linux-gnu/libxcb-glx.so.0.0.0
7f1c2b5a5000-7f1c2b7a4000 ---p 00015000 08:07 2234464                    /usr/lib/x86_64-linux-gnu/libxcb-glx.so.0.0.0
7f1c2b7a4000-7f1c2b7a6000 r--p 00014000 08:07 2234464                    /usr/lib/x86_64-linux-gnu/libxcb-glx.so.0.0.0
7f1c2b7a6000-7f1c2b7a7000 rw-p 00016000 08:07 2234464                    /usr/lib/x86_64-linux-gnu/libxcb-glx.so.0.0.0
7f1c2b7a7000-7f1c2b7a8000 r-xp 00000000 08:07 2233420                    /usr/lib/x86_64-linux-gnu/libX11-xcb.so.1.0.0
7f1c2b7a8000-7f1c2b9a7000 ---p 00001000 08:07 2233420                    /usr/lib/x86_64-linux-gnu/libX11-xcb.so.1.0.0
7f1c2b9a7000-7f1c2b9a8000 r--p 00000000 08:07 2233420                    /usr/lib/x86_64-linux-gnu/libX11-xcb.so.1.0.0
7f1c2b9a8000-7f1c2b9a9000 rw-p 00001000 08:07 2233420                    /usr/lib/x86_64-linux-gnu/libX11-xcb.so.1.0.0
7f1c2b9a9000-7f1c2b9ab000 r-xp 00000000 08:07 2233435                    /usr/lib/x86_64-linux-gnu/libXdamage.so.1.1.0
7f1c2b9ab000-7f1c2bbaa000 ---p 00002000 08:07 2233435                    /usr/lib/x86_64-linux-gnu/libXdamage.so.1.1.0
7f1c2bbaa000-7f1c2bbab000 r--p 00001000 08:07 2233435                    /usr/lib/x86_64-linux-gnu/libXdamage.so.1.1.0
7f1c2bbab000-7f1c2bbac000 rw-p 00002000 08:07 2233435                    /usr/lib/x86_64-linux-gnu/libXdamage.so.1.1.0
7f1c2bbac000-7f1c2bbd1000 r-xp 00000000 08:07 2227609                    /usr/lib/x86_64-linux-gnu/libglapi.so.0.0.0
7f1c2bbd1000-7f1c2bdd1000 ---p 00025000 08:07 2227609                    /usr/lib/x86_64-linux-gnu/libglapi.so.0.0.0
7f1c2bdd1000-7f1c2bdd4000 r--p 00025000 08:07 2227609                    /usr/lib/x86_64-linux-gnu/libglapi.so.0.0.0
7f1c2bdd4000-7f1c2bdd5000 rw-p 00028000 08:07 2227609                    /usr/lib/x86_64-linux-gnu/libglapi.so.0.0.0
7f1c2bdd5000-7f1c2bdd6000 rw-p 00000000 00:00 0 
7f1c2bdd6000-7f1c2bdfd000 r-xp 00000000 08:07 530292                     /lib/x86_64-linux-gnu/libexpat.so.1.6.0
7f1c2bdfd000-7f1c2bffd000 ---p 00027000 08:07 530292                     /lib/x86_64-linux-gnu/libexpat.so.1.6.0
7f1c2bffd000-7f1c2bfff000 r--p 00027000 08:07 530292                     /lib/x86_64-linux-gnu/libexpat.so.1.6.0
7f1c2bfff000-7f1c2c000000 rw-p 00029000 08:07 530292                     /lib/x86_64-linux-gnu/libexpat.so.1.6.0
7f1c2c000000-7f1c2d573000 rw-p 00000000 00:00 0 
7f1c2d573000-7f1c30000000 ---p 00000000 00:00 0 
7f1c30000000-7f1c30021000 rw-p 00000000 00:00 0 
7f1c30021000-7f1c34000000 ---p 00000000 00:00 0 
7f1c34000000-7f1c3403d000 rw-p 00000000 00:00 0 
7f1c3403d000-7f1c38000000 ---p 00000000 00:00 0 
7f1c38000000-7f1c3a3c9000 rw-p 00000000 00:00 0 
7f1c3a3c9000-7f1c3c000000 ---p 00000000 00:00 0 
7f1c3c000000-7f1c3c021000 rw-p 00000000 00:00 0 
7f1c3c021000-7f1c40000000 ---p 00000000 00:00 0 
7f1c40000000-7f1c40021000 rw-p 00000000 00:00 0 
7f1c40021000-7f1c44000000 ---p 00000000 00:00 0 
7f1c44000000-7f1c44021000 rw-p 00000000 00:00 0 
7f1c44021000-7f1c48000000 ---p 00000000 00:00 0 
7f1c48000000-7f1c48026000 rw-p 00000000 00:00 0 
7f1c48026000-7f1c4c000000 ---p 00000000 00:00 0 
7f1c4c000000-7f1c4c021000 rw-p 00000000 00:00 0 
7f1c4c021000-7f1c50000000 ---p 00000000 00:00 0 
7f1c50000000-7f1c50021000 rw-p 00000000 00:00 0 
7f1c50021000-7f1c54000000 ---p 00000000 00:00 0 
7f1c54000000-7f1c54c4b000 rw-p 00000000 00:00 0 
7f1c54c4b000-7f1c58000000 ---p 00000000 00:00 0 
7f1c58000000-7f1c585a3000 rw-p 00000000 00:00 0 
7f1c585a3000-7f1c5c000000 ---p 00000000 00:00 0 
7f1c5c000000-7f1c5c021000 rw-p 00000000 00:00 0 
7f1c5c021000-7f1c60000000 ---p 00000000 00:00 0 
7f1c60000000-7f1c6056c000 rw-p 00000000 00:00 0 
7f1c6056c000-7f1c64000000 ---p 00000000 00:00 0 
7f1c64000000-7f1c64021000 rw-p 00000000 00:00 0 
7f1c64021000-7f1c68000000 ---p 00000000 00:00 0 
7f1c68000000-7f1c68021000 rw-p 00000000 00:00 0 
7f1c68021000-7f1c6c000000 ---p 00000000 00:00 0 
7f1c6c000000-7f1c6c021000 rw-p 00000000 00:00 0 
7f1c6c021000-7f1c70000000 ---p 00000000 00:00 0 
7f1c70000000-7f1c70081000 rw-p 00000000 00:00 0 
7f1c70081000-7f1c74000000 ---p 00000000 00:00 0 
7f1c74000000-7f1c74021000 rw-p 00000000 00:00 0 
7f1c74021000-7f1c78000000 ---p 00000000 00:00 0 
7f1c78005000-7f1c78035000 rw-s 1f6e63000 00:06 10983                     /dev/dri/card0
7f1c78035000-7f1c78065000 rw-s 1f6e33000 00:06 10983                     /dev/dri/card0
7f1c78065000-7f1c780f3000 r-xp 00000000 08:07 2486166                    /usr/lib/x86_64-linux-gnu/mesa/libGL.so.1.2.0
7f1c780f3000-7f1c782f2000 ---p 0008e000 08:07 2486166                    /usr/lib/x86_64-linux-gnu/mesa/libGL.so.1.2.0
7f1c782f2000-7f1c782f5000 r--p 0008d000 08:07 2486166                    /usr/lib/x86_64-linux-gnu/mesa/libGL.so.1.2.0
7f1c782f5000-7f1c782f6000 rw-p 00090000 08:07 2486166                    /usr/lib/x86_64-linux-gnu/mesa/libGL.so.1.2.0
7f1c782f6000-7f1c784f7000 rw-p 00000000 00:00 0 
7f1c784f7000-7f1c786f7000 rw-p 00000000 00:00 0 
7f1c786f7000-7f1c786fe000 r-xp 00000000 08:07 1447850                    /tmp/jogamp_0000/file_cache/jln8950069013857716534/jln7242436906610069982/libnativewindow_x11.so
7f1c786fe000-7f1c788fd000 ---p 00007000 08:07 1447850                    /tmp/jogamp_0000/file_cache/jln8950069013857716534/jln7242436906610069982/libnativewindow_x11.so
7f1c788fd000-7f1c788fe000 rw-p 00006000 08:07 1447850                    /tmp/jogamp_0000/file_cache/jln8950069013857716534/jln7242436906610069982/libnativewindow_x11.so
7f1c788fe000-7f1c78902000 r-xp 00000000 08:07 2233477                    /usr/lib/x86_64-linux-gnu/libXxf86vm.so.1.0.0
7f1c78902000-7f1c78b02000 ---p 00004000 08:07 2233477                    /usr/lib/x86_64-linux-gnu/libXxf86vm.so.1.0.0
7f1c78b02000-7f1c78b03000 r--p 00004000 08:07 2233477                    /usr/lib/x86_64-linux-gnu/libXxf86vm.so.1.0.0
7f1c78b03000-7f1c78b04000 rw-p 00005000 08:07 2233477                    /usr/lib/x86_64-linux-gnu/libXxf86vm.so.1.0.0
7f1c78b04000-7f1c78b06000 r-xp 00000000 08:07 1447849                    /tmp/jogamp_0000/file_cache/jln8950069013857716534/jln7242436906610069982/libnativewindow_awt.so
7f1c78b06000-7f1c78d05000 ---p 00002000 08:07 1447849                    /tmp/jogamp_0000/file_cache/jln8950069013857716534/jln7242436906610069982/libnativewindow_awt.so
7f1c78d05000-7f1c78d06000 rw-p 00001000 08:07 1447849                    /tmp/jogamp_0000/file_cache/jln8950069013857716534/jln7242436906610069982/libnativewindow_awt.so
7f1c78d06000-7f1c78d07000 r-xp 00000000 08:07 2243104                    /usr/lib/jvm/java-8-oracle/jre/lib/amd64/libjawt.so
7f1c78d07000-7f1c78f06000 ---p 00001000 08:07 2243104                    /usr/lib/jvm/java-8-oracle/jre/lib/amd64/libjawt.so
7f1c78f06000-7f1c78f07000 rw-p 00000000 08:07 2243104                    /usr/lib/jvm/java-8-oracle/jre/lib/amd64/libjawt.so
7f1c78f07000-7f1c78f09000 r-xp 00000000 08:07 1447846                    /tmp/jogamp_0000/file_cache/jln8950069013857716534/jln7242436906610069982/libgluegen-rt.so
7f1c78f09000-7f1c79108000 ---p 00002000 08:07 1447846                    /tmp/jogamp_0000/file_cache/jln8950069013857716534/jln7242436906610069982/libgluegen-rt.so
7f1c79108000-7f1c79109000 rw-p 00001000 08:07 1447846                    /tmp/jogamp_0000/file_cache/jln8950069013857716534/jln7242436906610069982/libgluegen-rt.so
7f1c79109000-7f1c7910c000 ---p 00000000 00:00 0 
7f1c7910c000-7f1c7940a000 rw-p 00000000 00:00 0 
7f1c7940a000-7f1c7940d000 ---p 00000000 00:00 0 
7f1c7940d000-7f1c7970b000 rw-p 00000000 00:00 0 
7f1c7970b000-7f1c7970e000 ---p 00000000 00:00 0 
7f1c7970e000-7f1c7980c000 rw-p 00000000 00:00 0 
7f1c7980c000-7f1c79875000 r-xp 00000000 08:07 2243082                    /usr/lib/jvm/java-8-oracle/jre/lib/amd64/libt2k.so
7f1c79875000-7f1c79a75000 ---p 00069000 08:07 2243082                    /usr/lib/jvm/java-8-oracle/jre/lib/amd64/libt2k.so
7f1c79a75000-7f1c79a7c000 rw-p 00069000 08:07 2243082                    /usr/lib/jvm/java-8-oracle/jre/lib/amd64/libt2k.so
7f1c79a7c000-7f1c79a8c000 rw-p 00000000 00:00 0 
7f1c79a8c000-7f1c79a9d000 r-xp 00000000 08:07 2243048                    /usr/lib/jvm/java-8-oracle/jre/lib/amd64/libnio.so
7f1c79a9d000-7f1c79c9c000 ---p 00011000 08:07 2243048                    /usr/lib/jvm/java-8-oracle/jre/lib/amd64/libnio.so
7f1c79c9c000-7f1c79c9d000 rw-p 00010000 08:07 2243048                    /usr/lib/jvm/java-8-oracle/jre/lib/amd64/libnio.so
7f1c79c9d000-7f1c79cb3000 r-xp 00000000 08:07 2243094                    /usr/lib/jvm/java-8-oracle/jre/lib/amd64/libnet.so
7f1c79cb3000-7f1c79eb3000 ---p 00016000 08:07 2243094                    /usr/lib/jvm/java-8-oracle/jre/lib/amd64/libnet.so
7f1c79eb3000-7f1c79eb4000 rw-p 00016000 08:07 2243094                    /usr/lib/jvm/java-8-oracle/jre/lib/amd64/libnet.so
7f1c79eb4000-7f1c79eb7000 ---p 00000000 00:00 0 
7f1c79eb7000-7f1c79fb5000 rw-p 00000000 00:00 0 
7f1c79fb5000-7f1c79fb8000 ---p 00000000 00:00 0 
7f1c79fb8000-7f1c7a0b6000 rw-p 00000000 00:00 0 
7f1c7a0b6000-7f1c7a0b9000 ---p 00000000 00:00 0 
7f1c7a0b9000-7f1c7a1b7000 rw-p 00000000 00:00 0 
7f1c7a1b7000-7f1c7a1ba000 ---p 00000000 00:00 0 
7f1c7a1ba000-7f1c7a2b8000 rw-p 00000000 00:00 0 
7f1c7a2b8000-7f1c7a2bd000 r-xp 00000000 08:07 2233441                    /usr/lib/x86_64-linux-gnu/libXfixes.so.3.1.0
7f1c7a2bd000-7f1c7a4bc000 ---p 00005000 08:07 2233441                    /usr/lib/x86_64-linux-gnu/libXfixes.so.3.1.0
7f1c7a4bc000-7f1c7a4bd000 r--p 00004000 08:07 2233441                    /usr/lib/x86_64-linux-gnu/libXfixes.so.3.1.0
7f1c7a4bd000-7f1c7a4be000 rw-p 00005000 08:07 2233441                    /usr/lib/x86_64-linux-gnu/libXfixes.so.3.1.0
7f1c7a4be000-7f1c7a4c7000 r-xp 00000000 08:07 2233433                    /usr/lib/x86_64-linux-gnu/libXcursor.so.1.0.2
7f1c7a4c7000-7f1c7a6c6000 ---p 00009000 08:07 2233433                    /usr/lib/x86_64-linux-gnu/libXcursor.so.1.0.2
7f1c7a6c6000-7f1c7a6c7000 r--p 00008000 08:07 2233433                    /usr/lib/x86_64-linux-gnu/libXcursor.so.1.0.2
7f1c7a6c7000-7f1c7a6c8000 rw-p 00009000 08:07 2233433                    /usr/lib/x86_64-linux-gnu/libXcursor.so.1.0.2
7f1c7a6c8000-7f1c7a6de000 r-xp 00000000 08:07 527734                     /lib/x86_64-linux-gnu/libgcc_s.so.1
7f1c7a6de000-7f1c7a8dd000 ---p 00016000 08:07 527734                     /lib/x86_64-linux-gnu/libgcc_s.so.1
7f1c7a8dd000-7f1c7a8de000 rw-p 00015000 08:07 527734                     /lib/x86_64-linux-gnu/libgcc_s.so.1
7f1c7a8de000-7f1c7a943000 r-xp 00000000 08:07 2243107                    /usr/lib/jvm/java-8-oracle/jre/lib/amd64/libfontmanager.so
7f1c7a943000-7f1c7ab42000 ---p 00065000 08:07 2243107                    /usr/lib/jvm/java-8-oracle/jre/lib/amd64/libfontmanager.so
7f1c7ab42000-7f1c7ab47000 rw-p 00064000 08:07 2243107                    /usr/lib/jvm/java-8-oracle/jre/lib/amd64/libfontmanager.so
7f1c7ab47000-7f1c7ab57000 rw-p 00000000 00:00 0 
7f1c7ab57000-7f1c7ab5c000 r-xp 00000000 08:07 2233437                    /usr/lib/x86_64-linux-gnu/libXdmcp.so.6.0.0
7f1c7ab5c000-7f1c7ad5b000 ---p 00005000 08:07 2233437                    /usr/lib/x86_64-linux-gnu/libXdmcp.so.6.0.0
7f1c7ad5b000-7f1c7ad5c000 r--p 00004000 08:07 2233437                    /usr/lib/x86_64-linux-gnu/libXdmcp.so.6.0.0
7f1c7ad5c000-7f1c7ad5d000 rw-p 00005000 08:07 2233437                    /usr/lib/x86_64-linux-gnu/libXdmcp.so.6.0.0
7f1c7ad5d000-7f1c7ad5f000 r-xp 00000000 08:07 2233426                    /usr/lib/x86_64-linux-gnu/libXau.so.6.0.0
7f1c7ad5f000-7f1c7af5f000 ---p 00002000 08:07 2233426                    /usr/lib/x86_64-linux-gnu/libXau.so.6.0.0
7f1c7af5f000-7f1c7af60000 r--p 00002000 08:07 2233426                    /usr/lib/x86_64-linux-gnu/libXau.so.6.0.0
7f1c7af60000-7f1c7af61000 rw-p 00003000 08:07 2233426                    /usr/lib/x86_64-linux-gnu/libXau.so.6.0.0
7f1c7af61000-7f1c7af7e000 r-xp 00000000 08:07 2234492                    /usr/lib/x86_64-linux-gnu/libxcb.so.1.1.0
7f1c7af7e000-7f1c7b17e000 ---p 0001d000 08:07 2234492                    /usr/lib/x86_64-linux-gnu/libxcb.so.1.1.0
7f1c7b17e000-7f1c7b17f000 r--p 0001d000 08:07 2234492                    /usr/lib/x86_64-linux-gnu/libxcb.so.1.1.0
7f1c7b17f000-7f1c7b180000 rw-p 0001e000 08:07 2234492                    /usr/lib/x86_64-linux-gnu/libxcb.so.1.1.0
7f1c7b180000-7f1c7b18f000 r-xp 00000000 08:07 2233447                    /usr/lib/x86_64-linux-gnu/libXi.so.6.1.0
7f1c7b18f000-7f1c7b38e000 ---p 0000f000 08:07 2233447                    /usr/lib/x86_64-linux-gnu/libXi.so.6.1.0
7f1c7b38e000-7f1c7b38f000 r--p 0000e000 08:07 2233447                    /usr/lib/x86_64-linux-gnu/libXi.so.6.1.0
7f1c7b38f000-7f1c7b390000 rw-p 0000f000 08:07 2233447                    /usr/lib/x86_64-linux-gnu/libXi.so.6.1.0
7f1c7b390000-7f1c7b395000 r-xp 00000000 08:07 2233467                    /usr/lib/x86_64-linux-gnu/libXtst.so.6.1.0
7f1c7b395000-7f1c7b594000 ---p 00005000 08:07 2233467                    /usr/lib/x86_64-linux-gnu/libXtst.so.6.1.0
7f1c7b594000-7f1c7b595000 r--p 00004000 08:07 2233467                    /usr/lib/x86_64-linux-gnu/libXtst.so.6.1.0
7f1c7b595000-7f1c7b596000 rw-p 00005000 08:07 2233467                    /usr/lib/x86_64-linux-gnu/libXtst.so.6.1.0
7f1c7b596000-7f1c7b59f000 r-xp 00000000 08:07 2233461                    /usr/lib/x86_64-linux-gnu/libXrender.so.1.3.0
7f1c7b59f000-7f1c7b79e000 ---p 00009000 08:07 2233461                    /usr/lib/x86_64-linux-gnu/libXrender.so.1.3.0
7f1c7b79e000-7f1c7b79f000 r--p 00008000 08:07 2233461                    /usr/lib/x86_64-linux-gnu/libXrender.so.1.3.0
7f1c7b79f000-7f1c7b7a0000 rw-p 00009000 08:07 2233461                    /usr/lib/x86_64-linux-gnu/libXrender.so.1.3.0
7f1c7b7a0000-7f1c7b8d0000 r-xp 00000000 08:07 2233422                    /usr/lib/x86_64-linux-gnu/libX11.so.6.3.0
7f1c7b8d0000-7f1c7bad0000 ---p 00130000 08:07 2233422                    /usr/lib/x86_64-linux-gnu/libX11.so.6.3.0
7f1c7bad0000-7f1c7bad1000 r--p 00130000 08:07 2233422                    /usr/lib/x86_64-linux-gnu/libX11.so.6.3.0
7f1c7bad1000-7f1c7bad5000 rw-p 00131000 08:07 2233422                    /usr/lib/x86_64-linux-gnu/libX11.so.6.3.0
7f1c7bad5000-7f1c7bb29000 r-xp 00000000 08:07 2243079                    /usr/lib/jvm/java-8-oracle/jre/lib/amd64/libawt_xawt.so
7f1c7bb29000-7f1c7bd29000 ---p 00054000 08:07 2243079                    /usr/lib/jvm/java-8-oracle/jre/lib/amd64/libawt_xawt.so
7f1c7bd29000-7f1c7bd2d000 rw-p 00054000 08:07 2243079                    /usr/lib/jvm/java-8-oracle/jre/lib/amd64/libawt_xawt.so
7f1c7bd2d000-7f1c7bd2e000 rw-p 00000000 00:00 0 
7f1c7bd2e000-7f1c7bdd0000 r-xp 00000000 08:07 2243060                    /usr/lib/jvm/java-8-oracle/jre/lib/amd64/libawt.so
7f1c7bdd0000-7f1c7bfd0000 ---p 000a2000 08:07 2243060                    /usr/lib/jvm/java-8-oracle/jre/lib/amd64/libawt.so
7f1c7bfd0000-7f1c7bfdc000 rw-p 000a2000 08:07 2243060                    /usr/lib/jvm/java-8-oracle/jre/lib/amd64/libawt.so
7f1c7bfdc000-7f1c7c000000 rw-p 00000000 00:00 0 
7f1c7c000000-7f1c7c021000 rw-p 00000000 00:00 0 
7f1c7c021000-7f1c80000000 ---p 00000000 00:00 0 
7f1c8000e000-7f1c8003e000 rw-s 1f6e01000 00:06 10983                     /dev/dri/card0
7f1c8003e000-7f1c8004f000 r-xp 00000000 08:07 2233439                    /usr/lib/x86_64-linux-gnu/libXext.so.6.4.0
7f1c8004f000-7f1c8024e000 ---p 00011000 08:07 2233439                    /usr/lib/x86_64-linux-gnu/libXext.so.6.4.0
7f1c8024e000-7f1c8024f000 r--p 00010000 08:07 2233439                    /usr/lib/x86_64-linux-gnu/libXext.so.6.4.0
7f1c8024f000-7f1c80250000 rw-p 00011000 08:07 2233439                    /usr/lib/x86_64-linux-gnu/libXext.so.6.4.0
7f1c80250000-7f1c84000000 rw-p 00000000 00:00 0 
7f1c84000000-7f1c84021000 rw-p 00000000 00:00 0 
7f1c84021000-7f1c88000000 ---p 00000000 00:00 0 
7f1c88017000-7f1c8801f000 rw-s 00000000 00:05 76765                      /drm mm object (deleted)
7f1c8801f000-7f1c88021000 rw-s 1f6e31000 00:06 10983                     /dev/dri/card0
7f1c88021000-7f1c88051000 rw-s 1f6dd1000 00:06 10983                     /dev/dri/card0
7f1c88051000-7f1c88059000 rw-s 00000000 00:05 76712                      /drm mm object (deleted)
7f1c88059000-7f1c88061000 rw-s 00000000 00:05 76708                      /drm mm object (deleted)
7f1c88061000-7f1c88069000 rw-s 00000000 00:05 77790                      /drm mm object (deleted)
7f1c88069000-7f1c88071000 rw-s 00000000 00:05 77756                      /drm mm object (deleted)
7f1c88071000-7f1c88079000 rw-s 00000000 00:05 76680                      /drm mm object (deleted)
7f1c88079000-7f1c88081000 rw-s 00000000 00:05 77743                      /drm mm object (deleted)
7f1c88081000-7f1c88089000 rw-s 00000000 00:05 76652                      /drm mm object (deleted)
7f1c88089000-7f1c8808c000 ---p 00000000 00:00 0 
7f1c8808c000-7f1c880f3000 rw-p 00000000 00:00 0 
7f1c880f3000-7f1c880f6000 ---p 00000000 00:00 0 
7f1c880f6000-7f1c881f4000 rw-p 00000000 00:00 0 
7f1c881f4000-7f1c88217000 r--s 002ec000 08:07 1447504                    /home/nahush/workspace/UCSDUnfoldingMaps/lib/jogl-all.jar
7f1c88217000-7f1c88218000 ---p 00000000 00:00 0 
7f1c88218000-7f1c88318000 rw-p 00000000 00:00 0 
7f1c88318000-7f1c8831b000 ---p 00000000 00:00 0 
7f1c8831b000-7f1c88419000 rw-p 00000000 00:00 0 
7f1c88419000-7f1c8841c000 ---p 00000000 00:00 0 
7f1c8841c000-7f1c8851a000 rw-p 00000000 00:00 0 
7f1c8851a000-7f1c8851d000 ---p 00000000 00:00 0 
7f1c8851d000-7f1c8861b000 rw-p 00000000 00:00 0 
7f1c8861b000-7f1c8861e000 ---p 00000000 00:00 0 
7f1c8861e000-7f1c8871c000 rw-p 00000000 00:00 0 
7f1c8871c000-7f1c8871f000 ---p 00000000 00:00 0 
7f1c8871f000-7f1c8881d000 rw-p 00000000 00:00 0 
7f1c8881d000-7f1c88eff000 r--p 00000000 08:07 2232027                    /usr/lib/locale/locale-archive
7f1c88eff000-7f1c88f02000 ---p 00000000 00:00 0 
7f1c88f02000-7f1c89000000 rw-p 00000000 00:00 0 
7f1c89000000-7f1c89700000 rwxp 00000000 00:00 0 
7f1c89700000-7f1c98000000 ---p 00000000 00:00 0 
7f1c98000000-7f1c982dd000 rw-p 00000000 00:00 0 
7f1c982dd000-7f1c9c000000 ---p 00000000 00:00 0 
7f1c9c000000-7f1c9c001000 rw-p 00000000 00:00 0 
7f1c9c001000-7f1c9c002000 rw-s 1f6dd0000 00:06 10983                     /dev/dri/card0
7f1c9c002000-7f1c9c003000 rw-s 1f6c8f000 00:06 10983                     /dev/dri/card0
7f1c9c003000-7f1c9c004000 rwxp 00000000 00:00 0 
7f1c9c004000-7f1c9c005000 rw-s 1f6c8e000 00:06 10983                     /dev/dri/card0
7f1c9c005000-7f1c9c006000 r--s 0002f000 08:07 1447499                    /home/nahush/workspace/UCSDUnfoldingMaps/lib/jogl-all-natives-linux-amd64.jar
7f1c9c006000-7f1c9c008000 r--s 00000000 08:07 1447492                    /home/nahush/workspace/UCSDUnfoldingMaps/lib/gluegen-rt-natives-linux-amd64.jar
7f1c9c008000-7f1c9c00b000 ---p 00000000 00:00 0 
7f1c9c00b000-7f1c9c109000 rw-p 00000000 00:00 0 
7f1c9c109000-7f1c9c10a000 ---p 00000000 00:00 0 
7f1c9c10a000-7f1c9d1ec000 rw-p 00000000 00:00 0 
7f1c9d1ec000-7f1c9d3c5000 r--s 03d29000 08:07 2243046                    /usr/lib/jvm/java-8-oracle/jre/lib/rt.jar
7f1c9d3c5000-7f1c9e016000 rw-p 00000000 00:00 0 
7f1c9e016000-7f1c9e017000 ---p 00000000 00:00 0 
7f1c9e017000-7f1c9e117000 rw-p 00000000 00:00 0 
7f1c9e117000-7f1c9e118000 ---p 00000000 00:00 0 
7f1c9e118000-7f1c9e218000 rw-p 00000000 00:00 0 
7f1c9e218000-7f1c9e219000 ---p 00000000 00:00 0 
7f1c9e219000-7f1c9e319000 rw-p 00000000 00:00 0 
7f1c9e319000-7f1c9e31a000 ---p 00000000 00:00 0 
7f1c9e31a000-7f1c9e444000 rw-p 00000000 00:00 0 
7f1c9e444000-7f1c9e6ac000 ---p 00000000 00:00 0 
7f1c9e6ac000-7f1c9e6d6000 rw-p 00000000 00:00 0 
7f1c9e6d6000-7f1c9e93e000 ---p 00000000 00:00 0 
7f1c9e93e000-7f1c9e98c000 rw-p 00000000 00:00 0 
7f1c9e98c000-7f1c9ea87000 ---p 00000000 00:00 0 
7f1c9ea87000-7f1c9eaa4000 rw-p 00000000 00:00 0 
7f1c9eaa4000-7f1c9ee48000 ---p 00000000 00:00 0 
7f1c9ee48000-7f1c9ee62000 r-xp 00000000 08:07 2243078                    /usr/lib/jvm/java-8-oracle/jre/lib/amd64/libzip.so
7f1c9ee62000-7f1c9f062000 ---p 0001a000 08:07 2243078                    /usr/lib/jvm/java-8-oracle/jre/lib/amd64/libzip.so
7f1c9f062000-7f1c9f063000 rw-p 0001a000 08:07 2243078                    /usr/lib/jvm/java-8-oracle/jre/lib/amd64/libzip.so
7f1c9f063000-7f1c9f06e000 r-xp 00000000 08:07 536446                     /lib/x86_64-linux-gnu/libnss_files-2.19.so
7f1c9f06e000-7f1c9f26d000 ---p 0000b000 08:07 536446                     /lib/x86_64-linux-gnu/libnss_files-2.19.so
7f1c9f26d000-7f1c9f26e000 r--p 0000a000 08:07 536446                     /lib/x86_64-linux-gnu/libnss_files-2.19.so
7f1c9f26e000-7f1c9f26f000 rw-p 0000b000 08:07 536446                     /lib/x86_64-linux-gnu/libnss_files-2.19.so
7f1c9f26f000-7f1c9f27a000 r-xp 00000000 08:07 536438                     /lib/x86_64-linux-gnu/libnss_nis-2.19.so
7f1c9f27a000-7f1c9f479000 ---p 0000b000 08:07 536438                     /lib/x86_64-linux-gnu/libnss_nis-2.19.so
7f1c9f479000-7f1c9f47a000 r--p 0000a000 08:07 536438                     /lib/x86_64-linux-gnu/libnss_nis-2.19.so
7f1c9f47a000-7f1c9f47b000 rw-p 0000b000 08:07 536438                     /lib/x86_64-linux-gnu/libnss_nis-2.19.so
7f1c9f47b000-7f1c9f492000 r-xp 00000000 08:07 536434                     /lib/x86_64-linux-gnu/libnsl-2.19.so
7f1c9f492000-7f1c9f691000 ---p 00017000 08:07 536434                     /lib/x86_64-linux-gnu/libnsl-2.19.so
7f1c9f691000-7f1c9f692000 r--p 00016000 08:07 536434                     /lib/x86_64-linux-gnu/libnsl-2.19.so
7f1c9f692000-7f1c9f693000 rw-p 00017000 08:07 536434                     /lib/x86_64-linux-gnu/libnsl-2.19.so
7f1c9f693000-7f1c9f695000 rw-p 00000000 00:00 0 
7f1c9f695000-7f1c9f69e000 r-xp 00000000 08:07 536433                     /lib/x86_64-linux-gnu/libnss_compat-2.19.so
7f1c9f69e000-7f1c9f89d000 ---p 00009000 08:07 536433                     /lib/x86_64-linux-gnu/libnss_compat-2.19.so
7f1c9f89d000-7f1c9f89e000 r--p 00008000 08:07 536433                     /lib/x86_64-linux-gnu/libnss_compat-2.19.so
7f1c9f89e000-7f1c9f89f000 rw-p 00009000 08:07 536433                     /lib/x86_64-linux-gnu/libnss_compat-2.19.so
7f1c9f89f000-7f1c9f8c9000 r-xp 00000000 08:07 2243074                    /usr/lib/jvm/java-8-oracle/jre/lib/amd64/libjava.so
7f1c9f8c9000-7f1c9fac9000 ---p 0002a000 08:07 2243074                    /usr/lib/jvm/java-8-oracle/jre/lib/amd64/libjava.so
7f1c9fac9000-7f1c9facb000 rw-p 0002a000 08:07 2243074                    /usr/lib/jvm/java-8-oracle/jre/lib/amd64/libjava.so
7f1c9facb000-7f1c9fad8000 r-xp 00000000 08:07 2243099                    /usr/lib/jvm/java-8-oracle/jre/lib/amd64/libverify.so
7f1c9fad8000-7f1c9fcd8000 ---p 0000d000 08:07 2243099                    /usr/lib/jvm/java-8-oracle/jre/lib/amd64/libverify.so
7f1c9fcd8000-7f1c9fcda000 rw-p 0000d000 08:07 2243099                    /usr/lib/jvm/java-8-oracle/jre/lib/amd64/libverify.so
7f1c9fcda000-7f1c9fce1000 r-xp 00000000 08:07 536442                     /lib/x86_64-linux-gnu/librt-2.19.so
7f1c9fce1000-7f1c9fee0000 ---p 00007000 08:07 536442                     /lib/x86_64-linux-gnu/librt-2.19.so
7f1c9fee0000-7f1c9fee1000 r--p 00006000 08:07 536442                     /lib/x86_64-linux-gnu/librt-2.19.so
7f1c9fee1000-7f1c9fee2000 rw-p 00007000 08:07 536442                     /lib/x86_64-linux-gnu/librt-2.19.so
7f1c9fee2000-7f1c9ffe7000 r-xp 00000000 08:07 536428                     /lib/x86_64-linux-gnu/libm-2.19.so
7f1c9ffe7000-7f1ca01e6000 ---p 00105000 08:07 536428                     /lib/x86_64-linux-gnu/libm-2.19.so
7f1ca01e6000-7f1ca01e7000 r--p 00104000 08:07 536428                     /lib/x86_64-linux-gnu/libm-2.19.so
7f1ca01e7000-7f1ca01e8000 rw-p 00105000 08:07 536428                     /lib/x86_64-linux-gnu/libm-2.19.so
7f1ca01e8000-7f1ca0eb3000 r-xp 00000000 08:07 2243073                    /usr/lib/jvm/java-8-oracle/jre/lib/amd64/server/libjvm.so
7f1ca0eb3000-7f1ca10b2000 ---p 00ccb000 08:07 2243073                    /usr/lib/jvm/java-8-oracle/jre/lib/amd64/server/libjvm.so
7f1ca10b2000-7f1ca118b000 rw-p 00cca000 08:07 2243073                    /usr/lib/jvm/java-8-oracle/jre/lib/amd64/server/libjvm.so
7f1ca118b000-7f1ca11d6000 rw-p 00000000 00:00 0 
7f1ca11d6000-7f1ca1391000 r-xp 00000000 08:07 536443                     /lib/x86_64-linux-gnu/libc-2.19.so
7f1ca1391000-7f1ca1590000 ---p 001bb000 08:07 536443                     /lib/x86_64-linux-gnu/libc-2.19.so
7f1ca1590000-7f1ca1594000 r--p 001ba000 08:07 536443                     /lib/x86_64-linux-gnu/libc-2.19.so
7f1ca1594000-7f1ca1596000 rw-p 001be000 08:07 536443                     /lib/x86_64-linux-gnu/libc-2.19.so
7f1ca1596000-7f1ca159b000 rw-p 00000000 00:00 0 
7f1ca159b000-7f1ca159e000 r-xp 00000000 08:07 536430                     /lib/x86_64-linux-gnu/libdl-2.19.so
7f1ca159e000-7f1ca179d000 ---p 00003000 08:07 536430                     /lib/x86_64-linux-gnu/libdl-2.19.so
7f1ca179d000-7f1ca179e000 r--p 00002000 08:07 536430                     /lib/x86_64-linux-gnu/libdl-2.19.so
7f1ca179e000-7f1ca179f000 rw-p 00003000 08:07 536430                     /lib/x86_64-linux-gnu/libdl-2.19.so
7f1ca179f000-7f1ca17b4000 r-xp 00000000 08:07 2241605                    /usr/lib/jvm/java-8-oracle/lib/amd64/jli/libjli.so
7f1ca17b4000-7f1ca19b4000 ---p 00015000 08:07 2241605                    /usr/lib/jvm/java-8-oracle/lib/amd64/jli/libjli.so
7f1ca19b4000-7f1ca19b5000 rw-p 00015000 08:07 2241605                    /usr/lib/jvm/java-8-oracle/lib/amd64/jli/libjli.so
7f1ca19b5000-7f1ca19ce000 r-xp 00000000 08:07 536435                     /lib/x86_64-linux-gnu/libpthread-2.19.so
7f1ca19ce000-7f1ca1bcd000 ---p 00019000 08:07 536435                     /lib/x86_64-linux-gnu/libpthread-2.19.so
7f1ca1bcd000-7f1ca1bce000 r--p 00018000 08:07 536435                     /lib/x86_64-linux-gnu/libpthread-2.19.so
7f1ca1bce000-7f1ca1bcf000 rw-p 00019000 08:07 536435                     /lib/x86_64-linux-gnu/libpthread-2.19.so
7f1ca1bcf000-7f1ca1bd3000 rw-p 00000000 00:00 0 
7f1ca1bd3000-7f1ca1bf6000 r-xp 00000000 08:07 536436                     /lib/x86_64-linux-gnu/ld-2.19.so
7f1ca1bf6000-7f1ca1bf7000 r--p 00000000 00:00 0 
7f1ca1bf7000-7f1ca1bfb000 r--s 00097000 08:07 2243178                    /usr/lib/jvm/java-8-oracle/jre/lib/jsse.jar
7f1ca1bfb000-7f1ca1c01000 r--s 00033000 08:07 1447506                    /home/nahush/workspace/UCSDUnfoldingMaps/lib/unfolding.0.9.7-uscd.jar
7f1ca1c01000-7f1ca1c02000 r--s 00005000 08:07 1447508                    /home/nahush/workspace/UCSDUnfoldingMaps/lib/libTUIO.jar
7f1ca1c02000-7f1ca1c03000 r--s 00007000 08:07 1447498                    /home/nahush/workspace/UCSDUnfoldingMaps/lib/json4processing.jar
7f1ca1c03000-7f1ca1cce000 rw-p 00000000 00:00 0 
7f1ca1cce000-7f1ca1cd1000 ---p 00000000 00:00 0 
7f1ca1cd1000-7f1ca1dd3000 rw-p 00000000 00:00 0 
7f1ca1dd3000-7f1ca1dd8000 r--s 00309000 08:07 1447494                    /home/nahush/workspace/UCSDUnfoldingMaps/lib/sqlite-jdbc-3.7.2.jar
7f1ca1dd8000-7f1ca1ddf000 r--s 00059000 08:07 1447493                    /home/nahush/workspace/UCSDUnfoldingMaps/lib/log4j-1.2.15.jar
7f1ca1ddf000-7f1ca1de5000 r--s 00041000 08:07 1447495                    /home/nahush/workspace/UCSDUnfoldingMaps/lib/gluegen-rt.jar
7f1ca1de5000-7f1ca1de9000 r--s 0009a000 08:07 1447507                    /home/nahush/workspace/UCSDUnfoldingMaps/lib/core.jar
7f1ca1de9000-7f1ca1df1000 rw-s 00000000 08:07 1447953                    /tmp/hsperfdata_nahush/5144
7f1ca1df1000-7f1ca1df2000 rw-p 00000000 00:00 0 
7f1ca1df2000-7f1ca1df3000 r--p 00000000 00:00 0 
7f1ca1df3000-7f1ca1df5000 rw-p 00000000 00:00 0 
7f1ca1df5000-7f1ca1df6000 r--p 00022000 08:07 536436                     /lib/x86_64-linux-gnu/ld-2.19.so
7f1ca1df6000-7f1ca1df7000 rw-p 00023000 08:07 536436                     /lib/x86_64-linux-gnu/ld-2.19.so
7f1ca1df7000-7f1ca1df8000 rw-p 00000000 00:00 0 
7ffee3c20000-7ffee3c41000 rw-p 00000000 00:00 0                          [stack]
7ffee3d5b000-7ffee3d5d000 r--p 00000000 00:00 0                          [vvar]
7ffee3d5d000-7ffee3d5f000 r-xp 00000000 00:00 0                          [vdso]
ffffffffff600000-ffffffffff601000 r-xp 00000000 00:00 0                  [vsyscall]

VM Arguments:
jvm_args: -Djava.security.policy=java.policy.applet -Dfile.encoding=UTF-8 
java_command: sun.applet.AppletViewer module1.HelloWorld1476818198436.html
java_class_path (initial): /home/nahush/workspace/UCSDUnfoldingMaps/build:/home/nahush/workspace/UCSDUnfoldingMaps/lib/core.jar:/home/nahush/workspace/UCSDUnfoldingMaps/lib/gluegen-rt.jar:/home/nahush/workspace/UCSDUnfoldingMaps/lib/jogl-all.jar:/home/nahush/workspace/UCSDUnfoldingMaps/lib/log4j-1.2.15.jar:/home/nahush/workspace/UCSDUnfoldingMaps/lib/sqlite-jdbc-3.7.2.jar:/home/nahush/workspace/UCSDUnfoldingMaps/lib/json4processing.jar:/home/nahush/workspace/UCSDUnfoldingMaps/lib/libTUIO.jar:/home/nahush/workspace/UCSDUnfoldingMaps/lib/unfolding.0.9.7-uscd.jar
Launcher Type: SUN_STANDARD

Environment Variables:
JAVA_HOME=/usr/lib/jvm/java-8-oracle
PATH=/usr/local/sbin:/usr/local/bin:/usr/sbin:/usr/bin:/sbin:/bin:/usr/games:/usr/local/games:/usr/lib/jvm/java-8-oracle/bin:/usr/lib/jvm/java-8-oracle/db/bin:/usr/lib/jvm/java-8-oracle/jre/bin
SHELL=/bin/bash
DISPLAY=:0

Signal Handlers:
SIGSEGV: [libjvm.so+0xac4790], sa_mask[0]=11111111011111111101111111111110, sa_flags=SA_RESTART|SA_SIGINFO
SIGBUS: [libjvm.so+0xac4790], sa_mask[0]=11111111011111111101111111111110, sa_flags=SA_RESTART|SA_SIGINFO
SIGFPE: [libjvm.so+0x91f140], sa_mask[0]=11111111011111111101111111111110, sa_flags=SA_RESTART|SA_SIGINFO
SIGPIPE: [libjvm.so+0x91f140], sa_mask[0]=11111111011111111101111111111110, sa_flags=SA_RESTART|SA_SIGINFO
SIGXFSZ: [libjvm.so+0x91f140], sa_mask[0]=11111111011111111101111111111110, sa_flags=SA_RESTART|SA_SIGINFO
SIGILL: [libjvm.so+0x91f140], sa_mask[0]=11111111011111111101111111111110, sa_flags=SA_RESTART|SA_SIGINFO
SIGUSR1: SIG_DFL, sa_mask[0]=00000000000000000000000000000000, sa_flags=none
SIGUSR2: [libjvm.so+0x920770], sa_mask[0]=00100000000000000000000000000000, sa_flags=SA_RESTART|SA_SIGINFO
SIGHUP: [libjvm.so+0x921b70], sa_mask[0]=11111111011111111101111111111110, sa_flags=SA_RESTART|SA_SIGINFO
SIGINT: [libjvm.so+0x921b70], sa_mask[0]=11111111011111111101111111111110, sa_flags=SA_RESTART|SA_SIGINFO
SIGTERM: [libjvm.so+0x921b70], sa_mask[0]=11111111011111111101111111111110, sa_flags=SA_RESTART|SA_SIGINFO
SIGQUIT: [libjvm.so+0x921b70], sa_mask[0]=11111111011111111101111111111110, sa_flags=SA_RESTART|SA_SIGINFO


---------------  S Y S T E M  ---------------

OS:DISTRIB_ID=Ubuntu
DISTRIB_RELEASE=14.04
DISTRIB_CODENAME=trusty
DISTRIB_DESCRIPTION="Ubuntu 14.04.4 LTS"

uname:Linux 3.19.0-59-generic #66~14.04.1-Ubuntu SMP Fri May 13 17:27:10 UTC 2016 x86_64
libc:glibc 2.19 NPTL 2.19 
rlimit: STACK 8192k, CORE 0k, NPROC 30254, NOFILE 4096, AS infinity
load average:0.54 0.81 1.04

/proc/meminfo:
MemTotal:        8078812 kB
MemFree:         2615120 kB
MemAvailable:    4213524 kB
Buffers:          232920 kB
Cached:          3190384 kB
SwapCached:           44 kB
Active:          2910664 kB
Inactive:        2237228 kB
Active(anon):    1872644 kB
Inactive(anon):  1587152 kB
Active(file):    1038020 kB
Inactive(file):   650076 kB
Unevictable:         240 kB
Mlocked:             240 kB
SwapTotal:        499708 kB
SwapFree:         499176 kB
Dirty:              1440 kB
Writeback:             0 kB
AnonPages:       1724880 kB
Mapped:           648612 kB
Shmem:           1735212 kB
Slab:             192988 kB
SReclaimable:     158484 kB
SUnreclaim:        34504 kB
KernelStack:        8768 kB
PageTables:        37176 kB
NFS_Unstable:          0 kB
Bounce:                0 kB
WritebackTmp:          0 kB
CommitLimit:     4539112 kB
Committed_AS:    7135840 kB
VmallocTotal:   34359738367 kB
VmallocUsed:      367920 kB
VmallocChunk:   34359346044 kB
HardwareCorrupted:     0 kB
AnonHugePages:    587776 kB
CmaTotal:              0 kB
CmaFree:               0 kB
HugePages_Total:       0
HugePages_Free:        0
HugePages_Rsvd:        0
HugePages_Surp:        0
Hugepagesize:       2048 kB
DirectMap4k:      132264 kB
DirectMap2M:     6062080 kB
DirectMap1G:     3145728 kB


CPU:total 4 (2 cores per cpu, 2 threads per core) family 6 model 61 stepping 4, cmov, cx8, fxsr, mmx, sse, sse2, sse3, ssse3, sse4.1, sse4.2, popcnt, avx, avx2, aes, clmul, erms, 3dnowpref, lzcnt, ht, tsc, tscinvbit, bmi1, bmi2, adx

/proc/cpuinfo:
processor	: 0
vendor_id	: GenuineIntel
cpu family	: 6
model		: 61
model name	: Intel(R) Core(TM) i5-5200U CPU @ 2.20GHz
stepping	: 4
microcode	: 0x1f
cpu MHz		: 2499.921
cache size	: 3072 KB
physical id	: 0
siblings	: 4
core id		: 0
cpu cores	: 2
apicid		: 0
initial apicid	: 0
fpu		: yes
fpu_exception	: yes
cpuid level	: 20
wp		: yes
flags		: fpu vme de pse tsc msr pae mce cx8 apic sep mtrr pge mca cmov pat pse36 clflush dts acpi mmx fxsr sse sse2 ss ht tm pbe syscall nx pdpe1gb rdtscp lm constant_tsc arch_perfmon pebs bts rep_good nopl xtopology nonstop_tsc aperfmperf eagerfpu pni pclmulqdq dtes64 monitor ds_cpl vmx est tm2 ssse3 fma cx16 xtpr pdcm pcid sse4_1 sse4_2 x2apic movbe popcnt tsc_deadline_timer aes xsave avx f16c rdrand lahf_lm abm 3dnowprefetch ida arat epb pln pts dtherm tpr_shadow vnmi flexpriority ept vpid fsgsbase tsc_adjust bmi1 avx2 smep bmi2 erms invpcid rdseed adx smap xsaveopt
bugs		:
bogomips	: 4390.05
clflush size	: 64
cache_alignment	: 64
address sizes	: 39 bits physical, 48 bits virtual
power management:

processor	: 1
vendor_id	: GenuineIntel
cpu family	: 6
model		: 61
model name	: Intel(R) Core(TM) i5-5200U CPU @ 2.20GHz
stepping	: 4
microcode	: 0x1f
cpu MHz		: 2499.921
cache size	: 3072 KB
physical id	: 0
siblings	: 4
core id		: 1
cpu cores	: 2
apicid		: 2
initial apicid	: 2
fpu		: yes
fpu_exception	: yes
cpuid level	: 20
wp		: yes
flags		: fpu vme de pse tsc msr pae mce cx8 apic sep mtrr pge mca cmov pat pse36 clflush dts acpi mmx fxsr sse sse2 ss ht tm pbe syscall nx pdpe1gb rdtscp lm constant_tsc arch_perfmon pebs bts rep_good nopl xtopology nonstop_tsc aperfmperf eagerfpu pni pclmulqdq dtes64 monitor ds_cpl vmx est tm2 ssse3 fma cx16 xtpr pdcm pcid sse4_1 sse4_2 x2apic movbe popcnt tsc_deadline_timer aes xsave avx f16c rdrand lahf_lm abm 3dnowprefetch ida arat epb pln pts dtherm tpr_shadow vnmi flexpriority ept vpid fsgsbase tsc_adjust bmi1 avx2 smep bmi2 erms invpcid rdseed adx smap xsaveopt
bugs		:
bogomips	: 4390.05
clflush size	: 64
cache_alignment	: 64
address sizes	: 39 bits physical, 48 bits virtual
power management:

processor	: 2
vendor_id	: GenuineIntel
cpu family	: 6
model		: 61
model name	: Intel(R) Core(TM) i5-5200U CPU @ 2.20GHz
stepping	: 4
microcode	: 0x1f
cpu MHz		: 2499.921
cache size	: 3072 KB
physical id	: 0
siblings	: 4
core id		: 0
cpu cores	: 2
apicid		: 1
initial apicid	: 1
fpu		: yes
fpu_exception	: yes
cpuid level	: 20
wp		: yes
flags		: fpu vme de pse tsc msr pae mce cx8 apic sep mtrr pge mca cmov pat pse36 clflush dts acpi mmx fxsr sse sse2 ss ht tm pbe syscall nx pdpe1gb rdtscp lm constant_tsc arch_perfmon pebs bts rep_good nopl xtopology nonstop_tsc aperfmperf eagerfpu pni pclmulqdq dtes64 monitor ds_cpl vmx est tm2 ssse3 fma cx16 xtpr pdcm pcid sse4_1 sse4_2 x2apic movbe popcnt tsc_deadline_timer aes xsave avx f16c rdrand lahf_lm abm 3dnowprefetch ida arat epb pln pts dtherm tpr_shadow vnmi flexpriority ept vpid fsgsbase tsc_adjust bmi1 avx2 smep bmi2 erms invpcid rdseed adx smap xsaveopt
bugs		:
bogomips	: 4390.05
clflush size	: 64
cache_alignment	: 64
address sizes	: 39 bits physical, 48 bits virtual
power management:

processor	: 3
vendor_id	: GenuineIntel
cpu family	: 6
model		: 61
model name	: Intel(R) Core(TM) i5-5200U CPU @ 2.20GHz
stepping	: 4
microcode	: 0x1f
cpu MHz		: 2500.007
cache size	: 3072 KB
physical id	: 0
siblings	: 4
core id		: 1
cpu cores	: 2
apicid		: 3
initial apicid	: 3
fpu		: yes
fpu_exception	: yes
cpuid level	: 20
wp		: yes
flags		: fpu vme de pse tsc msr pae mce cx8 apic sep mtrr pge mca cmov pat pse36 clflush dts acpi mmx fxsr sse sse2 ss ht tm pbe syscall nx pdpe1gb rdtscp lm constant_tsc arch_perfmon pebs bts rep_good nopl xtopology nonstop_tsc aperfmperf eagerfpu pni pclmulqdq dtes64 monitor ds_cpl vmx est tm2 ssse3 fma cx16 xtpr pdcm pcid sse4_1 sse4_2 x2apic movbe popcnt tsc_deadline_timer aes xsave avx f16c rdrand lahf_lm abm 3dnowprefetch ida arat epb pln pts dtherm tpr_shadow vnmi flexpriority ept vpid fsgsbase tsc_adjust bmi1 avx2 smep bmi2 erms invpcid rdseed adx smap xsaveopt
bugs		:
bogomips	: 4390.05
clflush size	: 64
cache_alignment	: 64
address sizes	: 39 bits physical, 48 bits virtual
power management:



Memory: 4k page, physical 8078812k(2615120k free), swap 499708k(499176k free)

vm_info: Java HotSpot(TM) 64-Bit Server VM (25.101-b13) for linux-amd64 JRE (1.8.0_101-b13), built on Jun 22 2016 02:59:44 by "java_re" with gcc 4.3.0 20080428 (Red Hat 4.3.0-8)

time: Tue Oct 18 15:16:47 2016
elapsed time: 9 seconds (0d 0h 0m 9s)

