#
# A fatal error has been detected by the Java Runtime Environment:
#
#  SIGSEGV (0xb) at pc=0x00007f974e8ee040, pid=5545, tid=0x00007f9776efc700
#
# JRE version: Java(TM) SE Runtime Environment (8.0_101-b13) (build 1.8.0_101-b13)
# Java VM: Java HotSpot(TM) 64-Bit Server VM (25.101-b13 mixed mode linux-amd64 compressed oops)
# Problematic frame:
# C  [i965_dri.so+0x3ca040]
#
# Failed to write core dump. Core dumps have been disabled. To enable core dumping, try "ulimit -c unlimited" before starting Java again
#
# If you would like to submit a bug report, please visit:
#   http://bugreport.java.com/bugreport/crash.jsp
# The crash happened outside the Java Virtual Machine in native code.
# See problematic frame for where to report the bug.
#

---------------  T H R E A D  ---------------

Current thread (0x00007f976c003000):  JavaThread "AWT-EventQueue-1" [_thread_in_native, id=5571, stack(0x00007f9776dfc000,0x00007f9776efd000)]

siginfo: si_signo: 11 (SIGSEGV), si_code: 1 (SEGV_MAPERR), si_addr: 0x000000000000c548

Registers:
RAX=0x00007f974e8ee030, RBX=0x000000000000c000, RCX=0x0000000000000000, RDX=0x0000000000000001
RSP=0x00007f9776efa360, RBP=0x00007f975ca1a460, RSI=0x00007f9758fca060, RDI=0x0000000100000000
R8 =0x0000000000000000, R9 =0x00007f977573afc0, R10=0x00007f97b50179e8, R11=0x00007f97ca1bac50
R12=0x00007f975c90e8e0, R13=0x0000000000000000, R14=0x00007f975ca1ab30, R15=0x0000000000000000
RIP=0x00007f974e8ee040, EFLAGS=0x0000000000010206, CSGSFS=0x0000000000000033, ERR=0x0000000000000004
  TRAPNO=0x000000000000000e

Top of Stack: (sp=0x00007f9776efa360)
0x00007f9776efa360:   00007f9776efa450 0000000000000000
0x00007f9776efa370:   00007f9758fc9f80 00007f975ca1a460
0x00007f9776efa380:   00007f975c90e8e0 00007f977573b04e
0x00007f9776efa390:   00007f9776efa3c8 00007f9775988660
0x00007f9776efa3a0:   00007f975cbfda70 00007f9700000000
0x00007f9776efa3b0:   0000000000000000 0000000000000000
0x00007f9776efa3c0:   0000000000000000 00007f9758fc9f80
0x00007f9776efa3d0:   0000000004a0004d 00007f97759d6320
0x00007f9776efa3e0:   00007f9776efa450 0000000000000000
0x00007f9776efa3f0:   00007f97759d6320 00007f9776efa518
0x00007f9776efa400:   00007f976c003000 00007f974fde6849
0x00007f9776efa410:   00007f9775ae9638 00007f9775714ab0
0x00007f9776efa420:   0000000004a0004d 00007f975cbfda70
0x00007f9776efa430:   00007f9776efa4e0 00007f976c0031f8
0x00007f9776efa440:   00007f97b5007dd0 00007f9775714ab0
0x00007f9776efa450:   00007f9776efa4d0 00007f97b5017a14
0x00007f9776efa460:   00007f9775aa94c4 00007f9776efa4b8
0x00007f9776efa470:   00007f9775adba50 0000000000000000
0x00007f9776efa480:   00007f9775aa9500 0000000000000000
0x00007f9776efa490:   00007f9776efa490 0000000000000000
0x00007f9776efa4a0:   00007f9776efa518 00007f97759d79c0
0x00007f9776efa4b0:   0000000000000000 00007f97759d6320
0x00007f9776efa4c0:   0000000000000000 00007f9776efa4f0
0x00007f9776efa4d0:   00007f9776efa560 00007f97b50082bd
0x00007f9776efa4e0:   0000000085770a58 00007f97b5011538
0x00007f9776efa4f0:   00007f9775714ab0 00007f97b5023243
0x00007f9776efa500:   0000000004a0004d 00007f9700000000
0x00007f9776efa510:   00007f975cbfda70 0000000085770d90
0x00007f9776efa520:   00007f9776efa520 00007f97759d6271
0x00007f9776efa530:   00007f9776efa598 00007f97759d79c0
0x00007f9776efa540:   0000000000000000 00007f97759d6280
0x00007f9776efa550:   00007f9776efa4f0 00007f9776efa580 

Instructions: (pc=0x00007f974e8ee040)
0x00007f974e8ee020:   48 83 c4 10 5b 5d 41 5c c3 0f 1f 80 00 00 00 00
0x00007f974e8ee030:   41 54 55 53 48 83 ec 10 48 8b 1f 48 85 db 74 3d
0x00007f974e8ee040:   f6 83 48 05 00 00 01 49 89 f4 89 cd 75 72 83 e2
0x00007f974e8ee050:   01 75 5d 83 e5 fd 74 38 48 8d 35 71 24 0f 00 ba 

Register to memory mapping:

RAX=0x00007f974e8ee030: <offset 0x3ca030> in /usr/lib/x86_64-linux-gnu/dri/i965_dri.so at 0x00007f974e524000
RBX=0x000000000000c000 is an unknown value
RCX=0x0000000000000000 is an unknown value
RDX=0x0000000000000001 is an unknown value
RSP=0x00007f9776efa360 is pointing into the stack for thread: 0x00007f976c003000
RBP=0x00007f975ca1a460 is an unknown value
RSI=0x00007f9758fca060 is an unknown value
RDI=0x0000000100000000 is pointing into metadata
R8 =0x0000000000000000 is an unknown value
R9 =0x00007f977573afc0: <offset 0x42fc0> in /usr/lib/x86_64-linux-gnu/mesa/libGL.so.1 at 0x00007f97756f8000
R10=0x00007f97b50179e8 is at code_begin+808 in an Interpreter codelet
method entry point (kind = native)  [0x00007f97b50176c0, 0x00007f97b5017fc0]  2304 bytes
R11=0x00007f97ca1bac50: <offset 0x9c1c50> in /usr/lib/jvm/java-8-oracle/jre/lib/amd64/server/libjvm.so at 0x00007f97c97f9000
R12=0x00007f975c90e8e0 is an unknown value
R13=0x0000000000000000 is an unknown value
R14=0x00007f975ca1ab30 is an unknown value
R15=0x0000000000000000 is an unknown value


Stack: [0x00007f9776dfc000,0x00007f9776efd000],  sp=0x00007f9776efa360,  free space=1016k
Native frames: (J=compiled Java code, j=interpreted, Vv=VM code, C=native code)
C  [i965_dri.so+0x3ca040]

Java frames: (J=compiled Java code, j=interpreted, Vv=VM code)
j  jogamp.opengl.x11.glx.GLX.dispatch_glXSwapBuffers0(JJJ)V+0
j  jogamp.opengl.x11.glx.GLX.glXSwapBuffers(JJ)V+41
j  jogamp.opengl.x11.glx.X11GLXDrawable.swapBuffersImpl(Z)V+17
j  jogamp.opengl.GLDrawableImpl.swapBuffers()V+67
j  javax.media.opengl.awt.GLCanvas$12.run()V+45
j  java.awt.event.InvocationEvent.dispatch()V+11
j  java.awt.EventQueue.dispatchEventImpl(Ljava/awt/AWTEvent;Ljava/lang/Object;)V+21
j  java.awt.EventQueue.access$500(Ljava/awt/EventQueue;Ljava/awt/AWTEvent;Ljava/lang/Object;)V+3
j  java.awt.EventQueue$3.run()Ljava/lang/Void;+32
J 1587 C1 java.awt.EventQueue$3.run()Ljava/lang/Object; (5 bytes) @ 0x00007f97b559770c [0x00007f97b5597680+0x8c]
v  ~StubRoutines::call_stub
J 462  java.security.AccessController.doPrivileged(Ljava/security/PrivilegedAction;Ljava/security/AccessControlContext;)Ljava/lang/Object; (0 bytes) @ 0x00007f97b52084a3 [0x00007f97b5208440+0x63]
J 1585 C1 java.awt.EventQueue.dispatchEvent(Ljava/awt/AWTEvent;)V (80 bytes) @ 0x00007f97b559ddc4 [0x00007f97b559d440+0x984]
J 1591 C1 java.awt.EventDispatchThread.pumpOneEventForFilters(I)V (295 bytes) @ 0x00007f97b55a1094 [0x00007f97b559f540+0x1b54]
j  java.awt.EventDispatchThread.pumpEventsForFilter(ILjava/awt/Conditional;Ljava/awt/EventFilter;)V+35
j  java.awt.EventDispatchThread.pumpEventsForHierarchy(ILjava/awt/Conditional;Ljava/awt/Component;)V+11
j  java.awt.EventDispatchThread.pumpEvents(ILjava/awt/Conditional;)V+4
j  java.awt.EventDispatchThread.pumpEvents(Ljava/awt/Conditional;)V+3
j  java.awt.EventDispatchThread.run()V+9
v  ~StubRoutines::call_stub

---------------  P R O C E S S  ---------------

Java Threads: ( => current thread )
  0x00007f9759411800 JavaThread "Thread-48" [_thread_blocked, id=5632, stack(0x00007f974a6f0000,0x00007f974a7f1000)]
  0x00007f973c008800 JavaThread "Image Fetcher 3" daemon [_thread_blocked, id=5594, stack(0x00007f974aa2c000,0x00007f974ab2d000)]
  0x00007f9744001800 JavaThread "Image Fetcher 2" daemon [_thread_blocked, id=5593, stack(0x00007f974ab2d000,0x00007f974ac2e000)]
  0x00007f9740009000 JavaThread "Image Fetcher 1" daemon [_thread_blocked, id=5592, stack(0x00007f974ac2e000,0x00007f974ad2f000)]
  0x00007f9734005800 JavaThread "Image Fetcher 0" daemon [_thread_blocked, id=5591, stack(0x00007f974ad2f000,0x00007f974ae30000)]
  0x00007f9734001800 JavaThread "Keep-Alive-Timer" daemon [_thread_blocked, id=5590, stack(0x00007f974ae30000,0x00007f974af31000)]
  0x00007f975c0e5800 JavaThread "Animation Thread-SharedResourceRunner" daemon [_thread_blocked, id=5581, stack(0x00007f977679c000,0x00007f977689d000)]
  0x00007f975c092800 JavaThread "process reaper" daemon [_thread_blocked, id=5576, stack(0x00007f977689d000,0x00007f97768d6000)]
  0x00007f976c009000 JavaThread "Animation Thread" [_thread_blocked, id=5572, stack(0x00007f9776ad6000,0x00007f9776bd7000)]
=>0x00007f976c003000 JavaThread "AWT-EventQueue-1" [_thread_in_native, id=5571, stack(0x00007f9776dfc000,0x00007f9776efd000)]
  0x00007f97c400a000 JavaThread "DestroyJavaVM" [_thread_blocked, id=5547, stack(0x00007f97cb2df000,0x00007f97cb3e0000)]
  0x00007f97c428c000 JavaThread "AWT-EventQueue-0" [_thread_blocked, id=5569, stack(0x00007f97775d6000,0x00007f97776d7000)]
  0x00007f97c4287800 JavaThread "AWT-Shutdown" [_thread_blocked, id=5568, stack(0x00007f97776d7000,0x00007f97777d8000)]
  0x00007f97c4274000 JavaThread "thread applet-module1.HelloWorld.class" [_thread_blocked, id=5567, stack(0x00007f97777d8000,0x00007f97778d9000)]
  0x00007f97c4267000 JavaThread "AWT-XAWT" daemon [_thread_blocked, id=5565, stack(0x00007f97778d9000,0x00007f97779da000)]
  0x00007f97c4241000 JavaThread "Java2D Disposer" daemon [_thread_blocked, id=5564, stack(0x00007f97ac006000,0x00007f97ac107000)]
  0x00007f97c40d3000 JavaThread "Service Thread" daemon [_thread_blocked, id=5562, stack(0x00007f97adb7f000,0x00007f97adc80000)]
  0x00007f97c40bd800 JavaThread "C1 CompilerThread2" daemon [_thread_blocked, id=5561, stack(0x00007f97adc80000,0x00007f97add81000)]
  0x00007f97c40bc000 JavaThread "C2 CompilerThread1" daemon [_thread_blocked, id=5560, stack(0x00007f97add81000,0x00007f97ade82000)]
  0x00007f97c40b9000 JavaThread "C2 CompilerThread0" daemon [_thread_blocked, id=5559, stack(0x00007f97ade82000,0x00007f97adf83000)]
  0x00007f97c40b7800 JavaThread "Signal Dispatcher" daemon [_thread_blocked, id=5558, stack(0x00007f97adf83000,0x00007f97ae084000)]
  0x00007f97c4084000 JavaThread "Finalizer" daemon [_thread_blocked, id=5557, stack(0x00007f97ae766000,0x00007f97ae867000)]
  0x00007f97c407f800 JavaThread "Reference Handler" daemon [_thread_blocked, id=5556, stack(0x00007f97ae867000,0x00007f97ae968000)]

Other Threads:
  0x00007f97c4078000 VMThread [stack: 0x00007f97ae968000,0x00007f97aea69000] [id=5555]
  0x00007f97c40dd800 WatcherThread [stack: 0x00007f97ada7e000,0x00007f97adb7f000] [id=5563]

VM state:not at safepoint (normal execution)

VM Mutex/Monitor currently owned by a thread: None

Heap:
 PSYoungGen      total 68608K, used 15561K [0x00000000d6e00000, 0x00000000db600000, 0x0000000100000000)
  eden space 63488K, 16% used [0x00000000d6e00000,0x00000000d7845d78,0x00000000dac00000)
  from space 5120K, 98% used [0x00000000db100000,0x00000000db5ec950,0x00000000db600000)
  to   space 5120K, 0% used [0x00000000dac00000,0x00000000dac00000,0x00000000db100000)
 ParOldGen       total 84992K, used 20013K [0x0000000084a00000, 0x0000000089d00000, 0x00000000d6e00000)
  object space 84992K, 23% used [0x0000000084a00000,0x0000000085d8b4d0,0x0000000089d00000)
 Metaspace       used 19279K, capacity 19493K, committed 19968K, reserved 1067008K
  class space    used 1845K, capacity 1924K, committed 2048K, reserved 1048576K

Card table byte_map: [0x00007f97b4c24000,0x00007f97b5000000] byte_map_base: 0x00007f97b47ff000

Marking Bits: (ParMarkBitMap*) 0x00007f97ca7ba120
 Begin Bits: [0x00007f97b07de000, 0x00007f97b26b6000)
 End Bits:   [0x00007f97b26b6000, 0x00007f97b458e000)

Polling page: 0x00007f97cb403000

CodeCache: size=245760Kb used=6262Kb max_used=6270Kb free=239497Kb
 bounds [0x00007f97b5000000, 0x00007f97b5630000, 0x00007f97c4000000]
 total_blobs=2747 nmethods=1780 adapters=881
 compilation: enabled

Compilation events (10 events):
Event: 3.727 Thread 0x00007f97c40bd800 1776       3       java.lang.String::valueOf (14 bytes)
Event: 3.728 Thread 0x00007f97c40bd800 nmethod 1776 0x00007f97b5621d10 code [0x00007f97b5621e80, 0x00007f97b56220c8]
Event: 3.729 Thread 0x00007f97c40b9000 1777       4       processing.core.PGraphics::image (224 bytes)
Event: 3.731 Thread 0x00007f97c40b9000 nmethod 1777 0x00007f97b5625050 code [0x00007f97b56251c0, 0x00007f97b5625488]
Event: 3.744 Thread 0x00007f97c40bc000 1778       4       javax.media.opengl.GLContext::isGL2GL3 (20 bytes)
Event: 3.745 Thread 0x00007f97c40bc000 nmethod 1778 0x00007f97b560dd90 code [0x00007f97b560dee0, 0x00007f97b560df98]
Event: 3.762 Thread 0x00007f97c40bd800 1779   !   3       sun.reflect.GeneratedMethodAccessor3::invoke (52 bytes)
Event: 3.763 Thread 0x00007f97c40bd800 nmethod 1779 0x00007f97b56245d0 code [0x00007f97b56247a0, 0x00007f97b5624d28]
Event: 3.773 Thread 0x00007f97c40bd800 1780       1       java.awt.Component::isEnabledImpl (5 bytes)
Event: 3.773 Thread 0x00007f97c40bd800 nmethod 1780 0x00007f97b5624310 code [0x00007f97b5624460, 0x00007f97b5624570]

GC Heap History (8 events):
Event: 0.868 GC heap before
{Heap before GC invocations=1 (full 0):
 PSYoungGen      total 36864K, used 31744K [0x00000000d6e00000, 0x00000000d9700000, 0x0000000100000000)
  eden space 31744K, 100% used [0x00000000d6e00000,0x00000000d8d00000,0x00000000d8d00000)
  from space 5120K, 0% used [0x00000000d9200000,0x00000000d9200000,0x00000000d9700000)
  to   space 5120K, 0% used [0x00000000d8d00000,0x00000000d8d00000,0x00000000d9200000)
 ParOldGen       total 84992K, used 0K [0x0000000084a00000, 0x0000000089d00000, 0x00000000d6e00000)
  object space 84992K, 0% used [0x0000000084a00000,0x0000000084a00000,0x0000000089d00000)
 Metaspace       used 16362K, capacity 16547K, committed 16768K, reserved 1064960K
  class space    used 1585K, capacity 1631K, committed 1664K, reserved 1048576K
Event: 0.874 GC heap after
Heap after GC invocations=1 (full 0):
 PSYoungGen      total 36864K, used 4714K [0x00000000d6e00000, 0x00000000d9700000, 0x0000000100000000)
  eden space 31744K, 0% used [0x00000000d6e00000,0x00000000d6e00000,0x00000000d8d00000)
  from space 5120K, 92% used [0x00000000d8d00000,0x00000000d919a928,0x00000000d9200000)
  to   space 5120K, 0% used [0x00000000d9200000,0x00000000d9200000,0x00000000d9700000)
 ParOldGen       total 84992K, used 16K [0x0000000084a00000, 0x0000000089d00000, 0x00000000d6e00000)
  object space 84992K, 0% used [0x0000000084a00000,0x0000000084a04000,0x0000000089d00000)
 Metaspace       used 16362K, capacity 16547K, committed 16768K, reserved 1064960K
  class space    used 1585K, capacity 1631K, committed 1664K, reserved 1048576K
}
Event: 1.463 GC heap before
{Heap before GC invocations=2 (full 0):
 PSYoungGen      total 36864K, used 36347K [0x00000000d6e00000, 0x00000000d9700000, 0x0000000100000000)
  eden space 31744K, 99% used [0x00000000d6e00000,0x00000000d8ce4630,0x00000000d8d00000)
  from space 5120K, 92% used [0x00000000d8d00000,0x00000000d919a928,0x00000000d9200000)
  to   space 5120K, 0% used [0x00000000d9200000,0x00000000d9200000,0x00000000d9700000)
 ParOldGen       total 84992K, used 16K [0x0000000084a00000, 0x0000000089d00000, 0x00000000d6e00000)
  object space 84992K, 0% used [0x0000000084a00000,0x0000000084a04000,0x0000000089d00000)
 Metaspace       used 18804K, capacity 19017K, committed 19328K, reserved 1067008K
  class space    used 1841K, capacity 1920K, committed 1920K, reserved 1048576K
Event: 1.475 GC heap after
Heap after GC invocations=2 (full 0):
 PSYoungGen      total 36864K, used 5104K [0x00000000d6e00000, 0x00000000db600000, 0x0000000100000000)
  eden space 31744K, 0% used [0x00000000d6e00000,0x00000000d6e00000,0x00000000d8d00000)
  from space 5120K, 99% used [0x00000000d9200000,0x00000000d96fc1e0,0x00000000d9700000)
  to   space 5120K, 0% used [0x00000000d8d00000,0x00000000d8d00000,0x00000000d9200000)
 ParOldGen       total 84992K, used 9714K [0x0000000084a00000, 0x0000000089d00000, 0x00000000d6e00000)
  object space 84992K, 11% used [0x0000000084a00000,0x000000008537c928,0x0000000089d00000)
 Metaspace       used 18804K, capacity 19017K, committed 19328K, reserved 1067008K
  class space    used 1841K, capacity 1920K, committed 1920K, reserved 1048576K
}
Event: 1.639 GC heap before
{Heap before GC invocations=3 (full 0):
 PSYoungGen      total 36864K, used 36641K [0x00000000d6e00000, 0x00000000db600000, 0x0000000100000000)
  eden space 31744K, 99% used [0x00000000d6e00000,0x00000000d8ccc318,0x00000000d8d00000)
  from space 5120K, 99% used [0x00000000d9200000,0x00000000d96fc1e0,0x00000000d9700000)
  to   space 5120K, 0% used [0x00000000d8d00000,0x00000000d8d00000,0x00000000d9200000)
 ParOldGen       total 84992K, used 9714K [0x0000000084a00000, 0x0000000089d00000, 0x00000000d6e00000)
  object space 84992K, 11% used [0x0000000084a00000,0x000000008537c928,0x0000000089d00000)
 Metaspace       used 18852K, capacity 19087K, committed 19456K, reserved 1067008K
  class space    used 1842K, capacity 1921K, committed 2048K, reserved 1048576K
Event: 1.646 GC heap after
Heap after GC invocations=3 (full 0):
 PSYoungGen      total 36864K, used 5106K [0x00000000d6e00000, 0x00000000db600000, 0x0000000100000000)
  eden space 31744K, 0% used [0x00000000d6e00000,0x00000000d6e00000,0x00000000d8d00000)
  from space 5120K, 99% used [0x00000000d8d00000,0x00000000d91fc950,0x00000000d9200000)
  to   space 5120K, 0% used [0x00000000db100000,0x00000000db100000,0x00000000db600000)
 ParOldGen       total 84992K, used 15916K [0x0000000084a00000, 0x0000000089d00000, 0x00000000d6e00000)
  object space 84992K, 18% used [0x0000000084a00000,0x000000008598b3d0,0x0000000089d00000)
 Metaspace       used 18852K, capacity 19087K, committed 19456K, reserved 1067008K
  class space    used 1842K, capacity 1921K, committed 2048K, reserved 1048576K
}
Event: 2.379 GC heap before
{Heap before GC invocations=4 (full 0):
 PSYoungGen      total 36864K, used 36850K [0x00000000d6e00000, 0x00000000db600000, 0x0000000100000000)
  eden space 31744K, 100% used [0x00000000d6e00000,0x00000000d8d00000,0x00000000d8d00000)
  from space 5120K, 99% used [0x00000000d8d00000,0x00000000d91fc950,0x00000000d9200000)
  to   space 5120K, 0% used [0x00000000db100000,0x00000000db100000,0x00000000db600000)
 ParOldGen       total 84992K, used 15916K [0x0000000084a00000, 0x0000000089d00000, 0x00000000d6e00000)
  object space 84992K, 18% used [0x0000000084a00000,0x000000008598b3d0,0x0000000089d00000)
 Metaspace       used 19126K, capacity 19361K, committed 19712K, reserved 1067008K
  class space    used 1843K, capacity 1924K, committed 2048K, reserved 1048576K
Event: 2.387 GC heap after
Heap after GC invocations=4 (full 0):
 PSYoungGen      total 68608K, used 5042K [0x00000000d6e00000, 0x00000000db600000, 0x0000000100000000)
  eden space 63488K, 0% used [0x00000000d6e00000,0x00000000d6e00000,0x00000000dac00000)
  from space 5120K, 98% used [0x00000000db100000,0x00000000db5ec950,0x00000000db600000)
  to   space 5120K, 0% used [0x00000000dac00000,0x00000000dac00000,0x00000000db100000)
 ParOldGen       total 84992K, used 20013K [0x0000000084a00000, 0x0000000089d00000, 0x00000000d6e00000)
  object space 84992K, 23% used [0x0000000084a00000,0x0000000085d8b4d0,0x0000000089d00000)
 Metaspace       used 19126K, capacity 19361K, committed 19712K, reserved 1067008K
  class space    used 1843K, capacity 1924K, committed 2048K, reserved 1048576K
}

Deoptimization events (10 events):
Event: 0.172 Thread 0x00007f97c400a000 Uncommon trap: reason=null_check action=make_not_entrant pc=0x00007f97b5151784 method=java.lang.String.equals(Ljava/lang/Object;)Z @ 8
Event: 0.574 Thread 0x00007f976c009000 Uncommon trap: reason=unstable_if action=reinterpret pc=0x00007f97b520aa10 method=java.lang.String.indexOf([CII[CIII)I @ 3
Event: 1.190 Thread 0x00007f976c003000 Uncommon trap: reason=unstable_if action=reinterpret pc=0x00007f97b5379ca4 method=com.jogamp.common.util.IntIntHashMap.get(I)I @ 19
Event: 1.211 Thread 0x00007f976c003000 Uncommon trap: reason=unstable_if action=reinterpret pc=0x00007f97b51d0570 method=java.lang.AbstractStringBuilder.append(Ljava/lang/String;)Ljava/lang/AbstractStringBuilder; @ 1
Event: 1.319 Thread 0x00007f9759a38800 Uncommon trap: reason=class_check action=maybe_recompile pc=0x00007f97b51c2bd8 method=java.util.Properties$LineReader.readLine()I @ 62
Event: 1.320 Thread 0x00007f9759a38800 Uncommon trap: reason=class_check action=maybe_recompile pc=0x00007f97b51c2bd8 method=java.util.Properties$LineReader.readLine()I @ 62
Event: 1.324 Thread 0x00007f976c003000 Uncommon trap: reason=class_check action=maybe_recompile pc=0x00007f97b53a5fd8 method=com.jogamp.common.nio.Buffers.getDirectBufferByteOffset(Ljava/lang/Object;)I @ 42
Event: 1.369 Thread 0x00007f976c003000 Uncommon trap: reason=class_check action=maybe_recompile pc=0x00007f97b53a5fd8 method=com.jogamp.common.nio.Buffers.getDirectBufferByteOffset(Ljava/lang/Object;)I @ 42
Event: 1.371 Thread 0x00007f976c003000 Uncommon trap: reason=class_check action=maybe_recompile pc=0x00007f97b53a5fd8 method=com.jogamp.common.nio.Buffers.getDirectBufferByteOffset(Ljava/lang/Object;)I @ 42
Event: 1.382 Thread 0x00007f976c003000 Uncommon trap: reason=class_check action=maybe_recompile pc=0x00007f97b53a5fd8 method=com.jogamp.common.nio.Buffers.getDirectBufferByteOffset(Ljava/lang/Object;)I @ 42

Internal exceptions (10 events):
Event: 1.211 Thread 0x00007f976c003000 Implicit null exception at 0x00007f97b51d01f5 to 0x00007f97b51d055d
Event: 1.267 Thread 0x00007f976c003000 Exception <a 'java/lang/reflect/InvocationTargetException'> (0x00000000d7913200) thrown at [/HUDSON3/workspace/8-2-build-linux-amd64/jdk8u101/7261/hotspot/src/share/vm/runtime/reflection.cpp, line 1092]
Event: 1.267 Thread 0x00007f976c003000 Exception <a 'java/lang/reflect/InvocationTargetException'> (0x00000000d79138b0) thrown at [/HUDSON3/workspace/8-2-build-linux-amd64/jdk8u101/7261/hotspot/src/share/vm/runtime/reflection.cpp, line 1092]
Event: 1.373 Thread 0x00007f976c003000 Exception <a 'java/lang/reflect/InvocationTargetException'> (0x00000000d8289a40) thrown at [/HUDSON3/workspace/8-2-build-linux-amd64/jdk8u101/7261/hotspot/src/share/vm/runtime/reflection.cpp, line 1092]
Event: 1.375 Thread 0x00007f976c003000 Exception <a 'java/lang/reflect/InvocationTargetException'> (0x00000000d828a818) thrown at [/HUDSON3/workspace/8-2-build-linux-amd64/jdk8u101/7261/hotspot/src/share/vm/runtime/reflection.cpp, line 1092]
Event: 1.387 Thread 0x00007f976c003000 Exception <a 'java/lang/reflect/InvocationTargetException'> (0x00000000d8347870) thrown at [/HUDSON3/workspace/8-2-build-linux-amd64/jdk8u101/7261/hotspot/src/share/vm/runtime/reflection.cpp, line 1092]
Event: 1.392 Thread 0x00007f976c003000 Exception <a 'java/lang/reflect/InvocationTargetException'> (0x00000000d8348800) thrown at [/HUDSON3/workspace/8-2-build-linux-amd64/jdk8u101/7261/hotspot/src/share/vm/runtime/reflection.cpp, line 1092]
Event: 1.419 Thread 0x00007f976c003000 Exception <a 'java/lang/reflect/InvocationTargetException'> (0x00000000d877f0d8) thrown at [/HUDSON3/workspace/8-2-build-linux-amd64/jdk8u101/7261/hotspot/src/share/vm/runtime/reflection.cpp, line 1092]
Event: 1.420 Thread 0x00007f976c003000 Exception <a 'java/lang/reflect/InvocationTargetException'> (0x00000000d877fac0) thrown at [/HUDSON3/workspace/8-2-build-linux-amd64/jdk8u101/7261/hotspot/src/share/vm/runtime/reflection.cpp, line 1092]
Event: 1.492 Thread 0x00007f976c003000 Exception <a 'java/lang/reflect/InvocationTargetException'> (0x00000000d70efe08) thrown at [/HUDSON3/workspace/8-2-build-linux-amd64/jdk8u101/7261/hotspot/src/share/vm/runtime/reflection.cpp, line 1092]

Events (10 events):
Event: 2.387 Executing VM operation: ParallelGCFailedAllocation done
Event: 3.772 loading class sun/applet/AppletViewer$3
Event: 3.772 loading class sun/applet/AppletViewer$3 done
Event: 3.772 Thread 0x00007f9759411800 Thread added: 0x00007f9759411800
Event: 3.773 loading class sun/applet/AppletPanel$4
Event: 3.773 loading class sun/applet/AppletPanel$4 done
Event: 3.773 loading class java/awt/KeyboardFocusManager$2
Event: 3.773 loading class java/awt/KeyboardFocusManager$2 done
Event: 3.773 loading class sun/awt/SunToolkit$1
Event: 3.773 loading class sun/awt/SunToolkit$1 done


Dynamic libraries:
00400000-00401000 r-xp 00000000 08:07 2243299                            /usr/lib/jvm/java-8-oracle/bin/java
00600000-00601000 rw-p 00000000 08:07 2243299                            /usr/lib/jvm/java-8-oracle/bin/java
00dd8000-00df9000 rw-p 00000000 00:00 0                                  [heap]
84a00000-89d00000 rw-p 00000000 00:00 0 
89d00000-d6e00000 ---p 00000000 00:00 0 
d6e00000-db600000 rw-p 00000000 00:00 0 
db600000-100000000 ---p 00000000 00:00 0 
100000000-100200000 rw-p 00000000 00:00 0 
100200000-140000000 ---p 00000000 00:00 0 
7f9724000000-7f9724021000 rw-p 00000000 00:00 0 
7f9724021000-7f9728000000 ---p 00000000 00:00 0 
7f972c000000-7f972c021000 rw-p 00000000 00:00 0 
7f972c021000-7f9730000000 ---p 00000000 00:00 0 
7f9730000000-7f9730021000 rw-p 00000000 00:00 0 
7f9730021000-7f9734000000 ---p 00000000 00:00 0 
7f9734000000-7f9734021000 rw-p 00000000 00:00 0 
7f9734021000-7f9738000000 ---p 00000000 00:00 0 
7f9738000000-7f9738021000 rw-p 00000000 00:00 0 
7f9738021000-7f973c000000 ---p 00000000 00:00 0 
7f973c000000-7f973c021000 rw-p 00000000 00:00 0 
7f973c021000-7f9740000000 ---p 00000000 00:00 0 
7f9740000000-7f9740021000 rw-p 00000000 00:00 0 
7f9740021000-7f9744000000 ---p 00000000 00:00 0 
7f9744000000-7f9744021000 rw-p 00000000 00:00 0 
7f9744021000-7f9748000000 ---p 00000000 00:00 0 
7f974923f000-7f97492af000 rw-s 00000000 00:05 81605                      /drm mm object (deleted)
7f97492af000-7f974931f000 rw-s 00000000 00:05 83100                      /drm mm object (deleted)
7f974931f000-7f974938f000 rw-s 00000000 00:05 83099                      /drm mm object (deleted)
7f974938f000-7f97493ff000 rw-s 00000000 00:05 81604                      /drm mm object (deleted)
7f97493ff000-7f974946f000 rw-s 00000000 00:05 81603                      /drm mm object (deleted)
7f974946f000-7f97494df000 rw-s 00000000 00:05 81602                      /drm mm object (deleted)
7f97494df000-7f974954f000 rw-s 00000000 00:05 81601                      /drm mm object (deleted)
7f974954f000-7f97495bf000 rw-s 00000000 00:05 81600                      /drm mm object (deleted)
7f97495bf000-7f974962f000 rw-s 00000000 00:05 81599                      /drm mm object (deleted)
7f974962f000-7f974969f000 rw-s 00000000 00:05 81598                      /drm mm object (deleted)
7f974969f000-7f974970f000 rw-s 00000000 00:05 81597                      /drm mm object (deleted)
7f974970f000-7f974977f000 rw-s 00000000 00:05 81596                      /drm mm object (deleted)
7f974977f000-7f97497ef000 rw-s 00000000 00:05 81595                      /drm mm object (deleted)
7f97497ef000-7f974985f000 rw-s 00000000 00:05 81594                      /drm mm object (deleted)
7f974985f000-7f97498cf000 rw-s 00000000 00:05 80622                      /drm mm object (deleted)
7f97498cf000-7f974993f000 rw-s 00000000 00:05 80621                      /drm mm object (deleted)
7f974993f000-7f97499af000 rw-s 00000000 00:05 80620                      /drm mm object (deleted)
7f97499af000-7f9749a1f000 rw-s 00000000 00:05 83097                      /drm mm object (deleted)
7f9749a1f000-7f9749a8f000 rw-s 00000000 00:05 83096                      /drm mm object (deleted)
7f9749a8f000-7f9749aff000 rw-s 00000000 00:05 83095                      /drm mm object (deleted)
7f9749aff000-7f9749b6f000 rw-s 00000000 00:05 82513                      /drm mm object (deleted)
7f9749b6f000-7f9749bdf000 rw-s 00000000 00:05 82512                      /drm mm object (deleted)
7f9749bdf000-7f9749c4f000 rw-s 00000000 00:05 82511                      /drm mm object (deleted)
7f9749c4f000-7f9749cbf000 rw-s 00000000 00:05 82510                      /drm mm object (deleted)
7f9749cbf000-7f9749d2f000 rw-s 00000000 00:05 82509                      /drm mm object (deleted)
7f9749d2f000-7f9749d9f000 rw-s 00000000 00:05 82508                      /drm mm object (deleted)
7f9749d9f000-7f9749e0f000 rw-s 00000000 00:05 82507                      /drm mm object (deleted)
7f9749e0f000-7f9749e7f000 rw-s 00000000 00:05 81592                      /drm mm object (deleted)
7f9749e7f000-7f9749eef000 rw-s 00000000 00:05 81590                      /drm mm object (deleted)
7f9749eef000-7f9749f5f000 rw-s 00000000 00:05 81589                      /drm mm object (deleted)
7f9749f5f000-7f9749fcf000 rw-s 00000000 00:05 81588                      /drm mm object (deleted)
7f9749fcf000-7f974a03f000 rw-s 00000000 00:05 81577                      /drm mm object (deleted)
7f974a03f000-7f974a0af000 rw-s 00000000 00:05 81576                      /drm mm object (deleted)
7f974a0af000-7f974a11f000 rw-s 00000000 00:05 81575                      /drm mm object (deleted)
7f974a11f000-7f974a18f000 rw-s 00000000 00:05 81574                      /drm mm object (deleted)
7f974a18f000-7f974a1ff000 rw-s 00000000 00:05 80619                      /drm mm object (deleted)
7f974a1ff000-7f974a26f000 rw-s 00000000 00:05 82506                      /drm mm object (deleted)
7f974a26f000-7f974a2df000 rw-s 00000000 00:05 82505                      /drm mm object (deleted)
7f974a2df000-7f974a34f000 rw-s 00000000 00:05 82504                      /drm mm object (deleted)
7f974a34f000-7f974a3bf000 rw-s 00000000 00:05 82487                      /drm mm object (deleted)
7f974a3bf000-7f974a42f000 rw-s 00000000 00:05 82478                      /drm mm object (deleted)
7f974a42f000-7f974a49f000 rw-s 00000000 00:05 81564                      /drm mm object (deleted)
7f974a49f000-7f974a50f000 rw-s 00000000 00:05 81563                      /drm mm object (deleted)
7f974a50f000-7f974a57f000 rw-s 00000000 00:05 81562                      /drm mm object (deleted)
7f974a57f000-7f974a5ef000 rw-s 00000000 00:05 83093                      /drm mm object (deleted)
7f974a5ef000-7f974a5f2000 ---p 00000000 00:00 0 
7f974a5f2000-7f974a6f0000 rw-p 00000000 00:00 0 
7f974a6f0000-7f974a6f3000 ---p 00000000 00:00 0 
7f974a6f3000-7f974a7f1000 rw-p 00000000 00:00 0 
7f974a7f1000-7f974a82c000 r-xp 00000000 08:07 2243066                    /usr/lib/jvm/java-8-oracle/jre/lib/amd64/libjpeg.so
7f974a82c000-7f974aa2b000 ---p 0003b000 08:07 2243066                    /usr/lib/jvm/java-8-oracle/jre/lib/amd64/libjpeg.so
7f974aa2b000-7f974aa2c000 rw-p 0003a000 08:07 2243066                    /usr/lib/jvm/java-8-oracle/jre/lib/amd64/libjpeg.so
7f974aa2c000-7f974aa2f000 ---p 00000000 00:00 0 
7f974aa2f000-7f974ab2d000 rw-p 00000000 00:00 0 
7f974ab2d000-7f974ab30000 ---p 00000000 00:00 0 
7f974ab30000-7f974ac2e000 rw-p 00000000 00:00 0 
7f974ac2e000-7f974ac31000 ---p 00000000 00:00 0 
7f974ac31000-7f974ad2f000 rw-p 00000000 00:00 0 
7f974ad2f000-7f974ad32000 ---p 00000000 00:00 0 
7f974ad32000-7f974ae30000 rw-p 00000000 00:00 0 
7f974ae30000-7f974ae33000 ---p 00000000 00:00 0 
7f974ae33000-7f974af31000 rw-p 00000000 00:00 0 
7f974af31000-7f974af61000 rw-s 127712000 00:06 10983                     /dev/dri/card0
7f974af61000-7f974b021000 rw-s 00000000 00:05 82414                      /drm mm object (deleted)
7f974b021000-7f974b024000 ---p 00000000 00:00 0 
7f974b024000-7f974b122000 rw-p 00000000 00:00 0 
7f974b122000-7f974b125000 ---p 00000000 00:00 0 
7f974b125000-7f974b223000 rw-p 00000000 00:00 0 
7f974b223000-7f974b226000 ---p 00000000 00:00 0 
7f974b226000-7f974b324000 rw-p 00000000 00:00 0 
7f974b324000-7f974b327000 ---p 00000000 00:00 0 
7f974b327000-7f974b425000 rw-p 00000000 00:00 0 
7f974b425000-7f974b455000 rw-s 1276e2000 00:06 10983                     /dev/dri/card0
7f974b455000-7f974b515000 rw-s 00000000 00:05 82402                      /drm mm object (deleted)
7f974b515000-7f974b5d5000 rw-s 00000000 00:05 82374                      /drm mm object (deleted)
7f974b5d5000-7f974b5ec000 r-xp 00000000 08:07 536396                     /lib/x86_64-linux-gnu/libresolv-2.19.so
7f974b5ec000-7f974b7ec000 ---p 00017000 08:07 536396                     /lib/x86_64-linux-gnu/libresolv-2.19.so
7f974b7ec000-7f974b7ed000 r--p 00017000 08:07 536396                     /lib/x86_64-linux-gnu/libresolv-2.19.so
7f974b7ed000-7f974b7ee000 rw-p 00018000 08:07 536396                     /lib/x86_64-linux-gnu/libresolv-2.19.so
7f974b7ee000-7f974b7f0000 rw-p 00000000 00:00 0 
7f974b7f0000-7f974b7f5000 r-xp 00000000 08:07 536440                     /lib/x86_64-linux-gnu/libnss_dns-2.19.so
7f974b7f5000-7f974b9f4000 ---p 00005000 08:07 536440                     /lib/x86_64-linux-gnu/libnss_dns-2.19.so
7f974b9f4000-7f974b9f5000 r--p 00004000 08:07 536440                     /lib/x86_64-linux-gnu/libnss_dns-2.19.so
7f974b9f5000-7f974b9f6000 rw-p 00005000 08:07 536440                     /lib/x86_64-linux-gnu/libnss_dns-2.19.so
7f974b9f6000-7f974b9f8000 r-xp 00000000 08:07 527807                     /lib/x86_64-linux-gnu/libnss_mdns4_minimal.so.2
7f974b9f8000-7f974bbf7000 ---p 00002000 08:07 527807                     /lib/x86_64-linux-gnu/libnss_mdns4_minimal.so.2
7f974bbf7000-7f974bbf8000 r--p 00001000 08:07 527807                     /lib/x86_64-linux-gnu/libnss_mdns4_minimal.so.2
7f974bbf8000-7f974bbf9000 rw-p 00002000 08:07 527807                     /lib/x86_64-linux-gnu/libnss_mdns4_minimal.so.2
7f974bbf9000-7f974bbfc000 ---p 00000000 00:00 0 
7f974bbfc000-7f974bcfa000 rw-p 00000000 00:00 0 
7f974bcfa000-7f974bcfd000 ---p 00000000 00:00 0 
7f974bcfd000-7f974bdfb000 rw-p 00000000 00:00 0 
7f974bdfb000-7f974bdfe000 ---p 00000000 00:00 0 
7f974bdfe000-7f974befc000 rw-p 00000000 00:00 0 
7f974befc000-7f974beff000 ---p 00000000 00:00 0 
7f974beff000-7f974c17d000 rw-p 00000000 00:00 0 
7f974c17d000-7f974c1fd000 ---p 00000000 00:00 0 
7f974c1fd000-7f974c2bd000 rw-s 00000000 00:05 82367                      /drm mm object (deleted)
7f974c2bd000-7f974c35d000 rw-s 1275df000 00:06 10983                     /dev/dri/card0
7f974c35d000-7f974c5dd000 rw-s 00000000 00:05 82343                      /drm mm object (deleted)
7f974c5dd000-7f974c85d000 rw-s 00000000 00:05 82342                      /drm mm object (deleted)
7f974c85d000-7f974c8fd000 rw-s 12753f000 00:06 10983                     /dev/dri/card0
7f974c8fd000-7f974c941000 r-xp 00000000 08:07 527740                     /lib/x86_64-linux-gnu/libdbus-1.so.3.7.6
7f974c941000-7f974cb40000 ---p 00044000 08:07 527740                     /lib/x86_64-linux-gnu/libdbus-1.so.3.7.6
7f974cb40000-7f974cb41000 r--p 00043000 08:07 527740                     /lib/x86_64-linux-gnu/libdbus-1.so.3.7.6
7f974cb41000-7f974cb42000 rw-p 00044000 08:07 527740                     /lib/x86_64-linux-gnu/libdbus-1.so.3.7.6
7f974cb42000-7f974cb4a000 r-xp 00000000 08:07 527788                     /lib/x86_64-linux-gnu/libnih-dbus.so.1.0.0
7f974cb4a000-7f974cd4a000 ---p 00008000 08:07 527788                     /lib/x86_64-linux-gnu/libnih-dbus.so.1.0.0
7f974cd4a000-7f974cd4b000 r--p 00008000 08:07 527788                     /lib/x86_64-linux-gnu/libnih-dbus.so.1.0.0
7f974cd4b000-7f974cd4c000 rw-p 00009000 08:07 527788                     /lib/x86_64-linux-gnu/libnih-dbus.so.1.0.0
7f974cd4c000-7f974cd63000 r-xp 00000000 08:07 527790                     /lib/x86_64-linux-gnu/libnih.so.1.0.0
7f974cd63000-7f974cf62000 ---p 00017000 08:07 527790                     /lib/x86_64-linux-gnu/libnih.so.1.0.0
7f974cf62000-7f974cf63000 r--p 00016000 08:07 527790                     /lib/x86_64-linux-gnu/libnih.so.1.0.0
7f974cf63000-7f974cf64000 rw-p 00017000 08:07 527790                     /lib/x86_64-linux-gnu/libnih.so.1.0.0
7f974cf64000-7f974cf7d000 r-xp 00000000 08:07 527840                     /lib/x86_64-linux-gnu/libcgmanager.so.0.0.0
7f974cf7d000-7f974d17c000 ---p 00019000 08:07 527840                     /lib/x86_64-linux-gnu/libcgmanager.so.0.0.0
7f974d17c000-7f974d17e000 r--p 00018000 08:07 527840                     /lib/x86_64-linux-gnu/libcgmanager.so.0.0.0
7f974d17e000-7f974d17f000 rw-p 0001a000 08:07 527840                     /lib/x86_64-linux-gnu/libcgmanager.so.0.0.0
7f974d17f000-7f974d18f000 r-xp 00000000 08:07 527777                     /lib/x86_64-linux-gnu/libudev.so.1.3.5
7f974d18f000-7f974d38e000 ---p 00010000 08:07 527777                     /lib/x86_64-linux-gnu/libudev.so.1.3.5
7f974d38e000-7f974d38f000 r--p 0000f000 08:07 527777                     /lib/x86_64-linux-gnu/libudev.so.1.3.5
7f974d38f000-7f974d390000 rw-p 00010000 08:07 527777                     /lib/x86_64-linux-gnu/libudev.so.1.3.5
7f974d390000-7f974d392000 r-xp 00000000 08:07 2233449                    /usr/lib/x86_64-linux-gnu/libXinerama.so.1.0.0
7f974d392000-7f974d591000 ---p 00002000 08:07 2233449                    /usr/lib/x86_64-linux-gnu/libXinerama.so.1.0.0
7f974d591000-7f974d592000 r--p 00001000 08:07 2233449                    /usr/lib/x86_64-linux-gnu/libXinerama.so.1.0.0
7f974d592000-7f974d593000 rw-p 00002000 08:07 2233449                    /usr/lib/x86_64-linux-gnu/libXinerama.so.1.0.0
7f974d593000-7f974d5ca000 r-xp 00000000 08:07 2234372                    /usr/lib/x86_64-linux-gnu/libtxc_dxtn_s2tc.so.0.0.0
7f974d5ca000-7f974d7c9000 ---p 00037000 08:07 2234372                    /usr/lib/x86_64-linux-gnu/libtxc_dxtn_s2tc.so.0.0.0
7f974d7c9000-7f974d7ca000 r--p 00036000 08:07 2234372                    /usr/lib/x86_64-linux-gnu/libtxc_dxtn_s2tc.so.0.0.0
7f974d7ca000-7f974d7cb000 rw-p 00037000 08:07 2234372                    /usr/lib/x86_64-linux-gnu/libtxc_dxtn_s2tc.so.0.0.0
7f974d7cb000-7f974d7e3000 r-xp 00000000 08:07 527889                     /lib/x86_64-linux-gnu/libz.so.1.2.8
7f974d7e3000-7f974d9e2000 ---p 00018000 08:07 527889                     /lib/x86_64-linux-gnu/libz.so.1.2.8
7f974d9e2000-7f974d9e3000 r--p 00017000 08:07 527889                     /lib/x86_64-linux-gnu/libz.so.1.2.8
7f974d9e3000-7f974d9e4000 rw-p 00018000 08:07 527889                     /lib/x86_64-linux-gnu/libz.so.1.2.8
7f974d9e4000-7f974d9ec000 r-xp 00000000 08:07 2234177                    /usr/lib/x86_64-linux-gnu/libpciaccess.so.0.11.1
7f974d9ec000-7f974dbeb000 ---p 00008000 08:07 2234177                    /usr/lib/x86_64-linux-gnu/libpciaccess.so.0.11.1
7f974dbeb000-7f974dbec000 r--p 00007000 08:07 2234177                    /usr/lib/x86_64-linux-gnu/libpciaccess.so.0.11.1
7f974dbec000-7f974dbed000 rw-p 00008000 08:07 2234177                    /usr/lib/x86_64-linux-gnu/libpciaccess.so.0.11.1
7f974dbed000-7f974dcd3000 r-xp 00000000 08:07 2237172                    /usr/lib/x86_64-linux-gnu/libstdc++.so.6.0.19
7f974dcd3000-7f974ded2000 ---p 000e6000 08:07 2237172                    /usr/lib/x86_64-linux-gnu/libstdc++.so.6.0.19
7f974ded2000-7f974deda000 r--p 000e5000 08:07 2237172                    /usr/lib/x86_64-linux-gnu/libstdc++.so.6.0.19
7f974deda000-7f974dedc000 rw-p 000ed000 08:07 2237172                    /usr/lib/x86_64-linux-gnu/libstdc++.so.6.0.19
7f974dedc000-7f974def1000 rw-p 00000000 00:00 0 
7f974def1000-7f974defc000 r-xp 00000000 08:07 2228223                    /usr/lib/x86_64-linux-gnu/libdrm_radeon.so.1.0.1
7f974defc000-7f974e0fb000 ---p 0000b000 08:07 2228223                    /usr/lib/x86_64-linux-gnu/libdrm_radeon.so.1.0.1
7f974e0fb000-7f974e0fc000 r--p 0000a000 08:07 2228223                    /usr/lib/x86_64-linux-gnu/libdrm_radeon.so.1.0.1
7f974e0fc000-7f974e0fd000 rw-p 0000b000 08:07 2228223                    /usr/lib/x86_64-linux-gnu/libdrm_radeon.so.1.0.1
7f974e0fd000-7f974e103000 r-xp 00000000 08:07 2228221                    /usr/lib/x86_64-linux-gnu/libdrm_nouveau.so.2.0.0
7f974e103000-7f974e302000 ---p 00006000 08:07 2228221                    /usr/lib/x86_64-linux-gnu/libdrm_nouveau.so.2.0.0
7f974e302000-7f974e303000 r--p 00005000 08:07 2228221                    /usr/lib/x86_64-linux-gnu/libdrm_nouveau.so.2.0.0
7f974e303000-7f974e304000 rw-p 00006000 08:07 2228221                    /usr/lib/x86_64-linux-gnu/libdrm_nouveau.so.2.0.0
7f974e304000-7f974e323000 r-xp 00000000 08:07 2225001                    /usr/lib/x86_64-linux-gnu/libdrm_intel.so.1.0.0
7f974e323000-7f974e522000 ---p 0001f000 08:07 2225001                    /usr/lib/x86_64-linux-gnu/libdrm_intel.so.1.0.0
7f974e522000-7f974e523000 r--p 0001e000 08:07 2225001                    /usr/lib/x86_64-linux-gnu/libdrm_intel.so.1.0.0
7f974e523000-7f974e524000 rw-p 0001f000 08:07 2225001                    /usr/lib/x86_64-linux-gnu/libdrm_intel.so.1.0.0
7f974e524000-7f974ea78000 r-xp 00000000 08:07 2486115                    /usr/lib/x86_64-linux-gnu/dri/i965_dri.so
7f974ea78000-7f974ec78000 ---p 00554000 08:07 2486115                    /usr/lib/x86_64-linux-gnu/dri/i965_dri.so
7f974ec78000-7f974ec99000 r--p 00554000 08:07 2486115                    /usr/lib/x86_64-linux-gnu/dri/i965_dri.so
7f974ec99000-7f974eca0000 rw-p 00575000 08:07 2486115                    /usr/lib/x86_64-linux-gnu/dri/i965_dri.so
7f974eca0000-7f974eca7000 rw-p 00000000 00:00 0 
7f974eca7000-7f974ecad000 r-xp 00000000 08:07 2486163                    /usr/lib/x86_64-linux-gnu/mesa-egl/libGLESv2.so.2.0.0
7f974ecad000-7f974eeac000 ---p 00006000 08:07 2486163                    /usr/lib/x86_64-linux-gnu/mesa-egl/libGLESv2.so.2.0.0
7f974eeac000-7f974eead000 r--p 00005000 08:07 2486163                    /usr/lib/x86_64-linux-gnu/mesa-egl/libGLESv2.so.2.0.0
7f974eead000-7f974eeae000 rw-p 00006000 08:07 2486163                    /usr/lib/x86_64-linux-gnu/mesa-egl/libGLESv2.so.2.0.0
7f974eeae000-7f974eef3000 r-xp 00000000 08:07 1447848                    /tmp/jogamp_0000/file_cache/jln8140804929956456732/jln4450155368238423141/libjogl_mobile.so
7f974eef3000-7f974f0f3000 ---p 00045000 08:07 1447848                    /tmp/jogamp_0000/file_cache/jln8140804929956456732/jln4450155368238423141/libjogl_mobile.so
7f974f0f3000-7f974f0f4000 rw-p 00045000 08:07 1447848                    /tmp/jogamp_0000/file_cache/jln8140804929956456732/jln4450155368238423141/libjogl_mobile.so
7f974f0f4000-7f974f0fb000 r-xp 00000000 08:07 2224412                    /usr/lib/x86_64-linux-gnu/libffi.so.6.0.1
7f974f0fb000-7f974f2fa000 ---p 00007000 08:07 2224412                    /usr/lib/x86_64-linux-gnu/libffi.so.6.0.1
7f974f2fa000-7f974f2fb000 r--p 00006000 08:07 2224412                    /usr/lib/x86_64-linux-gnu/libffi.so.6.0.1
7f974f2fb000-7f974f2fc000 rw-p 00007000 08:07 2224412                    /usr/lib/x86_64-linux-gnu/libffi.so.6.0.1
7f974f2fc000-7f974f308000 r-xp 00000000 08:07 2224797                    /usr/lib/x86_64-linux-gnu/libgbm.so.1.0.0
7f974f308000-7f974f508000 ---p 0000c000 08:07 2224797                    /usr/lib/x86_64-linux-gnu/libgbm.so.1.0.0
7f974f508000-7f974f509000 r--p 0000c000 08:07 2224797                    /usr/lib/x86_64-linux-gnu/libgbm.so.1.0.0
7f974f509000-7f974f50a000 rw-p 0000d000 08:07 2224797                    /usr/lib/x86_64-linux-gnu/libgbm.so.1.0.0
7f974f50a000-7f974f519000 r-xp 00000000 08:07 2234438                    /usr/lib/x86_64-linux-gnu/libwayland-server.so.0.1.0
7f974f519000-7f974f718000 ---p 0000f000 08:07 2234438                    /usr/lib/x86_64-linux-gnu/libwayland-server.so.0.1.0
7f974f718000-7f974f71a000 r--p 0000e000 08:07 2234438                    /usr/lib/x86_64-linux-gnu/libwayland-server.so.0.1.0
7f974f71a000-7f974f71b000 rw-p 00010000 08:07 2234438                    /usr/lib/x86_64-linux-gnu/libwayland-server.so.0.1.0
7f974f71b000-7f974f726000 r-xp 00000000 08:07 2234432                    /usr/lib/x86_64-linux-gnu/libwayland-client.so.0.2.0
7f974f726000-7f974f925000 ---p 0000b000 08:07 2234432                    /usr/lib/x86_64-linux-gnu/libwayland-client.so.0.2.0
7f974f925000-7f974f927000 r--p 0000a000 08:07 2234432                    /usr/lib/x86_64-linux-gnu/libwayland-client.so.0.2.0
7f974f927000-7f974f928000 rw-p 0000c000 08:07 2234432                    /usr/lib/x86_64-linux-gnu/libwayland-client.so.0.2.0
7f974f928000-7f974f92d000 r-xp 00000000 08:07 2234488                    /usr/lib/x86_64-linux-gnu/libxcb-xfixes.so.0.0.0
7f974f92d000-7f974fb2d000 ---p 00005000 08:07 2234488                    /usr/lib/x86_64-linux-gnu/libxcb-xfixes.so.0.0.0
7f974fb2d000-7f974fb2e000 r--p 00005000 08:07 2234488                    /usr/lib/x86_64-linux-gnu/libxcb-xfixes.so.0.0.0
7f974fb2e000-7f974fb2f000 rw-p 00006000 08:07 2234488                    /usr/lib/x86_64-linux-gnu/libxcb-xfixes.so.0.0.0
7f974fb2f000-7f974fb57000 r-xp 00000000 08:07 2486109                    /usr/lib/x86_64-linux-gnu/mesa-egl/libEGL.so.1.0.0
7f974fb57000-7f974fd57000 ---p 00028000 08:07 2486109                    /usr/lib/x86_64-linux-gnu/mesa-egl/libEGL.so.1.0.0
7f974fd57000-7f974fd58000 r--p 00028000 08:07 2486109                    /usr/lib/x86_64-linux-gnu/mesa-egl/libEGL.so.1.0.0
7f974fd58000-7f974fd59000 rw-p 00029000 08:07 2486109                    /usr/lib/x86_64-linux-gnu/mesa-egl/libEGL.so.1.0.0
7f974fd59000-7f974fd5a000 rw-p 00000000 00:00 0 
7f974fd5a000-7f974fdff000 r-xp 00000000 08:07 1447847                    /tmp/jogamp_0000/file_cache/jln8140804929956456732/jln4450155368238423141/libjogl_desktop.so
7f974fdff000-7f974ffff000 ---p 000a5000 08:07 1447847                    /tmp/jogamp_0000/file_cache/jln8140804929956456732/jln4450155368238423141/libjogl_desktop.so
7f974ffff000-7f9750000000 rw-p 000a5000 08:07 1447847                    /tmp/jogamp_0000/file_cache/jln8140804929956456732/jln4450155368238423141/libjogl_desktop.so
7f9750000000-7f9750021000 rw-p 00000000 00:00 0 
7f9750021000-7f9754000000 ---p 00000000 00:00 0 
7f9754000000-7f9756e0e000 rw-p 00000000 00:00 0 
7f9756e0e000-7f9758000000 ---p 00000000 00:00 0 
7f9758000000-7f975a2d9000 rw-p 00000000 00:00 0 
7f975a2d9000-7f975c000000 ---p 00000000 00:00 0 
7f975c000000-7f975d2d7000 rw-p 00000000 00:00 0 
7f975d2d7000-7f9760000000 ---p 00000000 00:00 0 
7f9760000000-7f9760021000 rw-p 00000000 00:00 0 
7f9760021000-7f9764000000 ---p 00000000 00:00 0 
7f9764000000-7f9764048000 rw-p 00000000 00:00 0 
7f9764048000-7f9768000000 ---p 00000000 00:00 0 
7f9768000000-7f9768026000 rw-p 00000000 00:00 0 
7f9768026000-7f976c000000 ---p 00000000 00:00 0 
7f976c000000-7f976c021000 rw-p 00000000 00:00 0 
7f976c021000-7f9770000000 ---p 00000000 00:00 0 
7f9770000000-7f9770021000 rw-p 00000000 00:00 0 
7f9770021000-7f9774000000 ---p 00000000 00:00 0 
7f9774000000-7f9774008000 rw-s 00000000 00:05 81591                      /drm mm object (deleted)
7f9774008000-7f9774038000 rw-s 1276b0000 00:06 10983                     /dev/dri/card0
7f9774038000-7f9774068000 rw-s 127680000 00:06 10983                     /dev/dri/card0
7f9774068000-7f9774074000 r-xp 00000000 08:07 2228149                    /usr/lib/x86_64-linux-gnu/libdrm.so.2.4.0
7f9774074000-7f9774273000 ---p 0000c000 08:07 2228149                    /usr/lib/x86_64-linux-gnu/libdrm.so.2.4.0
7f9774273000-7f9774274000 r--p 0000b000 08:07 2228149                    /usr/lib/x86_64-linux-gnu/libdrm.so.2.4.0
7f9774274000-7f9774275000 rw-p 0000c000 08:07 2228149                    /usr/lib/x86_64-linux-gnu/libdrm.so.2.4.0
7f9774275000-7f9774276000 r-xp 00000000 08:07 2234502                    /usr/lib/x86_64-linux-gnu/libxshmfence.so.1.0.0
7f9774276000-7f9774475000 ---p 00001000 08:07 2234502                    /usr/lib/x86_64-linux-gnu/libxshmfence.so.1.0.0
7f9774475000-7f9774476000 r--p 00000000 08:07 2234502                    /usr/lib/x86_64-linux-gnu/libxshmfence.so.1.0.0
7f9774476000-7f9774477000 rw-p 00001000 08:07 2234502                    /usr/lib/x86_64-linux-gnu/libxshmfence.so.1.0.0
7f9774477000-7f977447c000 r-xp 00000000 08:07 2234484                    /usr/lib/x86_64-linux-gnu/libxcb-sync.so.1.0.0
7f977447c000-7f977467b000 ---p 00005000 08:07 2234484                    /usr/lib/x86_64-linux-gnu/libxcb-sync.so.1.0.0
7f977467b000-7f977467c000 r--p 00004000 08:07 2234484                    /usr/lib/x86_64-linux-gnu/libxcb-sync.so.1.0.0
7f977467c000-7f977467d000 rw-p 00005000 08:07 2234484                    /usr/lib/x86_64-linux-gnu/libxcb-sync.so.1.0.0
7f977467d000-7f977467f000 r-xp 00000000 08:07 2234472                    /usr/lib/x86_64-linux-gnu/libxcb-present.so.0.0.0
7f977467f000-7f977487e000 ---p 00002000 08:07 2234472                    /usr/lib/x86_64-linux-gnu/libxcb-present.so.0.0.0
7f977487e000-7f977487f000 r--p 00001000 08:07 2234472                    /usr/lib/x86_64-linux-gnu/libxcb-present.so.0.0.0
7f977487f000-7f9774880000 rw-p 00002000 08:07 2234472                    /usr/lib/x86_64-linux-gnu/libxcb-present.so.0.0.0
7f9774880000-7f9774882000 r-xp 00000000 08:07 2234462                    /usr/lib/x86_64-linux-gnu/libxcb-dri3.so.0.0.0
7f9774882000-7f9774a81000 ---p 00002000 08:07 2234462                    /usr/lib/x86_64-linux-gnu/libxcb-dri3.so.0.0.0
7f9774a81000-7f9774a82000 r--p 00001000 08:07 2234462                    /usr/lib/x86_64-linux-gnu/libxcb-dri3.so.0.0.0
7f9774a82000-7f9774a83000 rw-p 00002000 08:07 2234462                    /usr/lib/x86_64-linux-gnu/libxcb-dri3.so.0.0.0
7f9774a83000-7f9774a86000 r-xp 00000000 08:07 2234460                    /usr/lib/x86_64-linux-gnu/libxcb-dri2.so.0.0.0
7f9774a86000-7f9774c86000 ---p 00003000 08:07 2234460                    /usr/lib/x86_64-linux-gnu/libxcb-dri2.so.0.0.0
7f9774c86000-7f9774c87000 r--p 00003000 08:07 2234460                    /usr/lib/x86_64-linux-gnu/libxcb-dri2.so.0.0.0
7f9774c87000-7f9774c88000 rw-p 00004000 08:07 2234460                    /usr/lib/x86_64-linux-gnu/libxcb-dri2.so.0.0.0
7f9774c88000-7f9774c9d000 r-xp 00000000 08:07 2234464                    /usr/lib/x86_64-linux-gnu/libxcb-glx.so.0.0.0
7f9774c9d000-7f9774e9c000 ---p 00015000 08:07 2234464                    /usr/lib/x86_64-linux-gnu/libxcb-glx.so.0.0.0
7f9774e9c000-7f9774e9e000 r--p 00014000 08:07 2234464                    /usr/lib/x86_64-linux-gnu/libxcb-glx.so.0.0.0
7f9774e9e000-7f9774e9f000 rw-p 00016000 08:07 2234464                    /usr/lib/x86_64-linux-gnu/libxcb-glx.so.0.0.0
7f9774e9f000-7f9774ea0000 r-xp 00000000 08:07 2233420                    /usr/lib/x86_64-linux-gnu/libX11-xcb.so.1.0.0
7f9774ea0000-7f977509f000 ---p 00001000 08:07 2233420                    /usr/lib/x86_64-linux-gnu/libX11-xcb.so.1.0.0
7f977509f000-7f97750a0000 r--p 00000000 08:07 2233420                    /usr/lib/x86_64-linux-gnu/libX11-xcb.so.1.0.0
7f97750a0000-7f97750a1000 rw-p 00001000 08:07 2233420                    /usr/lib/x86_64-linux-gnu/libX11-xcb.so.1.0.0
7f97750a1000-7f97750a3000 r-xp 00000000 08:07 2233435                    /usr/lib/x86_64-linux-gnu/libXdamage.so.1.1.0
7f97750a3000-7f97752a2000 ---p 00002000 08:07 2233435                    /usr/lib/x86_64-linux-gnu/libXdamage.so.1.1.0
7f97752a2000-7f97752a3000 r--p 00001000 08:07 2233435                    /usr/lib/x86_64-linux-gnu/libXdamage.so.1.1.0
7f97752a3000-7f97752a4000 rw-p 00002000 08:07 2233435                    /usr/lib/x86_64-linux-gnu/libXdamage.so.1.1.0
7f97752a4000-7f97752c9000 r-xp 00000000 08:07 2227609                    /usr/lib/x86_64-linux-gnu/libglapi.so.0.0.0
7f97752c9000-7f97754c9000 ---p 00025000 08:07 2227609                    /usr/lib/x86_64-linux-gnu/libglapi.so.0.0.0
7f97754c9000-7f97754cc000 r--p 00025000 08:07 2227609                    /usr/lib/x86_64-linux-gnu/libglapi.so.0.0.0
7f97754cc000-7f97754cd000 rw-p 00028000 08:07 2227609                    /usr/lib/x86_64-linux-gnu/libglapi.so.0.0.0
7f97754cd000-7f97754ce000 rw-p 00000000 00:00 0 
7f97754ce000-7f97754f5000 r-xp 00000000 08:07 530292                     /lib/x86_64-linux-gnu/libexpat.so.1.6.0
7f97754f5000-7f97756f5000 ---p 00027000 08:07 530292                     /lib/x86_64-linux-gnu/libexpat.so.1.6.0
7f97756f5000-7f97756f7000 r--p 00027000 08:07 530292                     /lib/x86_64-linux-gnu/libexpat.so.1.6.0
7f97756f7000-7f97756f8000 rw-p 00029000 08:07 530292                     /lib/x86_64-linux-gnu/libexpat.so.1.6.0
7f97756f8000-7f9775786000 r-xp 00000000 08:07 2486166                    /usr/lib/x86_64-linux-gnu/mesa/libGL.so.1.2.0
7f9775786000-7f9775985000 ---p 0008e000 08:07 2486166                    /usr/lib/x86_64-linux-gnu/mesa/libGL.so.1.2.0
7f9775985000-7f9775988000 r--p 0008d000 08:07 2486166                    /usr/lib/x86_64-linux-gnu/mesa/libGL.so.1.2.0
7f9775988000-7f9775989000 rw-p 00090000 08:07 2486166                    /usr/lib/x86_64-linux-gnu/mesa/libGL.so.1.2.0
7f9775989000-7f9775b8a000 rw-p 00000000 00:00 0 
7f9775b8a000-7f9775d8a000 rw-p 00000000 00:00 0 
7f9775d8a000-7f9775d91000 r-xp 00000000 08:07 1447850                    /tmp/jogamp_0000/file_cache/jln8140804929956456732/jln4450155368238423141/libnativewindow_x11.so
7f9775d91000-7f9775f90000 ---p 00007000 08:07 1447850                    /tmp/jogamp_0000/file_cache/jln8140804929956456732/jln4450155368238423141/libnativewindow_x11.so
7f9775f90000-7f9775f91000 rw-p 00006000 08:07 1447850                    /tmp/jogamp_0000/file_cache/jln8140804929956456732/jln4450155368238423141/libnativewindow_x11.so
7f9775f91000-7f9775f95000 r-xp 00000000 08:07 2233477                    /usr/lib/x86_64-linux-gnu/libXxf86vm.so.1.0.0
7f9775f95000-7f9776195000 ---p 00004000 08:07 2233477                    /usr/lib/x86_64-linux-gnu/libXxf86vm.so.1.0.0
7f9776195000-7f9776196000 r--p 00004000 08:07 2233477                    /usr/lib/x86_64-linux-gnu/libXxf86vm.so.1.0.0
7f9776196000-7f9776197000 rw-p 00005000 08:07 2233477                    /usr/lib/x86_64-linux-gnu/libXxf86vm.so.1.0.0
7f9776197000-7f9776199000 r-xp 00000000 08:07 1447849                    /tmp/jogamp_0000/file_cache/jln8140804929956456732/jln4450155368238423141/libnativewindow_awt.so
7f9776199000-7f9776398000 ---p 00002000 08:07 1447849                    /tmp/jogamp_0000/file_cache/jln8140804929956456732/jln4450155368238423141/libnativewindow_awt.so
7f9776398000-7f9776399000 rw-p 00001000 08:07 1447849                    /tmp/jogamp_0000/file_cache/jln8140804929956456732/jln4450155368238423141/libnativewindow_awt.so
7f9776399000-7f977639a000 r-xp 00000000 08:07 2243104                    /usr/lib/jvm/java-8-oracle/jre/lib/amd64/libjawt.so
7f977639a000-7f9776599000 ---p 00001000 08:07 2243104                    /usr/lib/jvm/java-8-oracle/jre/lib/amd64/libjawt.so
7f9776599000-7f977659a000 rw-p 00000000 08:07 2243104                    /usr/lib/jvm/java-8-oracle/jre/lib/amd64/libjawt.so
7f977659a000-7f977659c000 r-xp 00000000 08:07 1447846                    /tmp/jogamp_0000/file_cache/jln8140804929956456732/jln4450155368238423141/libgluegen-rt.so
7f977659c000-7f977679b000 ---p 00002000 08:07 1447846                    /tmp/jogamp_0000/file_cache/jln8140804929956456732/jln4450155368238423141/libgluegen-rt.so
7f977679b000-7f977679c000 rw-p 00001000 08:07 1447846                    /tmp/jogamp_0000/file_cache/jln8140804929956456732/jln4450155368238423141/libgluegen-rt.so
7f977679c000-7f977679f000 ---p 00000000 00:00 0 
7f977679f000-7f977689d000 rw-p 00000000 00:00 0 
7f977689d000-7f97768a0000 ---p 00000000 00:00 0 
7f97768a0000-7f9776ad6000 rw-p 00000000 00:00 0 
7f9776ad6000-7f9776ad9000 ---p 00000000 00:00 0 
7f9776ad9000-7f9776dd7000 rw-p 00000000 00:00 0 
7f9776ddc000-7f9776de4000 rw-s 00000000 00:05 82365                      /drm mm object (deleted)
7f9776de4000-7f9776dec000 rw-s 00000000 00:05 82361                      /drm mm object (deleted)
7f9776dec000-7f9776df4000 rw-s 00000000 00:05 83078                      /drm mm object (deleted)
7f9776df4000-7f9776dfc000 rw-s 00000000 00:05 83044                      /drm mm object (deleted)
7f9776dfc000-7f9776dff000 ---p 00000000 00:00 0 
7f9776dff000-7f9776efd000 rw-p 00000000 00:00 0 
7f9776efd000-7f9776f66000 r-xp 00000000 08:07 2243082                    /usr/lib/jvm/java-8-oracle/jre/lib/amd64/libt2k.so
7f9776f66000-7f9777166000 ---p 00069000 08:07 2243082                    /usr/lib/jvm/java-8-oracle/jre/lib/amd64/libt2k.so
7f9777166000-7f977716d000 rw-p 00069000 08:07 2243082                    /usr/lib/jvm/java-8-oracle/jre/lib/amd64/libt2k.so
7f977716d000-7f977717d000 rw-p 00000000 00:00 0 
7f977717d000-7f977718e000 r-xp 00000000 08:07 2243048                    /usr/lib/jvm/java-8-oracle/jre/lib/amd64/libnio.so
7f977718e000-7f977738d000 ---p 00011000 08:07 2243048                    /usr/lib/jvm/java-8-oracle/jre/lib/amd64/libnio.so
7f977738d000-7f977738e000 rw-p 00010000 08:07 2243048                    /usr/lib/jvm/java-8-oracle/jre/lib/amd64/libnio.so
7f977738e000-7f97773bf000 rw-p 00000000 00:00 0 
7f97773bf000-7f97773d5000 r-xp 00000000 08:07 2243094                    /usr/lib/jvm/java-8-oracle/jre/lib/amd64/libnet.so
7f97773d5000-7f97775d5000 ---p 00016000 08:07 2243094                    /usr/lib/jvm/java-8-oracle/jre/lib/amd64/libnet.so
7f97775d5000-7f97775d6000 rw-p 00016000 08:07 2243094                    /usr/lib/jvm/java-8-oracle/jre/lib/amd64/libnet.so
7f97775d6000-7f97775d9000 ---p 00000000 00:00 0 
7f97775d9000-7f97776d7000 rw-p 00000000 00:00 0 
7f97776d7000-7f97776da000 ---p 00000000 00:00 0 
7f97776da000-7f97777d8000 rw-p 00000000 00:00 0 
7f97777d8000-7f97777db000 ---p 00000000 00:00 0 
7f97777db000-7f97778d9000 rw-p 00000000 00:00 0 
7f97778d9000-7f97778dc000 ---p 00000000 00:00 0 
7f97778dc000-7f97779da000 rw-p 00000000 00:00 0 
7f97779da000-7f97779df000 r-xp 00000000 08:07 2233441                    /usr/lib/x86_64-linux-gnu/libXfixes.so.3.1.0
7f97779df000-7f9777bde000 ---p 00005000 08:07 2233441                    /usr/lib/x86_64-linux-gnu/libXfixes.so.3.1.0
7f9777bde000-7f9777bdf000 r--p 00004000 08:07 2233441                    /usr/lib/x86_64-linux-gnu/libXfixes.so.3.1.0
7f9777bdf000-7f9777be0000 rw-p 00005000 08:07 2233441                    /usr/lib/x86_64-linux-gnu/libXfixes.so.3.1.0
7f9777be0000-7f9777be9000 r-xp 00000000 08:07 2233433                    /usr/lib/x86_64-linux-gnu/libXcursor.so.1.0.2
7f9777be9000-7f9777de8000 ---p 00009000 08:07 2233433                    /usr/lib/x86_64-linux-gnu/libXcursor.so.1.0.2
7f9777de8000-7f9777de9000 r--p 00008000 08:07 2233433                    /usr/lib/x86_64-linux-gnu/libXcursor.so.1.0.2
7f9777de9000-7f9777dea000 rw-p 00009000 08:07 2233433                    /usr/lib/x86_64-linux-gnu/libXcursor.so.1.0.2
7f9777dea000-7f9777e00000 r-xp 00000000 08:07 527734                     /lib/x86_64-linux-gnu/libgcc_s.so.1
7f9777e00000-7f9777fff000 ---p 00016000 08:07 527734                     /lib/x86_64-linux-gnu/libgcc_s.so.1
7f9777fff000-7f9778000000 rw-p 00015000 08:07 527734                     /lib/x86_64-linux-gnu/libgcc_s.so.1
7f9778000000-7f9778021000 rw-p 00000000 00:00 0 
7f9778021000-7f977c000000 ---p 00000000 00:00 0 
7f977c000000-7f977c021000 rw-p 00000000 00:00 0 
7f977c021000-7f9780000000 ---p 00000000 00:00 0 
7f9780000000-7f97803da000 rw-p 00000000 00:00 0 
7f97803da000-7f9784000000 ---p 00000000 00:00 0 
7f9784000000-7f9784359000 rw-p 00000000 00:00 0 
7f9784359000-7f9788000000 ---p 00000000 00:00 0 
7f9788000000-7f9788021000 rw-p 00000000 00:00 0 
7f9788021000-7f978c000000 ---p 00000000 00:00 0 
7f978c000000-7f978c347000 rw-p 00000000 00:00 0 
7f978c347000-7f9790000000 ---p 00000000 00:00 0 
7f9790000000-7f9790021000 rw-p 00000000 00:00 0 
7f9790021000-7f9794000000 ---p 00000000 00:00 0 
7f9794000000-7f9794021000 rw-p 00000000 00:00 0 
7f9794021000-7f9798000000 ---p 00000000 00:00 0 
7f9798000000-7f9798021000 rw-p 00000000 00:00 0 
7f9798021000-7f979c000000 ---p 00000000 00:00 0 
7f979c000000-7f979c021000 rw-p 00000000 00:00 0 
7f979c021000-7f97a0000000 ---p 00000000 00:00 0 
7f97a0000000-7f97a0021000 rw-p 00000000 00:00 0 
7f97a0021000-7f97a4000000 ---p 00000000 00:00 0 
7f97a4000000-7f97a4021000 rw-p 00000000 00:00 0 
7f97a4021000-7f97a8000000 ---p 00000000 00:00 0 
7f97a8000000-7f97a8021000 rw-p 00000000 00:00 0 
7f97a8021000-7f97ac000000 ---p 00000000 00:00 0 
7f97ac006000-7f97ac009000 ---p 00000000 00:00 0 
7f97ac009000-7f97ac107000 rw-p 00000000 00:00 0 
7f97ac107000-7f97ac16c000 r-xp 00000000 08:07 2243107                    /usr/lib/jvm/java-8-oracle/jre/lib/amd64/libfontmanager.so
7f97ac16c000-7f97ac36b000 ---p 00065000 08:07 2243107                    /usr/lib/jvm/java-8-oracle/jre/lib/amd64/libfontmanager.so
7f97ac36b000-7f97ac370000 rw-p 00064000 08:07 2243107                    /usr/lib/jvm/java-8-oracle/jre/lib/amd64/libfontmanager.so
7f97ac370000-7f97ac380000 rw-p 00000000 00:00 0 
7f97ac380000-7f97ac3a3000 r--s 002ec000 08:07 1447504                    /home/nahush/workspace/UCSDUnfoldingMaps/lib/jogl-all.jar
7f97ac3a3000-7f97ac3a8000 r-xp 00000000 08:07 2233437                    /usr/lib/x86_64-linux-gnu/libXdmcp.so.6.0.0
7f97ac3a8000-7f97ac5a7000 ---p 00005000 08:07 2233437                    /usr/lib/x86_64-linux-gnu/libXdmcp.so.6.0.0
7f97ac5a7000-7f97ac5a8000 r--p 00004000 08:07 2233437                    /usr/lib/x86_64-linux-gnu/libXdmcp.so.6.0.0
7f97ac5a8000-7f97ac5a9000 rw-p 00005000 08:07 2233437                    /usr/lib/x86_64-linux-gnu/libXdmcp.so.6.0.0
7f97ac5a9000-7f97ac5ab000 r-xp 00000000 08:07 2233426                    /usr/lib/x86_64-linux-gnu/libXau.so.6.0.0
7f97ac5ab000-7f97ac7ab000 ---p 00002000 08:07 2233426                    /usr/lib/x86_64-linux-gnu/libXau.so.6.0.0
7f97ac7ab000-7f97ac7ac000 r--p 00002000 08:07 2233426                    /usr/lib/x86_64-linux-gnu/libXau.so.6.0.0
7f97ac7ac000-7f97ac7ad000 rw-p 00003000 08:07 2233426                    /usr/lib/x86_64-linux-gnu/libXau.so.6.0.0
7f97ac7ad000-7f97ac7ca000 r-xp 00000000 08:07 2234492                    /usr/lib/x86_64-linux-gnu/libxcb.so.1.1.0
7f97ac7ca000-7f97ac9ca000 ---p 0001d000 08:07 2234492                    /usr/lib/x86_64-linux-gnu/libxcb.so.1.1.0
7f97ac9ca000-7f97ac9cb000 r--p 0001d000 08:07 2234492                    /usr/lib/x86_64-linux-gnu/libxcb.so.1.1.0
7f97ac9cb000-7f97ac9cc000 rw-p 0001e000 08:07 2234492                    /usr/lib/x86_64-linux-gnu/libxcb.so.1.1.0
7f97ac9cc000-7f97ac9db000 r-xp 00000000 08:07 2233447                    /usr/lib/x86_64-linux-gnu/libXi.so.6.1.0
7f97ac9db000-7f97acbda000 ---p 0000f000 08:07 2233447                    /usr/lib/x86_64-linux-gnu/libXi.so.6.1.0
7f97acbda000-7f97acbdb000 r--p 0000e000 08:07 2233447                    /usr/lib/x86_64-linux-gnu/libXi.so.6.1.0
7f97acbdb000-7f97acbdc000 rw-p 0000f000 08:07 2233447                    /usr/lib/x86_64-linux-gnu/libXi.so.6.1.0
7f97acbdc000-7f97acbe1000 r-xp 00000000 08:07 2233467                    /usr/lib/x86_64-linux-gnu/libXtst.so.6.1.0
7f97acbe1000-7f97acde0000 ---p 00005000 08:07 2233467                    /usr/lib/x86_64-linux-gnu/libXtst.so.6.1.0
7f97acde0000-7f97acde1000 r--p 00004000 08:07 2233467                    /usr/lib/x86_64-linux-gnu/libXtst.so.6.1.0
7f97acde1000-7f97acde2000 rw-p 00005000 08:07 2233467                    /usr/lib/x86_64-linux-gnu/libXtst.so.6.1.0
7f97acde2000-7f97acdeb000 r-xp 00000000 08:07 2233461                    /usr/lib/x86_64-linux-gnu/libXrender.so.1.3.0
7f97acdeb000-7f97acfea000 ---p 00009000 08:07 2233461                    /usr/lib/x86_64-linux-gnu/libXrender.so.1.3.0
7f97acfea000-7f97acfeb000 r--p 00008000 08:07 2233461                    /usr/lib/x86_64-linux-gnu/libXrender.so.1.3.0
7f97acfeb000-7f97acfec000 rw-p 00009000 08:07 2233461                    /usr/lib/x86_64-linux-gnu/libXrender.so.1.3.0
7f97acfec000-7f97ad11c000 r-xp 00000000 08:07 2233422                    /usr/lib/x86_64-linux-gnu/libX11.so.6.3.0
7f97ad11c000-7f97ad31c000 ---p 00130000 08:07 2233422                    /usr/lib/x86_64-linux-gnu/libX11.so.6.3.0
7f97ad31c000-7f97ad31d000 r--p 00130000 08:07 2233422                    /usr/lib/x86_64-linux-gnu/libX11.so.6.3.0
7f97ad31d000-7f97ad321000 rw-p 00131000 08:07 2233422                    /usr/lib/x86_64-linux-gnu/libX11.so.6.3.0
7f97ad321000-7f97ad332000 r-xp 00000000 08:07 2233439                    /usr/lib/x86_64-linux-gnu/libXext.so.6.4.0
7f97ad332000-7f97ad531000 ---p 00011000 08:07 2233439                    /usr/lib/x86_64-linux-gnu/libXext.so.6.4.0
7f97ad531000-7f97ad532000 r--p 00010000 08:07 2233439                    /usr/lib/x86_64-linux-gnu/libXext.so.6.4.0
7f97ad532000-7f97ad533000 rw-p 00011000 08:07 2233439                    /usr/lib/x86_64-linux-gnu/libXext.so.6.4.0
7f97ad533000-7f97ad534000 rw-p 00000000 00:00 0 
7f97ad534000-7f97ad536000 rw-s 1276e0000 00:06 10983                     /dev/dri/card0
7f97ad536000-7f97ad537000 rw-s 12767f000 00:06 10983                     /dev/dri/card0
7f97ad537000-7f97ad538000 rw-s 12753e000 00:06 10983                     /dev/dri/card0
7f97ad538000-7f97ad540000 rw-s 00000000 00:05 82333                      /drm mm object (deleted)
7f97ad540000-7f97ad541000 rwxp 00000000 00:00 0 
7f97ad541000-7f97ad542000 rw-s 12753d000 00:06 10983                     /dev/dri/card0
7f97ad542000-7f97ad54a000 rw-s 00000000 00:05 83031                      /drm mm object (deleted)
7f97ad54a000-7f97ad552000 rw-s 00000000 00:05 81538                      /drm mm object (deleted)
7f97ad552000-7f97ad553000 r--s 0002f000 08:07 1447499                    /home/nahush/workspace/UCSDUnfoldingMaps/lib/jogl-all-natives-linux-amd64.jar
7f97ad553000-7f97ad5a7000 r-xp 00000000 08:07 2243079                    /usr/lib/jvm/java-8-oracle/jre/lib/amd64/libawt_xawt.so
7f97ad5a7000-7f97ad7a7000 ---p 00054000 08:07 2243079                    /usr/lib/jvm/java-8-oracle/jre/lib/amd64/libawt_xawt.so
7f97ad7a7000-7f97ad7ab000 rw-p 00054000 08:07 2243079                    /usr/lib/jvm/java-8-oracle/jre/lib/amd64/libawt_xawt.so
7f97ad7ab000-7f97ad7ac000 rw-p 00000000 00:00 0 
7f97ad7ac000-7f97ad84e000 r-xp 00000000 08:07 2243060                    /usr/lib/jvm/java-8-oracle/jre/lib/amd64/libawt.so
7f97ad84e000-7f97ada4e000 ---p 000a2000 08:07 2243060                    /usr/lib/jvm/java-8-oracle/jre/lib/amd64/libawt.so
7f97ada4e000-7f97ada5a000 rw-p 000a2000 08:07 2243060                    /usr/lib/jvm/java-8-oracle/jre/lib/amd64/libawt.so
7f97ada5a000-7f97ada7e000 rw-p 00000000 00:00 0 
7f97ada7e000-7f97ada7f000 ---p 00000000 00:00 0 
7f97ada7f000-7f97adb7f000 rw-p 00000000 00:00 0 
7f97adb7f000-7f97adb82000 ---p 00000000 00:00 0 
7f97adb82000-7f97adc80000 rw-p 00000000 00:00 0 
7f97adc80000-7f97adc83000 ---p 00000000 00:00 0 
7f97adc83000-7f97add81000 rw-p 00000000 00:00 0 
7f97add81000-7f97add84000 ---p 00000000 00:00 0 
7f97add84000-7f97ade82000 rw-p 00000000 00:00 0 
7f97ade82000-7f97ade85000 ---p 00000000 00:00 0 
7f97ade85000-7f97adf83000 rw-p 00000000 00:00 0 
7f97adf83000-7f97adf86000 ---p 00000000 00:00 0 
7f97adf86000-7f97ae084000 rw-p 00000000 00:00 0 
7f97ae084000-7f97ae766000 r--p 00000000 08:07 2232027                    /usr/lib/locale/locale-archive
7f97ae766000-7f97ae769000 ---p 00000000 00:00 0 
7f97ae769000-7f97ae867000 rw-p 00000000 00:00 0 
7f97ae867000-7f97ae86a000 ---p 00000000 00:00 0 
7f97ae86a000-7f97ae968000 rw-p 00000000 00:00 0 
7f97ae968000-7f97ae969000 ---p 00000000 00:00 0 
7f97ae969000-7f97afa2a000 rw-p 00000000 00:00 0 
7f97afa2a000-7f97afc03000 r--s 03d29000 08:07 2243046                    /usr/lib/jvm/java-8-oracle/jre/lib/rt.jar
7f97afc03000-7f97b458e000 rw-p 00000000 00:00 0 
7f97b458e000-7f97b458f000 ---p 00000000 00:00 0 
7f97b458f000-7f97b468f000 rw-p 00000000 00:00 0 
7f97b468f000-7f97b4690000 ---p 00000000 00:00 0 
7f97b4690000-7f97b4790000 rw-p 00000000 00:00 0 
7f97b4790000-7f97b4791000 ---p 00000000 00:00 0 
7f97b4791000-7f97b4891000 rw-p 00000000 00:00 0 
7f97b4891000-7f97b4892000 ---p 00000000 00:00 0 
7f97b4892000-7f97b49bc000 rw-p 00000000 00:00 0 
7f97b49bc000-7f97b4c24000 ---p 00000000 00:00 0 
7f97b4c24000-7f97b4c4e000 rw-p 00000000 00:00 0 
7f97b4c4e000-7f97b4eb6000 ---p 00000000 00:00 0 
7f97b4eb6000-7f97b4eda000 rw-p 00000000 00:00 0 
7f97b4eda000-7f97b4fff000 ---p 00000000 00:00 0 
7f97b4fff000-7f97b5000000 rw-p 00000000 00:00 0 
7f97b5000000-7f97b5630000 rwxp 00000000 00:00 0 
7f97b5630000-7f97c4000000 ---p 00000000 00:00 0 
7f97c4000000-7f97c42af000 rw-p 00000000 00:00 0 
7f97c42af000-7f97c8000000 ---p 00000000 00:00 0 
7f97c8000000-7f97c8002000 r--s 00000000 08:07 1447492                    /home/nahush/workspace/UCSDUnfoldingMaps/lib/gluegen-rt-natives-linux-amd64.jar
7f97c8002000-7f97c80b2000 rw-p 00000000 00:00 0 
7f97c80b2000-7f97c8459000 ---p 00000000 00:00 0 
7f97c8459000-7f97c8473000 r-xp 00000000 08:07 2243078                    /usr/lib/jvm/java-8-oracle/jre/lib/amd64/libzip.so
7f97c8473000-7f97c8673000 ---p 0001a000 08:07 2243078                    /usr/lib/jvm/java-8-oracle/jre/lib/amd64/libzip.so
7f97c8673000-7f97c8674000 rw-p 0001a000 08:07 2243078                    /usr/lib/jvm/java-8-oracle/jre/lib/amd64/libzip.so
7f97c8674000-7f97c867f000 r-xp 00000000 08:07 536446                     /lib/x86_64-linux-gnu/libnss_files-2.19.so
7f97c867f000-7f97c887e000 ---p 0000b000 08:07 536446                     /lib/x86_64-linux-gnu/libnss_files-2.19.so
7f97c887e000-7f97c887f000 r--p 0000a000 08:07 536446                     /lib/x86_64-linux-gnu/libnss_files-2.19.so
7f97c887f000-7f97c8880000 rw-p 0000b000 08:07 536446                     /lib/x86_64-linux-gnu/libnss_files-2.19.so
7f97c8880000-7f97c888b000 r-xp 00000000 08:07 536438                     /lib/x86_64-linux-gnu/libnss_nis-2.19.so
7f97c888b000-7f97c8a8a000 ---p 0000b000 08:07 536438                     /lib/x86_64-linux-gnu/libnss_nis-2.19.so
7f97c8a8a000-7f97c8a8b000 r--p 0000a000 08:07 536438                     /lib/x86_64-linux-gnu/libnss_nis-2.19.so
7f97c8a8b000-7f97c8a8c000 rw-p 0000b000 08:07 536438                     /lib/x86_64-linux-gnu/libnss_nis-2.19.so
7f97c8a8c000-7f97c8aa3000 r-xp 00000000 08:07 536434                     /lib/x86_64-linux-gnu/libnsl-2.19.so
7f97c8aa3000-7f97c8ca2000 ---p 00017000 08:07 536434                     /lib/x86_64-linux-gnu/libnsl-2.19.so
7f97c8ca2000-7f97c8ca3000 r--p 00016000 08:07 536434                     /lib/x86_64-linux-gnu/libnsl-2.19.so
7f97c8ca3000-7f97c8ca4000 rw-p 00017000 08:07 536434                     /lib/x86_64-linux-gnu/libnsl-2.19.so
7f97c8ca4000-7f97c8ca6000 rw-p 00000000 00:00 0 
7f97c8ca6000-7f97c8caf000 r-xp 00000000 08:07 536433                     /lib/x86_64-linux-gnu/libnss_compat-2.19.so
7f97c8caf000-7f97c8eae000 ---p 00009000 08:07 536433                     /lib/x86_64-linux-gnu/libnss_compat-2.19.so
7f97c8eae000-7f97c8eaf000 r--p 00008000 08:07 536433                     /lib/x86_64-linux-gnu/libnss_compat-2.19.so
7f97c8eaf000-7f97c8eb0000 rw-p 00009000 08:07 536433                     /lib/x86_64-linux-gnu/libnss_compat-2.19.so
7f97c8eb0000-7f97c8eda000 r-xp 00000000 08:07 2243074                    /usr/lib/jvm/java-8-oracle/jre/lib/amd64/libjava.so
7f97c8eda000-7f97c90da000 ---p 0002a000 08:07 2243074                    /usr/lib/jvm/java-8-oracle/jre/lib/amd64/libjava.so
7f97c90da000-7f97c90dc000 rw-p 0002a000 08:07 2243074                    /usr/lib/jvm/java-8-oracle/jre/lib/amd64/libjava.so
7f97c90dc000-7f97c90e9000 r-xp 00000000 08:07 2243099                    /usr/lib/jvm/java-8-oracle/jre/lib/amd64/libverify.so
7f97c90e9000-7f97c92e9000 ---p 0000d000 08:07 2243099                    /usr/lib/jvm/java-8-oracle/jre/lib/amd64/libverify.so
7f97c92e9000-7f97c92eb000 rw-p 0000d000 08:07 2243099                    /usr/lib/jvm/java-8-oracle/jre/lib/amd64/libverify.so
7f97c92eb000-7f97c92f2000 r-xp 00000000 08:07 536442                     /lib/x86_64-linux-gnu/librt-2.19.so
7f97c92f2000-7f97c94f1000 ---p 00007000 08:07 536442                     /lib/x86_64-linux-gnu/librt-2.19.so
7f97c94f1000-7f97c94f2000 r--p 00006000 08:07 536442                     /lib/x86_64-linux-gnu/librt-2.19.so
7f97c94f2000-7f97c94f3000 rw-p 00007000 08:07 536442                     /lib/x86_64-linux-gnu/librt-2.19.so
7f97c94f3000-7f97c95f8000 r-xp 00000000 08:07 536428                     /lib/x86_64-linux-gnu/libm-2.19.so
7f97c95f8000-7f97c97f7000 ---p 00105000 08:07 536428                     /lib/x86_64-linux-gnu/libm-2.19.so
7f97c97f7000-7f97c97f8000 r--p 00104000 08:07 536428                     /lib/x86_64-linux-gnu/libm-2.19.so
7f97c97f8000-7f97c97f9000 rw-p 00105000 08:07 536428                     /lib/x86_64-linux-gnu/libm-2.19.so
7f97c97f9000-7f97ca4c4000 r-xp 00000000 08:07 2243073                    /usr/lib/jvm/java-8-oracle/jre/lib/amd64/server/libjvm.so
7f97ca4c4000-7f97ca6c3000 ---p 00ccb000 08:07 2243073                    /usr/lib/jvm/java-8-oracle/jre/lib/amd64/server/libjvm.so
7f97ca6c3000-7f97ca79c000 rw-p 00cca000 08:07 2243073                    /usr/lib/jvm/java-8-oracle/jre/lib/amd64/server/libjvm.so
7f97ca79c000-7f97ca7e7000 rw-p 00000000 00:00 0 
7f97ca7e7000-7f97ca9a2000 r-xp 00000000 08:07 536443                     /lib/x86_64-linux-gnu/libc-2.19.so
7f97ca9a2000-7f97caba1000 ---p 001bb000 08:07 536443                     /lib/x86_64-linux-gnu/libc-2.19.so
7f97caba1000-7f97caba5000 r--p 001ba000 08:07 536443                     /lib/x86_64-linux-gnu/libc-2.19.so
7f97caba5000-7f97caba7000 rw-p 001be000 08:07 536443                     /lib/x86_64-linux-gnu/libc-2.19.so
7f97caba7000-7f97cabac000 rw-p 00000000 00:00 0 
7f97cabac000-7f97cabaf000 r-xp 00000000 08:07 536430                     /lib/x86_64-linux-gnu/libdl-2.19.so
7f97cabaf000-7f97cadae000 ---p 00003000 08:07 536430                     /lib/x86_64-linux-gnu/libdl-2.19.so
7f97cadae000-7f97cadaf000 r--p 00002000 08:07 536430                     /lib/x86_64-linux-gnu/libdl-2.19.so
7f97cadaf000-7f97cadb0000 rw-p 00003000 08:07 536430                     /lib/x86_64-linux-gnu/libdl-2.19.so
7f97cadb0000-7f97cadc5000 r-xp 00000000 08:07 2241605                    /usr/lib/jvm/java-8-oracle/lib/amd64/jli/libjli.so
7f97cadc5000-7f97cafc5000 ---p 00015000 08:07 2241605                    /usr/lib/jvm/java-8-oracle/lib/amd64/jli/libjli.so
7f97cafc5000-7f97cafc6000 rw-p 00015000 08:07 2241605                    /usr/lib/jvm/java-8-oracle/lib/amd64/jli/libjli.so
7f97cafc6000-7f97cafdf000 r-xp 00000000 08:07 536435                     /lib/x86_64-linux-gnu/libpthread-2.19.so
7f97cafdf000-7f97cb1de000 ---p 00019000 08:07 536435                     /lib/x86_64-linux-gnu/libpthread-2.19.so
7f97cb1de000-7f97cb1df000 r--p 00018000 08:07 536435                     /lib/x86_64-linux-gnu/libpthread-2.19.so
7f97cb1df000-7f97cb1e0000 rw-p 00019000 08:07 536435                     /lib/x86_64-linux-gnu/libpthread-2.19.so
7f97cb1e0000-7f97cb1e4000 rw-p 00000000 00:00 0 
7f97cb1e4000-7f97cb207000 r-xp 00000000 08:07 536436                     /lib/x86_64-linux-gnu/ld-2.19.so
7f97cb207000-7f97cb208000 r--p 00000000 00:00 0 
7f97cb208000-7f97cb20c000 r--s 00097000 08:07 2243178                    /usr/lib/jvm/java-8-oracle/jre/lib/jsse.jar
7f97cb20c000-7f97cb212000 r--s 00033000 08:07 1447506                    /home/nahush/workspace/UCSDUnfoldingMaps/lib/unfolding.0.9.7-uscd.jar
7f97cb212000-7f97cb213000 r--s 00005000 08:07 1447508                    /home/nahush/workspace/UCSDUnfoldingMaps/lib/libTUIO.jar
7f97cb213000-7f97cb214000 r--s 00007000 08:07 1447498                    /home/nahush/workspace/UCSDUnfoldingMaps/lib/json4processing.jar
7f97cb214000-7f97cb2df000 rw-p 00000000 00:00 0 
7f97cb2df000-7f97cb2e2000 ---p 00000000 00:00 0 
7f97cb2e2000-7f97cb3e4000 rw-p 00000000 00:00 0 
7f97cb3e4000-7f97cb3e9000 r--s 00309000 08:07 1447494                    /home/nahush/workspace/UCSDUnfoldingMaps/lib/sqlite-jdbc-3.7.2.jar
7f97cb3e9000-7f97cb3f0000 r--s 00059000 08:07 1447493                    /home/nahush/workspace/UCSDUnfoldingMaps/lib/log4j-1.2.15.jar
7f97cb3f0000-7f97cb3f6000 r--s 00041000 08:07 1447495                    /home/nahush/workspace/UCSDUnfoldingMaps/lib/gluegen-rt.jar
7f97cb3f6000-7f97cb3fa000 r--s 0009a000 08:07 1447507                    /home/nahush/workspace/UCSDUnfoldingMaps/lib/core.jar
7f97cb3fa000-7f97cb402000 rw-s 00000000 08:07 1447868                    /tmp/hsperfdata_nahush/5545
7f97cb402000-7f97cb403000 rw-p 00000000 00:00 0 
7f97cb403000-7f97cb404000 r--p 00000000 00:00 0 
7f97cb404000-7f97cb406000 rw-p 00000000 00:00 0 
7f97cb406000-7f97cb407000 r--p 00022000 08:07 536436                     /lib/x86_64-linux-gnu/ld-2.19.so
7f97cb407000-7f97cb408000 rw-p 00023000 08:07 536436                     /lib/x86_64-linux-gnu/ld-2.19.so
7f97cb408000-7f97cb409000 rw-p 00000000 00:00 0 
7fff1aef6000-7fff1af17000 rw-p 00000000 00:00 0                          [stack]
7fff1af80000-7fff1af82000 r--p 00000000 00:00 0                          [vvar]
7fff1af82000-7fff1af84000 r-xp 00000000 00:00 0                          [vdso]
ffffffffff600000-ffffffffff601000 r-xp 00000000 00:00 0                  [vsyscall]

VM Arguments:
jvm_args: -Djava.security.policy=java.policy.applet -Dfile.encoding=UTF-8 
java_command: sun.applet.AppletViewer module1.HelloWorld1476818327562.html
java_class_path (initial): /home/nahush/workspace/UCSDUnfoldingMaps/build:/home/nahush/workspace/UCSDUnfoldingMaps/lib/core.jar:/home/nahush/workspace/UCSDUnfoldingMaps/lib/gluegen-rt.jar:/home/nahush/workspace/UCSDUnfoldingMaps/lib/jogl-all.jar:/home/nahush/workspace/UCSDUnfoldingMaps/lib/log4j-1.2.15.jar:/home/nahush/workspace/UCSDUnfoldingMaps/lib/sqlite-jdbc-3.7.2.jar:/home/nahush/workspace/UCSDUnfoldingMaps/lib/json4processing.jar:/home/nahush/workspace/UCSDUnfoldingMaps/lib/libTUIO.jar:/home/nahush/workspace/UCSDUnfoldingMaps/lib/unfolding.0.9.7-uscd.jar
Launcher Type: SUN_STANDARD

Environment Variables:
JAVA_HOME=/usr/lib/jvm/java-8-oracle
PATH=/usr/local/sbin:/usr/local/bin:/usr/sbin:/usr/bin:/sbin:/bin:/usr/games:/usr/local/games:/usr/lib/jvm/java-8-oracle/bin:/usr/lib/jvm/java-8-oracle/db/bin:/usr/lib/jvm/java-8-oracle/jre/bin
SHELL=/bin/bash
DISPLAY=:0

Signal Handlers:
SIGSEGV: [libjvm.so+0xac4790], sa_mask[0]=11111111011111111101111111111110, sa_flags=SA_RESTART|SA_SIGINFO
SIGBUS: [libjvm.so+0xac4790], sa_mask[0]=11111111011111111101111111111110, sa_flags=SA_RESTART|SA_SIGINFO
SIGFPE: [libjvm.so+0x91f140], sa_mask[0]=11111111011111111101111111111110, sa_flags=SA_RESTART|SA_SIGINFO
SIGPIPE: [libjvm.so+0x91f140], sa_mask[0]=11111111011111111101111111111110, sa_flags=SA_RESTART|SA_SIGINFO
SIGXFSZ: [libjvm.so+0x91f140], sa_mask[0]=11111111011111111101111111111110, sa_flags=SA_RESTART|SA_SIGINFO
SIGILL: [libjvm.so+0x91f140], sa_mask[0]=11111111011111111101111111111110, sa_flags=SA_RESTART|SA_SIGINFO
SIGUSR1: SIG_DFL, sa_mask[0]=00000000000000000000000000000000, sa_flags=none
SIGUSR2: [libjvm.so+0x920770], sa_mask[0]=00100000000000000000000000000000, sa_flags=SA_RESTART|SA_SIGINFO
SIGHUP: [libjvm.so+0x921b70], sa_mask[0]=11111111011111111101111111111110, sa_flags=SA_RESTART|SA_SIGINFO
SIGINT: [libjvm.so+0x921b70], sa_mask[0]=11111111011111111101111111111110, sa_flags=SA_RESTART|SA_SIGINFO
SIGTERM: [libjvm.so+0x921b70], sa_mask[0]=11111111011111111101111111111110, sa_flags=SA_RESTART|SA_SIGINFO
SIGQUIT: [libjvm.so+0x921b70], sa_mask[0]=11111111011111111101111111111110, sa_flags=SA_RESTART|SA_SIGINFO


---------------  S Y S T E M  ---------------

OS:DISTRIB_ID=Ubuntu
DISTRIB_RELEASE=14.04
DISTRIB_CODENAME=trusty
DISTRIB_DESCRIPTION="Ubuntu 14.04.4 LTS"

uname:Linux 3.19.0-59-generic #66~14.04.1-Ubuntu SMP Fri May 13 17:27:10 UTC 2016 x86_64
libc:glibc 2.19 NPTL 2.19 
rlimit: STACK 8192k, CORE 0k, NPROC 30254, NOFILE 4096, AS infinity
load average:4.03 3.22 1.99

/proc/meminfo:
MemTotal:        8078812 kB
MemFree:         3556624 kB
MemAvailable:    5136384 kB
Buffers:          233460 kB
Cached:          2343100 kB
SwapCached:           44 kB
Active:          2841188 kB
Inactive:        1376360 kB
Active(anon):    1789072 kB
Inactive(anon):   758068 kB
Active(file):    1052116 kB
Inactive(file):   618292 kB
Unevictable:         240 kB
Mlocked:             240 kB
SwapTotal:        499708 kB
SwapFree:         499176 kB
Dirty:              1320 kB
Writeback:             0 kB
AnonPages:       1641248 kB
Mapped:           642340 kB
Shmem:            906128 kB
Slab:             191020 kB
SReclaimable:     156572 kB
SUnreclaim:        34448 kB
KernelStack:        8688 kB
PageTables:        34540 kB
NFS_Unstable:          0 kB
Bounce:                0 kB
WritebackTmp:          0 kB
CommitLimit:     4539112 kB
Committed_AS:    6024656 kB
VmallocTotal:   34359738367 kB
VmallocUsed:      367908 kB
VmallocChunk:   34359321980 kB
HardwareCorrupted:     0 kB
AnonHugePages:    630784 kB
CmaTotal:              0 kB
CmaFree:               0 kB
HugePages_Total:       0
HugePages_Free:        0
HugePages_Rsvd:        0
HugePages_Surp:        0
Hugepagesize:       2048 kB
DirectMap4k:      132264 kB
DirectMap2M:     6062080 kB
DirectMap1G:     3145728 kB


CPU:total 4 (2 cores per cpu, 2 threads per core) family 6 model 61 stepping 4, cmov, cx8, fxsr, mmx, sse, sse2, sse3, ssse3, sse4.1, sse4.2, popcnt, avx, avx2, aes, clmul, erms, 3dnowpref, lzcnt, ht, tsc, tscinvbit, bmi1, bmi2, adx

/proc/cpuinfo:
processor	: 0
vendor_id	: GenuineIntel
cpu family	: 6
model		: 61
model name	: Intel(R) Core(TM) i5-5200U CPU @ 2.20GHz
stepping	: 4
microcode	: 0x1f
cpu MHz		: 2365.257
cache size	: 3072 KB
physical id	: 0
siblings	: 4
core id		: 0
cpu cores	: 2
apicid		: 0
initial apicid	: 0
fpu		: yes
fpu_exception	: yes
cpuid level	: 20
wp		: yes
flags		: fpu vme de pse tsc msr pae mce cx8 apic sep mtrr pge mca cmov pat pse36 clflush dts acpi mmx fxsr sse sse2 ss ht tm pbe syscall nx pdpe1gb rdtscp lm constant_tsc arch_perfmon pebs bts rep_good nopl xtopology nonstop_tsc aperfmperf eagerfpu pni pclmulqdq dtes64 monitor ds_cpl vmx est tm2 ssse3 fma cx16 xtpr pdcm pcid sse4_1 sse4_2 x2apic movbe popcnt tsc_deadline_timer aes xsave avx f16c rdrand lahf_lm abm 3dnowprefetch ida arat epb pln pts dtherm tpr_shadow vnmi flexpriority ept vpid fsgsbase tsc_adjust bmi1 avx2 smep bmi2 erms invpcid rdseed adx smap xsaveopt
bugs		:
bogomips	: 4390.05
clflush size	: 64
cache_alignment	: 64
address sizes	: 39 bits physical, 48 bits virtual
power management:

processor	: 1
vendor_id	: GenuineIntel
cpu family	: 6
model		: 61
model name	: Intel(R) Core(TM) i5-5200U CPU @ 2.20GHz
stepping	: 4
microcode	: 0x1f
cpu MHz		: 2500.609
cache size	: 3072 KB
physical id	: 0
siblings	: 4
core id		: 1
cpu cores	: 2
apicid		: 2
initial apicid	: 2
fpu		: yes
fpu_exception	: yes
cpuid level	: 20
wp		: yes
flags		: fpu vme de pse tsc msr pae mce cx8 apic sep mtrr pge mca cmov pat pse36 clflush dts acpi mmx fxsr sse sse2 ss ht tm pbe syscall nx pdpe1gb rdtscp lm constant_tsc arch_perfmon pebs bts rep_good nopl xtopology nonstop_tsc aperfmperf eagerfpu pni pclmulqdq dtes64 monitor ds_cpl vmx est tm2 ssse3 fma cx16 xtpr pdcm pcid sse4_1 sse4_2 x2apic movbe popcnt tsc_deadline_timer aes xsave avx f16c rdrand lahf_lm abm 3dnowprefetch ida arat epb pln pts dtherm tpr_shadow vnmi flexpriority ept vpid fsgsbase tsc_adjust bmi1 avx2 smep bmi2 erms invpcid rdseed adx smap xsaveopt
bugs		:
bogomips	: 4390.05
clflush size	: 64
cache_alignment	: 64
address sizes	: 39 bits physical, 48 bits virtual
power management:

processor	: 2
vendor_id	: GenuineIntel
cpu family	: 6
model		: 61
model name	: Intel(R) Core(TM) i5-5200U CPU @ 2.20GHz
stepping	: 4
microcode	: 0x1f
cpu MHz		: 2270.640
cache size	: 3072 KB
physical id	: 0
siblings	: 4
core id		: 0
cpu cores	: 2
apicid		: 1
initial apicid	: 1
fpu		: yes
fpu_exception	: yes
cpuid level	: 20
wp		: yes
flags		: fpu vme de pse tsc msr pae mce cx8 apic sep mtrr pge mca cmov pat pse36 clflush dts acpi mmx fxsr sse sse2 ss ht tm pbe syscall nx pdpe1gb rdtscp lm constant_tsc arch_perfmon pebs bts rep_good nopl xtopology nonstop_tsc aperfmperf eagerfpu pni pclmulqdq dtes64 monitor ds_cpl vmx est tm2 ssse3 fma cx16 xtpr pdcm pcid sse4_1 sse4_2 x2apic movbe popcnt tsc_deadline_timer aes xsave avx f16c rdrand lahf_lm abm 3dnowprefetch ida arat epb pln pts dtherm tpr_shadow vnmi flexpriority ept vpid fsgsbase tsc_adjust bmi1 avx2 smep bmi2 erms invpcid rdseed adx smap xsaveopt
bugs		:
bogomips	: 4390.05
clflush size	: 64
cache_alignment	: 64
address sizes	: 39 bits physical, 48 bits virtual
power management:

processor	: 3
vendor_id	: GenuineIntel
cpu family	: 6
model		: 61
model name	: Intel(R) Core(TM) i5-5200U CPU @ 2.20GHz
stepping	: 4
microcode	: 0x1f
cpu MHz		: 2352.968
cache size	: 3072 KB
physical id	: 0
siblings	: 4
core id		: 1
cpu cores	: 2
apicid		: 3
initial apicid	: 3
fpu		: yes
fpu_exception	: yes
cpuid level	: 20
wp		: yes
flags		: fpu vme de pse tsc msr pae mce cx8 apic sep mtrr pge mca cmov pat pse36 clflush dts acpi mmx fxsr sse sse2 ss ht tm pbe syscall nx pdpe1gb rdtscp lm constant_tsc arch_perfmon pebs bts rep_good nopl xtopology nonstop_tsc aperfmperf eagerfpu pni pclmulqdq dtes64 monitor ds_cpl vmx est tm2 ssse3 fma cx16 xtpr pdcm pcid sse4_1 sse4_2 x2apic movbe popcnt tsc_deadline_timer aes xsave avx f16c rdrand lahf_lm abm 3dnowprefetch ida arat epb pln pts dtherm tpr_shadow vnmi flexpriority ept vpid fsgsbase tsc_adjust bmi1 avx2 smep bmi2 erms invpcid rdseed adx smap xsaveopt
bugs		:
bogomips	: 4390.05
clflush size	: 64
cache_alignment	: 64
address sizes	: 39 bits physical, 48 bits virtual
power management:



Memory: 4k page, physical 8078812k(3556624k free), swap 499708k(499176k free)

vm_info: Java HotSpot(TM) 64-Bit Server VM (25.101-b13) for linux-amd64 JRE (1.8.0_101-b13), built on Jun 22 2016 02:59:44 by "java_re" with gcc 4.3.0 20080428 (Red Hat 4.3.0-8)

time: Tue Oct 18 15:18:51 2016
elapsed time: 3 seconds (0d 0h 0m 3s)

