#
# A fatal error has been detected by the Java Runtime Environment:
#
#  SIGSEGV (0xb) at pc=0x00007f02d1ed3040, pid=5438, tid=0x00007f032a567700
#
# JRE version: Java(TM) SE Runtime Environment (8.0_101-b13) (build 1.8.0_101-b13)
# Java VM: Java HotSpot(TM) 64-Bit Server VM (25.101-b13 mixed mode linux-amd64 compressed oops)
# Problematic frame:
# C  [i965_dri.so+0x3ca040]
#
# Failed to write core dump. Core dumps have been disabled. To enable core dumping, try "ulimit -c unlimited" before starting Java again
#
# If you would like to submit a bug report, please visit:
#   http://bugreport.java.com/bugreport/crash.jsp
# The crash happened outside the Java Virtual Machine in native code.
# See problematic frame for where to report the bug.
#

---------------  T H R E A D  ---------------

Current thread (0x00007f02f0002800):  JavaThread "AWT-EventQueue-1" [_thread_in_native, id=5464, stack(0x00007f032a467000,0x00007f032a568000)]

siginfo: si_signo: 11 (SIGSEGV), si_code: 1 (SEGV_MAPERR), si_addr: 0x000000000000c548

Registers:
RAX=0x00007f02d1ed3030, RBX=0x000000000000c000, RCX=0x0000000000000000, RDX=0x0000000000000001
RSP=0x00007f032a565510, RBP=0x00007f02e090b5c0, RSI=0x00007f02dcfc7c60, RDI=0x0000000100000000
R8 =0x0000000000000000, R9 =0x00007f0328dcafc0, R10=0x00007f03389e49e8, R11=0x00007f034d7fdc50
R12=0x00007f02e08f41b0, R13=0x0000000000000000, R14=0x00007f02e090b6e0, R15=0x0000000000000000
RIP=0x00007f02d1ed3040, EFLAGS=0x0000000000010206, CSGSFS=0x0000000000000033, ERR=0x0000000000000004
  TRAPNO=0x000000000000000e

Top of Stack: (sp=0x00007f032a565510)
0x00007f032a565510:   00007f032a565600 0000000000000000
0x00007f032a565520:   00007f02dcfc7b80 00007f02e090b5c0
0x00007f032a565530:   00007f02e08f41b0 00007f0328dcb04e
0x00007f032a565540:   00007f032a565578 00007f0329018660
0x00007f032a565550:   00007f02e0c163d0 00007f0300000000
0x00007f032a565560:   0000000000000000 0000000000000000
0x00007f032a565570:   0000000000000000 00007f02dcfc7b80
0x00007f032a565580:   0000000004a0004d 00007f0329056320
0x00007f032a565590:   00007f032a565600 0000000000000000
0x00007f032a5655a0:   00007f0329056320 00007f032a5656c8
0x00007f032a5655b0:   00007f02f0002800 00007f02d33cb849
0x00007f032a5655c0:   00007f033378b4e8 00007f0328da4ab0
0x00007f032a5655d0:   0000000004a0004d 00007f02e0c163d0
0x00007f032a5655e0:   00007f032a565690 00007f02f00029f8
0x00007f032a5655f0:   00000000d9cb3d30 00007f0328da4ab0
0x00007f032a565600:   00007f032a565680 00007f03389e4a14
0x00007f032a565610:   00000000d9cb3d90 00000000d9cb3db0
0x00007f032a565620:   00000000d9cb3e00 00000000d9cb3df0
0x00007f032a565630:   00007f0337e0c000 00000000db3cbb48
0x00007f032a565640:   00007f032a565640 0000000000000000
0x00007f032a565650:   00007f032a5656c8 00007f03290579c0
0x00007f032a565660:   0000000000000000 00007f0329056320
0x00007f032a565670:   0000000000000000 00007f032a5656a0
0x00007f032a565680:   00007f032a565710 00007f03389d52bd
0x00007f032a565690:   0000000084d83588 00007f03389de538
0x00007f032a5656a0:   00007f0328da4ab0 00007f03389f0243
0x00007f032a5656b0:   0000000004a0004d 00007f0300000000
0x00007f032a5656c0:   00007f02e0c163d0 0000000084d838c0
0x00007f032a5656d0:   00007f032a5656d0 00007f0329056271
0x00007f032a5656e0:   00007f032a565748 00007f03290579c0
0x00007f032a5656f0:   00007f02cf8fb348 00007f0329056280
0x00007f032a565700:   00007f032a5656a0 00007f032a565730 

Instructions: (pc=0x00007f02d1ed3040)
0x00007f02d1ed3020:   48 83 c4 10 5b 5d 41 5c c3 0f 1f 80 00 00 00 00
0x00007f02d1ed3030:   41 54 55 53 48 83 ec 10 48 8b 1f 48 85 db 74 3d
0x00007f02d1ed3040:   f6 83 48 05 00 00 01 49 89 f4 89 cd 75 72 83 e2
0x00007f02d1ed3050:   01 75 5d 83 e5 fd 74 38 48 8d 35 71 24 0f 00 ba 

Register to memory mapping:

RAX=0x00007f02d1ed3030: <offset 0x3ca030> in /usr/lib/x86_64-linux-gnu/dri/i965_dri.so at 0x00007f02d1b09000
RBX=0x000000000000c000 is an unknown value
RCX=0x0000000000000000 is an unknown value
RDX=0x0000000000000001 is an unknown value
RSP=0x00007f032a565510 is pointing into the stack for thread: 0x00007f02f0002800
RBP=0x00007f02e090b5c0 is an unknown value
RSI=0x00007f02dcfc7c60 is an unknown value
RDI=0x0000000100000000 is pointing into metadata
R8 =0x0000000000000000 is an unknown value
R9 =0x00007f0328dcafc0: <offset 0x42fc0> in /usr/lib/x86_64-linux-gnu/mesa/libGL.so.1 at 0x00007f0328d88000
R10=0x00007f03389e49e8 is at code_begin+808 in an Interpreter codelet
method entry point (kind = native)  [0x00007f03389e46c0, 0x00007f03389e4fc0]  2304 bytes
R11=0x00007f034d7fdc50: <offset 0x9c1c50> in /usr/lib/jvm/java-8-oracle/jre/lib/amd64/server/libjvm.so at 0x00007f034ce3c000
R12=0x00007f02e08f41b0 is an unknown value
R13=0x0000000000000000 is an unknown value
R14=0x00007f02e090b6e0 is an unknown value
R15=0x0000000000000000 is an unknown value


Stack: [0x00007f032a467000,0x00007f032a568000],  sp=0x00007f032a565510,  free space=1017k
Native frames: (J=compiled Java code, j=interpreted, Vv=VM code, C=native code)
C  [i965_dri.so+0x3ca040]

Java frames: (J=compiled Java code, j=interpreted, Vv=VM code)
j  jogamp.opengl.x11.glx.GLX.dispatch_glXSwapBuffers0(JJJ)V+0
j  jogamp.opengl.x11.glx.GLX.glXSwapBuffers(JJ)V+41
j  jogamp.opengl.x11.glx.X11GLXDrawable.swapBuffersImpl(Z)V+17
j  jogamp.opengl.GLDrawableImpl.swapBuffers()V+67
j  javax.media.opengl.awt.GLCanvas$12.run()V+45
J 1814 C1 java.awt.event.InvocationEvent.dispatch()V (69 bytes) @ 0x00007f033900300c [0x00007f0339002ec0+0x14c]
J 1821 C1 java.awt.EventQueue.dispatchEventImpl(Ljava/awt/AWTEvent;Ljava/lang/Object;)V (149 bytes) @ 0x00007f03390055fc [0x00007f0339003a80+0x1b7c]
J 1819 C1 java.awt.EventQueue$3.run()Ljava/lang/Void; (60 bytes) @ 0x00007f0338ffd904 [0x00007f0338ffd700+0x204]
J 1818 C1 java.awt.EventQueue$3.run()Ljava/lang/Object; (5 bytes) @ 0x00007f0338ffdfcc [0x00007f0338ffdf40+0x8c]
v  ~StubRoutines::call_stub
J 600  java.security.AccessController.doPrivileged(Ljava/security/PrivilegedAction;Ljava/security/AccessControlContext;)Ljava/lang/Object; (0 bytes) @ 0x00007f0338c59a63 [0x00007f0338c59a00+0x63]
J 1634 C1 java.awt.EventQueue.dispatchEvent(Ljava/awt/AWTEvent;)V (80 bytes) @ 0x00007f0338f7f044 [0x00007f0338f7e6c0+0x984]
J 1636 C1 java.awt.EventDispatchThread.pumpOneEventForFilters(I)V (295 bytes) @ 0x00007f0338f82314 [0x00007f0338f807c0+0x1b54]
j  java.awt.EventDispatchThread.pumpEventsForFilter(ILjava/awt/Conditional;Ljava/awt/EventFilter;)V+35
j  java.awt.EventDispatchThread.pumpEventsForHierarchy(ILjava/awt/Conditional;Ljava/awt/Component;)V+11
j  java.awt.EventDispatchThread.pumpEvents(ILjava/awt/Conditional;)V+4
j  java.awt.EventDispatchThread.pumpEvents(Ljava/awt/Conditional;)V+3
j  java.awt.EventDispatchThread.run()V+9
v  ~StubRoutines::call_stub

---------------  P R O C E S S  ---------------

Java Threads: ( => current thread )
  0x00007f02ddc22800 JavaThread "Thread-48" [_thread_blocked, id=5525, stack(0x00007f02ce574000,0x00007f02ce675000)]
  0x00007f02c000a000 JavaThread "Keep-Alive-Timer" daemon [_thread_blocked, id=5479, stack(0x00007f02cea79000,0x00007f02ceb7a000)]
  0x00007f02e0120800 JavaThread "Animation Thread-SharedResourceRunner" daemon [_thread_blocked, id=5474, stack(0x00007f0329e2c000,0x00007f0329f2d000)]
  0x00007f02e00c1000 JavaThread "process reaper" daemon [_thread_blocked, id=5469, stack(0x00007f0329f2d000,0x00007f0329f66000)]
  0x00007f02f0009000 JavaThread "Animation Thread" [_thread_blocked, id=5465, stack(0x00007f032a166000,0x00007f032a267000)]
=>0x00007f02f0002800 JavaThread "AWT-EventQueue-1" [_thread_in_native, id=5464, stack(0x00007f032a467000,0x00007f032a568000)]
  0x00007f034800a000 JavaThread "DestroyJavaVM" [_thread_blocked, id=5443, stack(0x00007f034e922000,0x00007f034ea23000)]
  0x00007f034827c800 JavaThread "AWT-EventQueue-0" [_thread_blocked, id=5462, stack(0x00007f032ac10000,0x00007f032ad11000)]
  0x00007f0348278000 JavaThread "AWT-Shutdown" [_thread_blocked, id=5461, stack(0x00007f032ad11000,0x00007f032ae12000)]
  0x00007f0348264800 JavaThread "thread applet-module1.HelloWorld.class" [_thread_blocked, id=5460, stack(0x00007f032ae12000,0x00007f032af13000)]
  0x00007f0348257800 JavaThread "AWT-XAWT" daemon [_thread_blocked, id=5458, stack(0x00007f032af13000,0x00007f032b014000)]
  0x00007f0348231800 JavaThread "Java2D Disposer" daemon [_thread_blocked, id=5457, stack(0x00007f032b424000,0x00007f032b525000)]
  0x00007f03480cb000 JavaThread "Service Thread" daemon [_thread_blocked, id=5455, stack(0x00007f03311ba000,0x00007f03312bb000)]
  0x00007f03480bd800 JavaThread "C1 CompilerThread2" daemon [_thread_blocked, id=5454, stack(0x00007f03312bb000,0x00007f03313bc000)]
  0x00007f03480bc000 JavaThread "C2 CompilerThread1" daemon [_thread_blocked, id=5453, stack(0x00007f03313bc000,0x00007f03314bd000)]
  0x00007f03480b9000 JavaThread "C2 CompilerThread0" daemon [_thread_blocked, id=5452, stack(0x00007f03314bd000,0x00007f03315be000)]
  0x00007f03480b7800 JavaThread "Signal Dispatcher" daemon [_thread_blocked, id=5451, stack(0x00007f03315be000,0x00007f03316bf000)]
  0x00007f0348084000 JavaThread "Finalizer" daemon [_thread_blocked, id=5450, stack(0x00007f0331da1000,0x00007f0331ea2000)]
  0x00007f034807f800 JavaThread "Reference Handler" daemon [_thread_blocked, id=5449, stack(0x00007f0331ea2000,0x00007f0331fa3000)]

Other Threads:
  0x00007f0348078000 VMThread [stack: 0x00007f0331fa3000,0x00007f03320a4000] [id=5448]
  0x00007f03480d6000 WatcherThread [stack: 0x00007f03310b9000,0x00007f03311ba000] [id=5456]

VM state:not at safepoint (normal execution)

VM Mutex/Monitor currently owned by a thread: None

Heap:
 PSYoungGen      total 68608K, used 53988K [0x00000000d6e00000, 0x00000000db600000, 0x0000000100000000)
  eden space 63488K, 77% used [0x00000000d6e00000,0x00000000d9dc4580,0x00000000dac00000)
  from space 5120K, 99% used [0x00000000db100000,0x00000000db5f4d00,0x00000000db600000)
  to   space 5120K, 0% used [0x00000000dac00000,0x00000000dac00000,0x00000000db100000)
 ParOldGen       total 84992K, used 19763K [0x0000000084a00000, 0x0000000089d00000, 0x00000000d6e00000)
  object space 84992K, 23% used [0x0000000084a00000,0x0000000085d4cef0,0x0000000089d00000)
 Metaspace       used 19540K, capacity 19749K, committed 20224K, reserved 1067008K
  class space    used 1850K, capacity 1924K, committed 2048K, reserved 1048576K

Card table byte_map: [0x00007f0338231000,0x00007f033860d000] byte_map_base: 0x00007f0337e0c000

Marking Bits: (ParMarkBitMap*) 0x00007f034ddfd120
 Begin Bits: [0x00007f0333deb000, 0x00007f0335cc3000)
 End Bits:   [0x00007f0335cc3000, 0x00007f0337b9b000)

Polling page: 0x00007f034ea46000

CodeCache: size=245760Kb used=7294Kb max_used=7294Kb free=238465Kb
 bounds [0x00007f03389cd000, 0x00007f03390fd000, 0x00007f03479cd000]
 total_blobs=3045 nmethods=2077 adapters=881
 compilation: enabled

Compilation events (10 events):
Event: 10.101 Thread 0x00007f03480bd800 2073       3       processing.opengl.PGL::needFBOLayer (23 bytes)
Event: 10.101 Thread 0x00007f03480bd800 nmethod 2073 0x00007f03390d2810 code [0x00007f03390d2980, 0x00007f03390d2b90]
Event: 10.101 Thread 0x00007f03480bd800 2074       3       processing.opengl.PJOGL::getDrawFramebuffer (55 bytes)
Event: 10.101 Thread 0x00007f03480bd800 nmethod 2074 0x00007f03390f33d0 code [0x00007f03390f3580, 0x00007f03390f3ae8]
Event: 10.101 Thread 0x00007f03480bd800 2075       3       processing.opengl.PJOGL::getReadFramebuffer (38 bytes)
Event: 10.101 Thread 0x00007f03480bd800 nmethod 2075 0x00007f03390f3c50 code [0x00007f03390f3de0, 0x00007f03390f4238]
Event: 10.101 Thread 0x00007f03480bd800 2076       3       java.util.concurrent.CountDownLatch$Sync::tryReleaseShared (37 bytes)
Event: 10.101 Thread 0x00007f03480bd800 nmethod 2076 0x00007f03390f4390 code [0x00007f03390f4500, 0x00007f03390f4930]
Event: 10.247 Thread 0x00007f03480bd800 2077       1       java.awt.AWTEvent::isConsumed (5 bytes)
Event: 10.247 Thread 0x00007f03480bd800 nmethod 2077 0x00007f03390ce7d0 code [0x00007f03390ce920, 0x00007f03390cea30]

GC Heap History (8 events):
Event: 0.872 GC heap before
{Heap before GC invocations=1 (full 0):
 PSYoungGen      total 36864K, used 31744K [0x00000000d6e00000, 0x00000000d9700000, 0x0000000100000000)
  eden space 31744K, 100% used [0x00000000d6e00000,0x00000000d8d00000,0x00000000d8d00000)
  from space 5120K, 0% used [0x00000000d9200000,0x00000000d9200000,0x00000000d9700000)
  to   space 5120K, 0% used [0x00000000d8d00000,0x00000000d8d00000,0x00000000d9200000)
 ParOldGen       total 84992K, used 0K [0x0000000084a00000, 0x0000000089d00000, 0x00000000d6e00000)
  object space 84992K, 0% used [0x0000000084a00000,0x0000000084a00000,0x0000000089d00000)
 Metaspace       used 16349K, capacity 16583K, committed 16768K, reserved 1064960K
  class space    used 1587K, capacity 1663K, committed 1664K, reserved 1048576K
Event: 0.878 GC heap after
Heap after GC invocations=1 (full 0):
 PSYoungGen      total 36864K, used 4702K [0x00000000d6e00000, 0x00000000d9700000, 0x0000000100000000)
  eden space 31744K, 0% used [0x00000000d6e00000,0x00000000d6e00000,0x00000000d8d00000)
  from space 5120K, 91% used [0x00000000d8d00000,0x00000000d9197b50,0x00000000d9200000)
  to   space 5120K, 0% used [0x00000000d9200000,0x00000000d9200000,0x00000000d9700000)
 ParOldGen       total 84992K, used 16K [0x0000000084a00000, 0x0000000089d00000, 0x00000000d6e00000)
  object space 84992K, 0% used [0x0000000084a00000,0x0000000084a04000,0x0000000089d00000)
 Metaspace       used 16349K, capacity 16583K, committed 16768K, reserved 1064960K
  class space    used 1587K, capacity 1663K, committed 1664K, reserved 1048576K
}
Event: 1.458 GC heap before
{Heap before GC invocations=2 (full 0):
 PSYoungGen      total 36864K, used 36192K [0x00000000d6e00000, 0x00000000d9700000, 0x0000000100000000)
  eden space 31744K, 99% used [0x00000000d6e00000,0x00000000d8cc0708,0x00000000d8d00000)
  from space 5120K, 91% used [0x00000000d8d00000,0x00000000d9197b50,0x00000000d9200000)
  to   space 5120K, 0% used [0x00000000d9200000,0x00000000d9200000,0x00000000d9700000)
 ParOldGen       total 84992K, used 16K [0x0000000084a00000, 0x0000000089d00000, 0x00000000d6e00000)
  object space 84992K, 0% used [0x0000000084a00000,0x0000000084a04000,0x0000000089d00000)
 Metaspace       used 18798K, capacity 19015K, committed 19328K, reserved 1067008K
  class space    used 1844K, capacity 1919K, committed 1920K, reserved 1048576K
Event: 1.471 GC heap after
Heap after GC invocations=2 (full 0):
 PSYoungGen      total 36864K, used 5107K [0x00000000d6e00000, 0x00000000db600000, 0x0000000100000000)
  eden space 31744K, 0% used [0x00000000d6e00000,0x00000000d6e00000,0x00000000d8d00000)
  from space 5120K, 99% used [0x00000000d9200000,0x00000000d96fcd40,0x00000000d9700000)
  to   space 5120K, 0% used [0x00000000d8d00000,0x00000000d8d00000,0x00000000d9200000)
 ParOldGen       total 84992K, used 8940K [0x0000000084a00000, 0x0000000089d00000, 0x00000000d6e00000)
  object space 84992K, 10% used [0x0000000084a00000,0x00000000852bb1d0,0x0000000089d00000)
 Metaspace       used 18798K, capacity 19015K, committed 19328K, reserved 1067008K
  class space    used 1844K, capacity 1919K, committed 1920K, reserved 1048576K
}
Event: 1.634 GC heap before
{Heap before GC invocations=3 (full 0):
 PSYoungGen      total 36864K, used 36714K [0x00000000d6e00000, 0x00000000db600000, 0x0000000100000000)
  eden space 31744K, 99% used [0x00000000d6e00000,0x00000000d8cddce0,0x00000000d8d00000)
  from space 5120K, 99% used [0x00000000d9200000,0x00000000d96fcd40,0x00000000d9700000)
  to   space 5120K, 0% used [0x00000000d8d00000,0x00000000d8d00000,0x00000000d9200000)
 ParOldGen       total 84992K, used 9196K [0x0000000084a00000, 0x0000000089d00000, 0x00000000d6e00000)
  object space 84992K, 10% used [0x0000000084a00000,0x00000000852fb1e0,0x0000000089d00000)
 Metaspace       used 18846K, capacity 19085K, committed 19328K, reserved 1067008K
  class space    used 1845K, capacity 1920K, committed 1920K, reserved 1048576K
Event: 1.640 GC heap after
Heap after GC invocations=3 (full 0):
 PSYoungGen      total 36864K, used 5107K [0x00000000d6e00000, 0x00000000db600000, 0x0000000100000000)
  eden space 31744K, 0% used [0x00000000d6e00000,0x00000000d6e00000,0x00000000d8d00000)
  from space 5120K, 99% used [0x00000000d8d00000,0x00000000d91fcd30,0x00000000d9200000)
  to   space 5120K, 0% used [0x00000000db100000,0x00000000db100000,0x00000000db600000)
 ParOldGen       total 84992K, used 15153K [0x0000000084a00000, 0x0000000089d00000, 0x00000000d6e00000)
  object space 84992K, 17% used [0x0000000084a00000,0x00000000858cc4b0,0x0000000089d00000)
 Metaspace       used 18846K, capacity 19085K, committed 19328K, reserved 1067008K
  class space    used 1845K, capacity 1920K, committed 1920K, reserved 1048576K
}
Event: 2.698 GC heap before
{Heap before GC invocations=4 (full 0):
 PSYoungGen      total 36864K, used 36851K [0x00000000d6e00000, 0x00000000db600000, 0x0000000100000000)
  eden space 31744K, 100% used [0x00000000d6e00000,0x00000000d8d00000,0x00000000d8d00000)
  from space 5120K, 99% used [0x00000000d8d00000,0x00000000d91fcd30,0x00000000d9200000)
  to   space 5120K, 0% used [0x00000000db100000,0x00000000db100000,0x00000000db600000)
 ParOldGen       total 84992K, used 15155K [0x0000000084a00000, 0x0000000089d00000, 0x00000000d6e00000)
  object space 84992K, 17% used [0x0000000084a00000,0x00000000858ccdd0,0x0000000089d00000)
 Metaspace       used 19181K, capacity 19423K, committed 19712K, reserved 1067008K
  class space    used 1847K, capacity 1923K, committed 2048K, reserved 1048576K
Event: 2.705 GC heap after
Heap after GC invocations=4 (full 0):
 PSYoungGen      total 68608K, used 5075K [0x00000000d6e00000, 0x00000000db600000, 0x0000000100000000)
  eden space 63488K, 0% used [0x00000000d6e00000,0x00000000d6e00000,0x00000000dac00000)
  from space 5120K, 99% used [0x00000000db100000,0x00000000db5f4d00,0x00000000db600000)
  to   space 5120K, 0% used [0x00000000dac00000,0x00000000dac00000,0x00000000db100000)
 ParOldGen       total 84992K, used 19763K [0x0000000084a00000, 0x0000000089d00000, 0x00000000d6e00000)
  object space 84992K, 23% used [0x0000000084a00000,0x0000000085d4cef0,0x0000000089d00000)
 Metaspace       used 19181K, capacity 19423K, committed 19712K, reserved 1067008K
  class space    used 1847K, capacity 1923K, committed 2048K, reserved 1048576K
}

Deoptimization events (4 events):
Event: 0.184 Thread 0x00007f034800a000 Uncommon trap: reason=null_check action=make_not_entrant pc=0x00007f0338b2b304 method=java.lang.String.equals(Ljava/lang/Object;)Z @ 8
Event: 0.576 Thread 0x00007f02f0009000 Uncommon trap: reason=unstable_if action=reinterpret pc=0x00007f0338bd8990 method=java.lang.String.indexOf([CII[CIII)I @ 3
Event: 1.194 Thread 0x00007f02f0002800 Uncommon trap: reason=unstable_if action=reinterpret pc=0x00007f0338d429e4 method=com.jogamp.common.util.IntIntHashMap.get(I)I @ 19
Event: 1.214 Thread 0x00007f02f0002800 Uncommon trap: reason=unstable_if action=reinterpret pc=0x00007f0338bbd518 method=java.lang.AbstractStringBuilder.append(Ljava/lang/String;)Ljava/lang/AbstractStringBuilder; @ 1

Internal exceptions (10 events):
Event: 1.214 Thread 0x00007f02f0002800 Implicit null exception at 0x00007f0338bbd173 to 0x00007f0338bbd505
Event: 1.267 Thread 0x00007f02f0002800 Exception <a 'java/lang/reflect/InvocationTargetException'> (0x00000000d7ad9108) thrown at [/HUDSON3/workspace/8-2-build-linux-amd64/jdk8u101/7261/hotspot/src/share/vm/runtime/reflection.cpp, line 1092]
Event: 1.268 Thread 0x00007f02f0002800 Exception <a 'java/lang/reflect/InvocationTargetException'> (0x00000000d7ad97a0) thrown at [/HUDSON3/workspace/8-2-build-linux-amd64/jdk8u101/7261/hotspot/src/share/vm/runtime/reflection.cpp, line 1092]
Event: 1.378 Thread 0x00007f02f0002800 Exception <a 'java/lang/reflect/InvocationTargetException'> (0x00000000d818d6c8) thrown at [/HUDSON3/workspace/8-2-build-linux-amd64/jdk8u101/7261/hotspot/src/share/vm/runtime/reflection.cpp, line 1092]
Event: 1.384 Thread 0x00007f02f0002800 Exception <a 'java/lang/reflect/InvocationTargetException'> (0x00000000d818f0a0) thrown at [/HUDSON3/workspace/8-2-build-linux-amd64/jdk8u101/7261/hotspot/src/share/vm/runtime/reflection.cpp, line 1092]
Event: 1.404 Thread 0x00007f02f0002800 Exception <a 'java/lang/reflect/InvocationTargetException'> (0x00000000d84e5830) thrown at [/HUDSON3/workspace/8-2-build-linux-amd64/jdk8u101/7261/hotspot/src/share/vm/runtime/reflection.cpp, line 1092]
Event: 1.406 Thread 0x00007f02f0002800 Exception <a 'java/lang/reflect/InvocationTargetException'> (0x00000000d84e6918) thrown at [/HUDSON3/workspace/8-2-build-linux-amd64/jdk8u101/7261/hotspot/src/share/vm/runtime/reflection.cpp, line 1092]
Event: 1.433 Thread 0x00007f02f0002800 Exception <a 'java/lang/reflect/InvocationTargetException'> (0x00000000d89264f0) thrown at [/HUDSON3/workspace/8-2-build-linux-amd64/jdk8u101/7261/hotspot/src/share/vm/runtime/reflection.cpp, line 1092]
Event: 1.433 Thread 0x00007f02f0002800 Exception <a 'java/lang/reflect/InvocationTargetException'> (0x00000000d8926d90) thrown at [/HUDSON3/workspace/8-2-build-linux-amd64/jdk8u101/7261/hotspot/src/share/vm/runtime/reflection.cpp, line 1092]
Event: 1.510 Thread 0x00007f02f0002800 Exception <a 'java/lang/reflect/InvocationTargetException'> (0x00000000d7120a70) thrown at [/HUDSON3/workspace/8-2-build-linux-amd64/jdk8u101/7261/hotspot/src/share/vm/runtime/reflection.cpp, line 1092]

Events (10 events):
Event: 6.772 Thread 0x00007f02c000e000 Thread exited: 0x00007f02c000e000
Event: 10.247 loading class sun/applet/AppletViewer$3
Event: 10.247 loading class sun/applet/AppletViewer$3 done
Event: 10.247 Thread 0x00007f02ddc22800 Thread added: 0x00007f02ddc22800
Event: 10.247 loading class sun/applet/AppletPanel$4
Event: 10.247 loading class sun/applet/AppletPanel$4 done
Event: 10.248 loading class java/awt/KeyboardFocusManager$2
Event: 10.248 loading class java/awt/KeyboardFocusManager$2 done
Event: 10.248 loading class sun/awt/SunToolkit$1
Event: 10.248 loading class sun/awt/SunToolkit$1 done


Dynamic libraries:
00400000-00401000 r-xp 00000000 08:07 2243299                            /usr/lib/jvm/java-8-oracle/bin/java
00600000-00601000 rw-p 00000000 08:07 2243299                            /usr/lib/jvm/java-8-oracle/bin/java
00d44000-00d65000 rw-p 00000000 00:00 0                                  [heap]
84a00000-89d00000 rw-p 00000000 00:00 0 
89d00000-d6e00000 ---p 00000000 00:00 0 
d6e00000-db600000 rw-p 00000000 00:00 0 
db600000-100000000 ---p 00000000 00:00 0 
100000000-100200000 rw-p 00000000 00:00 0 
100200000-140000000 ---p 00000000 00:00 0 
7f02a8000000-7f02a8021000 rw-p 00000000 00:00 0 
7f02a8021000-7f02ac000000 ---p 00000000 00:00 0 
7f02aee00000-7f02af000000 rw-s 00000000 00:05 81443                      /drm mm object (deleted)
7f02af000000-7f02af800000 rw-s 00000000 00:05 79836                      /drm mm object (deleted)
7f02af800000-7f02b0000000 rw-s 00000000 00:05 79835                      /drm mm object (deleted)
7f02b0000000-7f02b0021000 rw-p 00000000 00:00 0 
7f02b0021000-7f02b4000000 ---p 00000000 00:00 0 
7f02b4000000-7f02b4021000 rw-p 00000000 00:00 0 
7f02b4021000-7f02b8000000 ---p 00000000 00:00 0 
7f02b8000000-7f02b8021000 rw-p 00000000 00:00 0 
7f02b8021000-7f02bc000000 ---p 00000000 00:00 0 
7f02bc000000-7f02bc021000 rw-p 00000000 00:00 0 
7f02bc021000-7f02c0000000 ---p 00000000 00:00 0 
7f02c0000000-7f02c0021000 rw-p 00000000 00:00 0 
7f02c0021000-7f02c4000000 ---p 00000000 00:00 0 
7f02c4000000-7f02c4021000 rw-p 00000000 00:00 0 
7f02c4021000-7f02c8000000 ---p 00000000 00:00 0 
7f02c8000000-7f02c8021000 rw-p 00000000 00:00 0 
7f02c8021000-7f02cc000000 ---p 00000000 00:00 0 
7f02cc056000-7f02cc0f6000 rw-s 14ec27000 00:06 10983                     /dev/dri/card0
7f02cc0f6000-7f02cc2f6000 rw-s 00000000 00:05 82119                      /drm mm object (deleted)
7f02cc2f6000-7f02cc4f6000 rw-s 1f6f85000 00:06 10983                     /dev/dri/card0
7f02cc4f6000-7f02cc6f6000 rw-s 1f6d85000 00:06 10983                     /dev/dri/card0
7f02cc6f6000-7f02cc796000 rw-s 1f6ce5000 00:06 10983                     /dev/dri/card0
7f02cc796000-7f02cc996000 rw-s 00000000 00:05 82112                      /drm mm object (deleted)
7f02cc996000-7f02ccb96000 rw-s 00000000 00:05 82111                      /drm mm object (deleted)
7f02ccb96000-7f02ccc06000 rw-s 00000000 00:05 79871                      /drm mm object (deleted)
7f02ccc06000-7f02ccc76000 rw-s 00000000 00:05 80528                      /drm mm object (deleted)
7f02ccc76000-7f02ccce6000 rw-s 00000000 00:05 80527                      /drm mm object (deleted)
7f02ccce6000-7f02ccd56000 rw-s 00000000 00:05 81428                      /drm mm object (deleted)
7f02ccd56000-7f02ccdc6000 rw-s 00000000 00:05 81427                      /drm mm object (deleted)
7f02ccdc6000-7f02cce36000 rw-s 00000000 00:05 81426                      /drm mm object (deleted)
7f02cce36000-7f02ccea6000 rw-s 00000000 00:05 81425                      /drm mm object (deleted)
7f02ccea6000-7f02ccf16000 rw-s 00000000 00:05 81424                      /drm mm object (deleted)
7f02ccf16000-7f02ccf86000 rw-s 00000000 00:05 80525                      /drm mm object (deleted)
7f02ccf86000-7f02ccff6000 rw-s 00000000 00:05 80524                      /drm mm object (deleted)
7f02ccff6000-7f02cd066000 rw-s 00000000 00:05 80523                      /drm mm object (deleted)
7f02cd066000-7f02cd0d6000 rw-s 00000000 00:05 82110                      /drm mm object (deleted)
7f02cd0d6000-7f02cd146000 rw-s 00000000 00:05 82109                      /drm mm object (deleted)
7f02cd146000-7f02cd1b6000 rw-s 00000000 00:05 82108                      /drm mm object (deleted)
7f02cd1b6000-7f02cd226000 rw-s 00000000 00:05 82107                      /drm mm object (deleted)
7f02cd226000-7f02cd296000 rw-s 00000000 00:05 82106                      /drm mm object (deleted)
7f02cd296000-7f02cd306000 rw-s 00000000 00:05 82105                      /drm mm object (deleted)
7f02cd306000-7f02cd376000 rw-s 00000000 00:05 82103                      /drm mm object (deleted)
7f02cd376000-7f02cd3e6000 rw-s 00000000 00:05 82102                      /drm mm object (deleted)
7f02cd3e6000-7f02cd456000 rw-s 00000000 00:05 82101                      /drm mm object (deleted)
7f02cd456000-7f02cd4c6000 rw-s 00000000 00:05 82100                      /drm mm object (deleted)
7f02cd4c6000-7f02cd536000 rw-s 00000000 00:05 80522                      /drm mm object (deleted)
7f02cd536000-7f02cd5a6000 rw-s 00000000 00:05 80521                      /drm mm object (deleted)
7f02cd5a6000-7f02cd616000 rw-s 00000000 00:05 80520                      /drm mm object (deleted)
7f02cd616000-7f02cd686000 rw-s 00000000 00:05 79869                      /drm mm object (deleted)
7f02cd686000-7f02cd6f6000 rw-s 00000000 00:05 82099                      /drm mm object (deleted)
7f02cd6f6000-7f02cd766000 rw-s 00000000 00:05 81423                      /drm mm object (deleted)
7f02cd766000-7f02cd7d6000 rw-s 00000000 00:05 81422                      /drm mm object (deleted)
7f02cd7d6000-7f02cd846000 rw-s 00000000 00:05 81421                      /drm mm object (deleted)
7f02cd846000-7f02cd8b6000 rw-s 00000000 00:05 80516                      /drm mm object (deleted)
7f02cd8b6000-7f02cd926000 rw-s 00000000 00:05 80515                      /drm mm object (deleted)
7f02cd926000-7f02cd996000 rw-s 00000000 00:05 82098                      /drm mm object (deleted)
7f02cd996000-7f02cda06000 rw-s 00000000 00:05 82097                      /drm mm object (deleted)
7f02cda06000-7f02cda76000 rw-s 00000000 00:05 82096                      /drm mm object (deleted)
7f02cda76000-7f02cdae6000 rw-s 00000000 00:05 82095                      /drm mm object (deleted)
7f02cdae6000-7f02cdb56000 rw-s 00000000 00:05 80514                      /drm mm object (deleted)
7f02cdb56000-7f02cdbc6000 rw-s 00000000 00:05 80513                      /drm mm object (deleted)
7f02cdbc6000-7f02cdc36000 rw-s 00000000 00:05 82079                      /drm mm object (deleted)
7f02cdc36000-7f02cdca6000 rw-s 00000000 00:05 82070                      /drm mm object (deleted)
7f02cdca6000-7f02cdd16000 rw-s 00000000 00:05 82061                      /drm mm object (deleted)
7f02cdd16000-7f02cdd86000 rw-s 00000000 00:05 82052                      /drm mm object (deleted)
7f02cdd86000-7f02cddf6000 rw-s 00000000 00:05 81420                      /drm mm object (deleted)
7f02cddf6000-7f02cde66000 rw-s 00000000 00:05 81419                      /drm mm object (deleted)
7f02cde66000-7f02cded6000 rw-s 00000000 00:05 80512                      /drm mm object (deleted)
7f02cded6000-7f02cdf46000 rw-s 00000000 00:05 80511                      /drm mm object (deleted)
7f02cdf46000-7f02cdf49000 ---p 00000000 00:00 0 
7f02cdf49000-7f02ce047000 rw-p 00000000 00:00 0 
7f02ce047000-7f02ce04a000 ---p 00000000 00:00 0 
7f02ce04a000-7f02ce148000 rw-p 00000000 00:00 0 
7f02ce148000-7f02ce14b000 ---p 00000000 00:00 0 
7f02ce14b000-7f02ce249000 rw-p 00000000 00:00 0 
7f02ce249000-7f02ce279000 rw-s 1f6cb5000 00:06 10983                     /dev/dri/card0
7f02ce279000-7f02ce2b4000 r-xp 00000000 08:07 2243066                    /usr/lib/jvm/java-8-oracle/jre/lib/amd64/libjpeg.so
7f02ce2b4000-7f02ce4b3000 ---p 0003b000 08:07 2243066                    /usr/lib/jvm/java-8-oracle/jre/lib/amd64/libjpeg.so
7f02ce4b3000-7f02ce4b4000 rw-p 0003a000 08:07 2243066                    /usr/lib/jvm/java-8-oracle/jre/lib/amd64/libjpeg.so
7f02ce4b4000-7f02ce574000 rw-s 00000000 00:05 81992                      /drm mm object (deleted)
7f02ce574000-7f02ce577000 ---p 00000000 00:00 0 
7f02ce577000-7f02ce675000 rw-p 00000000 00:00 0 
7f02ce675000-7f02ce678000 ---p 00000000 00:00 0 
7f02ce678000-7f02ce776000 rw-p 00000000 00:00 0 
7f02ce776000-7f02ce779000 ---p 00000000 00:00 0 
7f02ce779000-7f02ce877000 rw-p 00000000 00:00 0 
7f02ce877000-7f02ce87a000 ---p 00000000 00:00 0 
7f02ce87a000-7f02ce978000 rw-p 00000000 00:00 0 
7f02ce978000-7f02ce97b000 ---p 00000000 00:00 0 
7f02ce97b000-7f02cea79000 rw-p 00000000 00:00 0 
7f02cea79000-7f02cea7c000 ---p 00000000 00:00 0 
7f02cea7c000-7f02ceb7a000 rw-p 00000000 00:00 0 
7f02ceb7a000-7f02cebaa000 rw-s 1f6c85000 00:06 10983                     /dev/dri/card0
7f02cebaa000-7f02cec6a000 rw-s 00000000 00:05 81979                      /drm mm object (deleted)
7f02cec6a000-7f02cec9a000 rw-s 1f6c53000 00:06 10983                     /dev/dri/card0
7f02cec9a000-7f02cecb1000 r-xp 00000000 08:07 536396                     /lib/x86_64-linux-gnu/libresolv-2.19.so
7f02cecb1000-7f02ceeb1000 ---p 00017000 08:07 536396                     /lib/x86_64-linux-gnu/libresolv-2.19.so
7f02ceeb1000-7f02ceeb2000 r--p 00017000 08:07 536396                     /lib/x86_64-linux-gnu/libresolv-2.19.so
7f02ceeb2000-7f02ceeb3000 rw-p 00018000 08:07 536396                     /lib/x86_64-linux-gnu/libresolv-2.19.so
7f02ceeb3000-7f02ceeb5000 rw-p 00000000 00:00 0 
7f02ceeb5000-7f02ceeba000 r-xp 00000000 08:07 536440                     /lib/x86_64-linux-gnu/libnss_dns-2.19.so
7f02ceeba000-7f02cf0b9000 ---p 00005000 08:07 536440                     /lib/x86_64-linux-gnu/libnss_dns-2.19.so
7f02cf0b9000-7f02cf0ba000 r--p 00004000 08:07 536440                     /lib/x86_64-linux-gnu/libnss_dns-2.19.so
7f02cf0ba000-7f02cf0bb000 rw-p 00005000 08:07 536440                     /lib/x86_64-linux-gnu/libnss_dns-2.19.so
7f02cf0bb000-7f02cf0bd000 r-xp 00000000 08:07 527807                     /lib/x86_64-linux-gnu/libnss_mdns4_minimal.so.2
7f02cf0bd000-7f02cf2bc000 ---p 00002000 08:07 527807                     /lib/x86_64-linux-gnu/libnss_mdns4_minimal.so.2
7f02cf2bc000-7f02cf2bd000 r--p 00001000 08:07 527807                     /lib/x86_64-linux-gnu/libnss_mdns4_minimal.so.2
7f02cf2bd000-7f02cf2be000 rw-p 00002000 08:07 527807                     /lib/x86_64-linux-gnu/libnss_mdns4_minimal.so.2
7f02cf2be000-7f02cf37e000 rw-s 00000000 00:05 81951                      /drm mm object (deleted)
7f02cf37e000-7f02cf381000 ---p 00000000 00:00 0 
7f02cf381000-7f02cf47f000 rw-p 00000000 00:00 0 
7f02cf47f000-7f02cf482000 ---p 00000000 00:00 0 
7f02cf482000-7f02cf580000 rw-p 00000000 00:00 0 
7f02cf580000-7f02cf583000 ---p 00000000 00:00 0 
7f02cf583000-7f02cf681000 rw-p 00000000 00:00 0 
7f02cf681000-7f02cf684000 ---p 00000000 00:00 0 
7f02cf684000-7f02cf942000 rw-p 00000000 00:00 0 
7f02cf942000-7f02cf982000 ---p 00000000 00:00 0 
7f02cf982000-7f02cfa42000 rw-s 00000000 00:05 81944                      /drm mm object (deleted)
7f02cfa42000-7f02cfae2000 rw-s 1f6b82000 00:06 10983                     /dev/dri/card0
7f02cfae2000-7f02cfce2000 rw-s 00000000 00:05 79839                      /drm mm object (deleted)
7f02cfce2000-7f02cfee2000 rw-s 00000000 00:05 79838                      /drm mm object (deleted)
7f02cfee2000-7f02cff26000 r-xp 00000000 08:07 527740                     /lib/x86_64-linux-gnu/libdbus-1.so.3.7.6
7f02cff26000-7f02d0125000 ---p 00044000 08:07 527740                     /lib/x86_64-linux-gnu/libdbus-1.so.3.7.6
7f02d0125000-7f02d0126000 r--p 00043000 08:07 527740                     /lib/x86_64-linux-gnu/libdbus-1.so.3.7.6
7f02d0126000-7f02d0127000 rw-p 00044000 08:07 527740                     /lib/x86_64-linux-gnu/libdbus-1.so.3.7.6
7f02d0127000-7f02d012f000 r-xp 00000000 08:07 527788                     /lib/x86_64-linux-gnu/libnih-dbus.so.1.0.0
7f02d012f000-7f02d032f000 ---p 00008000 08:07 527788                     /lib/x86_64-linux-gnu/libnih-dbus.so.1.0.0
7f02d032f000-7f02d0330000 r--p 00008000 08:07 527788                     /lib/x86_64-linux-gnu/libnih-dbus.so.1.0.0
7f02d0330000-7f02d0331000 rw-p 00009000 08:07 527788                     /lib/x86_64-linux-gnu/libnih-dbus.so.1.0.0
7f02d0331000-7f02d0348000 r-xp 00000000 08:07 527790                     /lib/x86_64-linux-gnu/libnih.so.1.0.0
7f02d0348000-7f02d0547000 ---p 00017000 08:07 527790                     /lib/x86_64-linux-gnu/libnih.so.1.0.0
7f02d0547000-7f02d0548000 r--p 00016000 08:07 527790                     /lib/x86_64-linux-gnu/libnih.so.1.0.0
7f02d0548000-7f02d0549000 rw-p 00017000 08:07 527790                     /lib/x86_64-linux-gnu/libnih.so.1.0.0
7f02d0549000-7f02d0562000 r-xp 00000000 08:07 527840                     /lib/x86_64-linux-gnu/libcgmanager.so.0.0.0
7f02d0562000-7f02d0761000 ---p 00019000 08:07 527840                     /lib/x86_64-linux-gnu/libcgmanager.so.0.0.0
7f02d0761000-7f02d0763000 r--p 00018000 08:07 527840                     /lib/x86_64-linux-gnu/libcgmanager.so.0.0.0
7f02d0763000-7f02d0764000 rw-p 0001a000 08:07 527840                     /lib/x86_64-linux-gnu/libcgmanager.so.0.0.0
7f02d0764000-7f02d0774000 r-xp 00000000 08:07 527777                     /lib/x86_64-linux-gnu/libudev.so.1.3.5
7f02d0774000-7f02d0973000 ---p 00010000 08:07 527777                     /lib/x86_64-linux-gnu/libudev.so.1.3.5
7f02d0973000-7f02d0974000 r--p 0000f000 08:07 527777                     /lib/x86_64-linux-gnu/libudev.so.1.3.5
7f02d0974000-7f02d0975000 rw-p 00010000 08:07 527777                     /lib/x86_64-linux-gnu/libudev.so.1.3.5
7f02d0975000-7f02d0977000 r-xp 00000000 08:07 2233449                    /usr/lib/x86_64-linux-gnu/libXinerama.so.1.0.0
7f02d0977000-7f02d0b76000 ---p 00002000 08:07 2233449                    /usr/lib/x86_64-linux-gnu/libXinerama.so.1.0.0
7f02d0b76000-7f02d0b77000 r--p 00001000 08:07 2233449                    /usr/lib/x86_64-linux-gnu/libXinerama.so.1.0.0
7f02d0b77000-7f02d0b78000 rw-p 00002000 08:07 2233449                    /usr/lib/x86_64-linux-gnu/libXinerama.so.1.0.0
7f02d0b78000-7f02d0baf000 r-xp 00000000 08:07 2234372                    /usr/lib/x86_64-linux-gnu/libtxc_dxtn_s2tc.so.0.0.0
7f02d0baf000-7f02d0dae000 ---p 00037000 08:07 2234372                    /usr/lib/x86_64-linux-gnu/libtxc_dxtn_s2tc.so.0.0.0
7f02d0dae000-7f02d0daf000 r--p 00036000 08:07 2234372                    /usr/lib/x86_64-linux-gnu/libtxc_dxtn_s2tc.so.0.0.0
7f02d0daf000-7f02d0db0000 rw-p 00037000 08:07 2234372                    /usr/lib/x86_64-linux-gnu/libtxc_dxtn_s2tc.so.0.0.0
7f02d0db0000-7f02d0dc8000 r-xp 00000000 08:07 527889                     /lib/x86_64-linux-gnu/libz.so.1.2.8
7f02d0dc8000-7f02d0fc7000 ---p 00018000 08:07 527889                     /lib/x86_64-linux-gnu/libz.so.1.2.8
7f02d0fc7000-7f02d0fc8000 r--p 00017000 08:07 527889                     /lib/x86_64-linux-gnu/libz.so.1.2.8
7f02d0fc8000-7f02d0fc9000 rw-p 00018000 08:07 527889                     /lib/x86_64-linux-gnu/libz.so.1.2.8
7f02d0fc9000-7f02d0fd1000 r-xp 00000000 08:07 2234177                    /usr/lib/x86_64-linux-gnu/libpciaccess.so.0.11.1
7f02d0fd1000-7f02d11d0000 ---p 00008000 08:07 2234177                    /usr/lib/x86_64-linux-gnu/libpciaccess.so.0.11.1
7f02d11d0000-7f02d11d1000 r--p 00007000 08:07 2234177                    /usr/lib/x86_64-linux-gnu/libpciaccess.so.0.11.1
7f02d11d1000-7f02d11d2000 rw-p 00008000 08:07 2234177                    /usr/lib/x86_64-linux-gnu/libpciaccess.so.0.11.1
7f02d11d2000-7f02d12b8000 r-xp 00000000 08:07 2237172                    /usr/lib/x86_64-linux-gnu/libstdc++.so.6.0.19
7f02d12b8000-7f02d14b7000 ---p 000e6000 08:07 2237172                    /usr/lib/x86_64-linux-gnu/libstdc++.so.6.0.19
7f02d14b7000-7f02d14bf000 r--p 000e5000 08:07 2237172                    /usr/lib/x86_64-linux-gnu/libstdc++.so.6.0.19
7f02d14bf000-7f02d14c1000 rw-p 000ed000 08:07 2237172                    /usr/lib/x86_64-linux-gnu/libstdc++.so.6.0.19
7f02d14c1000-7f02d14d6000 rw-p 00000000 00:00 0 
7f02d14d6000-7f02d14e1000 r-xp 00000000 08:07 2228223                    /usr/lib/x86_64-linux-gnu/libdrm_radeon.so.1.0.1
7f02d14e1000-7f02d16e0000 ---p 0000b000 08:07 2228223                    /usr/lib/x86_64-linux-gnu/libdrm_radeon.so.1.0.1
7f02d16e0000-7f02d16e1000 r--p 0000a000 08:07 2228223                    /usr/lib/x86_64-linux-gnu/libdrm_radeon.so.1.0.1
7f02d16e1000-7f02d16e2000 rw-p 0000b000 08:07 2228223                    /usr/lib/x86_64-linux-gnu/libdrm_radeon.so.1.0.1
7f02d16e2000-7f02d16e8000 r-xp 00000000 08:07 2228221                    /usr/lib/x86_64-linux-gnu/libdrm_nouveau.so.2.0.0
7f02d16e8000-7f02d18e7000 ---p 00006000 08:07 2228221                    /usr/lib/x86_64-linux-gnu/libdrm_nouveau.so.2.0.0
7f02d18e7000-7f02d18e8000 r--p 00005000 08:07 2228221                    /usr/lib/x86_64-linux-gnu/libdrm_nouveau.so.2.0.0
7f02d18e8000-7f02d18e9000 rw-p 00006000 08:07 2228221                    /usr/lib/x86_64-linux-gnu/libdrm_nouveau.so.2.0.0
7f02d18e9000-7f02d1908000 r-xp 00000000 08:07 2225001                    /usr/lib/x86_64-linux-gnu/libdrm_intel.so.1.0.0
7f02d1908000-7f02d1b07000 ---p 0001f000 08:07 2225001                    /usr/lib/x86_64-linux-gnu/libdrm_intel.so.1.0.0
7f02d1b07000-7f02d1b08000 r--p 0001e000 08:07 2225001                    /usr/lib/x86_64-linux-gnu/libdrm_intel.so.1.0.0
7f02d1b08000-7f02d1b09000 rw-p 0001f000 08:07 2225001                    /usr/lib/x86_64-linux-gnu/libdrm_intel.so.1.0.0
7f02d1b09000-7f02d205d000 r-xp 00000000 08:07 2486115                    /usr/lib/x86_64-linux-gnu/dri/i965_dri.so
7f02d205d000-7f02d225d000 ---p 00554000 08:07 2486115                    /usr/lib/x86_64-linux-gnu/dri/i965_dri.so
7f02d225d000-7f02d227e000 r--p 00554000 08:07 2486115                    /usr/lib/x86_64-linux-gnu/dri/i965_dri.so
7f02d227e000-7f02d2285000 rw-p 00575000 08:07 2486115                    /usr/lib/x86_64-linux-gnu/dri/i965_dri.so
7f02d2285000-7f02d228c000 rw-p 00000000 00:00 0 
7f02d228c000-7f02d2292000 r-xp 00000000 08:07 2486163                    /usr/lib/x86_64-linux-gnu/mesa-egl/libGLESv2.so.2.0.0
7f02d2292000-7f02d2491000 ---p 00006000 08:07 2486163                    /usr/lib/x86_64-linux-gnu/mesa-egl/libGLESv2.so.2.0.0
7f02d2491000-7f02d2492000 r--p 00005000 08:07 2486163                    /usr/lib/x86_64-linux-gnu/mesa-egl/libGLESv2.so.2.0.0
7f02d2492000-7f02d2493000 rw-p 00006000 08:07 2486163                    /usr/lib/x86_64-linux-gnu/mesa-egl/libGLESv2.so.2.0.0
7f02d2493000-7f02d24d8000 r-xp 00000000 08:07 1447848                    /tmp/jogamp_0000/file_cache/jln585714362440607460/jln3213095601793210784/libjogl_mobile.so
7f02d24d8000-7f02d26d8000 ---p 00045000 08:07 1447848                    /tmp/jogamp_0000/file_cache/jln585714362440607460/jln3213095601793210784/libjogl_mobile.so
7f02d26d8000-7f02d26d9000 rw-p 00045000 08:07 1447848                    /tmp/jogamp_0000/file_cache/jln585714362440607460/jln3213095601793210784/libjogl_mobile.so
7f02d26d9000-7f02d26e0000 r-xp 00000000 08:07 2224412                    /usr/lib/x86_64-linux-gnu/libffi.so.6.0.1
7f02d26e0000-7f02d28df000 ---p 00007000 08:07 2224412                    /usr/lib/x86_64-linux-gnu/libffi.so.6.0.1
7f02d28df000-7f02d28e0000 r--p 00006000 08:07 2224412                    /usr/lib/x86_64-linux-gnu/libffi.so.6.0.1
7f02d28e0000-7f02d28e1000 rw-p 00007000 08:07 2224412                    /usr/lib/x86_64-linux-gnu/libffi.so.6.0.1
7f02d28e1000-7f02d28ed000 r-xp 00000000 08:07 2224797                    /usr/lib/x86_64-linux-gnu/libgbm.so.1.0.0
7f02d28ed000-7f02d2aed000 ---p 0000c000 08:07 2224797                    /usr/lib/x86_64-linux-gnu/libgbm.so.1.0.0
7f02d2aed000-7f02d2aee000 r--p 0000c000 08:07 2224797                    /usr/lib/x86_64-linux-gnu/libgbm.so.1.0.0
7f02d2aee000-7f02d2aef000 rw-p 0000d000 08:07 2224797                    /usr/lib/x86_64-linux-gnu/libgbm.so.1.0.0
7f02d2aef000-7f02d2afe000 r-xp 00000000 08:07 2234438                    /usr/lib/x86_64-linux-gnu/libwayland-server.so.0.1.0
7f02d2afe000-7f02d2cfd000 ---p 0000f000 08:07 2234438                    /usr/lib/x86_64-linux-gnu/libwayland-server.so.0.1.0
7f02d2cfd000-7f02d2cff000 r--p 0000e000 08:07 2234438                    /usr/lib/x86_64-linux-gnu/libwayland-server.so.0.1.0
7f02d2cff000-7f02d2d00000 rw-p 00010000 08:07 2234438                    /usr/lib/x86_64-linux-gnu/libwayland-server.so.0.1.0
7f02d2d00000-7f02d2d0b000 r-xp 00000000 08:07 2234432                    /usr/lib/x86_64-linux-gnu/libwayland-client.so.0.2.0
7f02d2d0b000-7f02d2f0a000 ---p 0000b000 08:07 2234432                    /usr/lib/x86_64-linux-gnu/libwayland-client.so.0.2.0
7f02d2f0a000-7f02d2f0c000 r--p 0000a000 08:07 2234432                    /usr/lib/x86_64-linux-gnu/libwayland-client.so.0.2.0
7f02d2f0c000-7f02d2f0d000 rw-p 0000c000 08:07 2234432                    /usr/lib/x86_64-linux-gnu/libwayland-client.so.0.2.0
7f02d2f0d000-7f02d2f12000 r-xp 00000000 08:07 2234488                    /usr/lib/x86_64-linux-gnu/libxcb-xfixes.so.0.0.0
7f02d2f12000-7f02d3112000 ---p 00005000 08:07 2234488                    /usr/lib/x86_64-linux-gnu/libxcb-xfixes.so.0.0.0
7f02d3112000-7f02d3113000 r--p 00005000 08:07 2234488                    /usr/lib/x86_64-linux-gnu/libxcb-xfixes.so.0.0.0
7f02d3113000-7f02d3114000 rw-p 00006000 08:07 2234488                    /usr/lib/x86_64-linux-gnu/libxcb-xfixes.so.0.0.0
7f02d3114000-7f02d313c000 r-xp 00000000 08:07 2486109                    /usr/lib/x86_64-linux-gnu/mesa-egl/libEGL.so.1.0.0
7f02d313c000-7f02d333c000 ---p 00028000 08:07 2486109                    /usr/lib/x86_64-linux-gnu/mesa-egl/libEGL.so.1.0.0
7f02d333c000-7f02d333d000 r--p 00028000 08:07 2486109                    /usr/lib/x86_64-linux-gnu/mesa-egl/libEGL.so.1.0.0
7f02d333d000-7f02d333e000 rw-p 00029000 08:07 2486109                    /usr/lib/x86_64-linux-gnu/mesa-egl/libEGL.so.1.0.0
7f02d333e000-7f02d333f000 rw-p 00000000 00:00 0 
7f02d333f000-7f02d33e4000 r-xp 00000000 08:07 1447847                    /tmp/jogamp_0000/file_cache/jln585714362440607460/jln3213095601793210784/libjogl_desktop.so
7f02d33e4000-7f02d35e4000 ---p 000a5000 08:07 1447847                    /tmp/jogamp_0000/file_cache/jln585714362440607460/jln3213095601793210784/libjogl_desktop.so
7f02d35e4000-7f02d35e5000 rw-p 000a5000 08:07 1447847                    /tmp/jogamp_0000/file_cache/jln585714362440607460/jln3213095601793210784/libjogl_desktop.so
7f02d35e5000-7f02d35f1000 r-xp 00000000 08:07 2228149                    /usr/lib/x86_64-linux-gnu/libdrm.so.2.4.0
7f02d35f1000-7f02d37f0000 ---p 0000c000 08:07 2228149                    /usr/lib/x86_64-linux-gnu/libdrm.so.2.4.0
7f02d37f0000-7f02d37f1000 r--p 0000b000 08:07 2228149                    /usr/lib/x86_64-linux-gnu/libdrm.so.2.4.0
7f02d37f1000-7f02d37f2000 rw-p 0000c000 08:07 2228149                    /usr/lib/x86_64-linux-gnu/libdrm.so.2.4.0
7f02d37f2000-7f02d37f3000 r-xp 00000000 08:07 2234502                    /usr/lib/x86_64-linux-gnu/libxshmfence.so.1.0.0
7f02d37f3000-7f02d39f2000 ---p 00001000 08:07 2234502                    /usr/lib/x86_64-linux-gnu/libxshmfence.so.1.0.0
7f02d39f2000-7f02d39f3000 r--p 00000000 08:07 2234502                    /usr/lib/x86_64-linux-gnu/libxshmfence.so.1.0.0
7f02d39f3000-7f02d39f4000 rw-p 00001000 08:07 2234502                    /usr/lib/x86_64-linux-gnu/libxshmfence.so.1.0.0
7f02d39f4000-7f02d39f9000 r-xp 00000000 08:07 2234484                    /usr/lib/x86_64-linux-gnu/libxcb-sync.so.1.0.0
7f02d39f9000-7f02d3bf8000 ---p 00005000 08:07 2234484                    /usr/lib/x86_64-linux-gnu/libxcb-sync.so.1.0.0
7f02d3bf8000-7f02d3bf9000 r--p 00004000 08:07 2234484                    /usr/lib/x86_64-linux-gnu/libxcb-sync.so.1.0.0
7f02d3bf9000-7f02d3bfa000 rw-p 00005000 08:07 2234484                    /usr/lib/x86_64-linux-gnu/libxcb-sync.so.1.0.0
7f02d3bfa000-7f02d3bfc000 r-xp 00000000 08:07 2234472                    /usr/lib/x86_64-linux-gnu/libxcb-present.so.0.0.0
7f02d3bfc000-7f02d3dfb000 ---p 00002000 08:07 2234472                    /usr/lib/x86_64-linux-gnu/libxcb-present.so.0.0.0
7f02d3dfb000-7f02d3dfc000 r--p 00001000 08:07 2234472                    /usr/lib/x86_64-linux-gnu/libxcb-present.so.0.0.0
7f02d3dfc000-7f02d3dfd000 rw-p 00002000 08:07 2234472                    /usr/lib/x86_64-linux-gnu/libxcb-present.so.0.0.0
7f02d3dfd000-7f02d3dff000 r-xp 00000000 08:07 2234462                    /usr/lib/x86_64-linux-gnu/libxcb-dri3.so.0.0.0
7f02d3dff000-7f02d3ffe000 ---p 00002000 08:07 2234462                    /usr/lib/x86_64-linux-gnu/libxcb-dri3.so.0.0.0
7f02d3ffe000-7f02d3fff000 r--p 00001000 08:07 2234462                    /usr/lib/x86_64-linux-gnu/libxcb-dri3.so.0.0.0
7f02d3fff000-7f02d4000000 rw-p 00002000 08:07 2234462                    /usr/lib/x86_64-linux-gnu/libxcb-dri3.so.0.0.0
7f02d4000000-7f02d4021000 rw-p 00000000 00:00 0 
7f02d4021000-7f02d8000000 ---p 00000000 00:00 0 
7f02d8000000-7f02dae04000 rw-p 00000000 00:00 0 
7f02dae04000-7f02dc000000 ---p 00000000 00:00 0 
7f02dc000000-7f02de1f3000 rw-p 00000000 00:00 0 
7f02de1f3000-7f02e0000000 ---p 00000000 00:00 0 
7f02e0000000-7f02e1574000 rw-p 00000000 00:00 0 
7f02e1574000-7f02e4000000 ---p 00000000 00:00 0 
7f02e4000000-7f02e4021000 rw-p 00000000 00:00 0 
7f02e4021000-7f02e8000000 ---p 00000000 00:00 0 
7f02e8000000-7f02e8025000 rw-p 00000000 00:00 0 
7f02e8025000-7f02ec000000 ---p 00000000 00:00 0 
7f02ec000000-7f02ec026000 rw-p 00000000 00:00 0 
7f02ec026000-7f02f0000000 ---p 00000000 00:00 0 
7f02f0000000-7f02f0021000 rw-p 00000000 00:00 0 
7f02f0021000-7f02f4000000 ---p 00000000 00:00 0 
7f02f4000000-7f02f4021000 rw-p 00000000 00:00 0 
7f02f4021000-7f02f8000000 ---p 00000000 00:00 0 
7f02f8000000-7f02f8021000 rw-p 00000000 00:00 0 
7f02f8021000-7f02fc000000 ---p 00000000 00:00 0 
7f02fc000000-7f02fc361000 rw-p 00000000 00:00 0 
7f02fc361000-7f0300000000 ---p 00000000 00:00 0 
7f0300000000-7f0300021000 rw-p 00000000 00:00 0 
7f0300021000-7f0304000000 ---p 00000000 00:00 0 
7f0304000000-7f030482e000 rw-p 00000000 00:00 0 
7f030482e000-7f0308000000 ---p 00000000 00:00 0 
7f0308000000-7f03088d7000 rw-p 00000000 00:00 0 
7f03088d7000-7f030c000000 ---p 00000000 00:00 0 
7f030c000000-7f030c021000 rw-p 00000000 00:00 0 
7f030c021000-7f0310000000 ---p 00000000 00:00 0 
7f0310000000-7f0310021000 rw-p 00000000 00:00 0 
7f0310021000-7f0314000000 ---p 00000000 00:00 0 
7f0314000000-7f0314021000 rw-p 00000000 00:00 0 
7f0314021000-7f0318000000 ---p 00000000 00:00 0 
7f0318000000-7f0318021000 rw-p 00000000 00:00 0 
7f0318021000-7f031c000000 ---p 00000000 00:00 0 
7f031c000000-7f031c021000 rw-p 00000000 00:00 0 
7f031c021000-7f0320000000 ---p 00000000 00:00 0 
7f0320000000-7f0320021000 rw-p 00000000 00:00 0 
7f0320021000-7f0324000000 ---p 00000000 00:00 0 
7f0324000000-7f0324021000 rw-p 00000000 00:00 0 
7f0324021000-7f0328000000 ---p 00000000 00:00 0 
7f032800b000-7f0328013000 rw-s 00000000 00:05 82129                      /drm mm object (deleted)
7f0328013000-7f032801b000 rw-s 00000000 00:05 82128                      /drm mm object (deleted)
7f032801b000-7f0328023000 rw-s 00000000 00:05 82127                      /drm mm object (deleted)
7f0328023000-7f032802b000 rw-s 00000000 00:05 80526                      /drm mm object (deleted)
7f032802b000-7f032805b000 rw-s 1f6c23000 00:06 10983                     /dev/dri/card0
7f032805b000-7f0328063000 rw-s 00000000 00:05 79861                      /drm mm object (deleted)
7f0328063000-7f032806b000 rw-s 00000000 00:05 79857                      /drm mm object (deleted)
7f032806b000-7f032810b000 rw-s 14f410000 00:06 10983                     /dev/dri/card0
7f032810b000-7f0328113000 rw-s 00000000 00:05 81416                      /drm mm object (deleted)
7f0328113000-7f0328116000 r-xp 00000000 08:07 2234460                    /usr/lib/x86_64-linux-gnu/libxcb-dri2.so.0.0.0
7f0328116000-7f0328316000 ---p 00003000 08:07 2234460                    /usr/lib/x86_64-linux-gnu/libxcb-dri2.so.0.0.0
7f0328316000-7f0328317000 r--p 00003000 08:07 2234460                    /usr/lib/x86_64-linux-gnu/libxcb-dri2.so.0.0.0
7f0328317000-7f0328318000 rw-p 00004000 08:07 2234460                    /usr/lib/x86_64-linux-gnu/libxcb-dri2.so.0.0.0
7f0328318000-7f032832d000 r-xp 00000000 08:07 2234464                    /usr/lib/x86_64-linux-gnu/libxcb-glx.so.0.0.0
7f032832d000-7f032852c000 ---p 00015000 08:07 2234464                    /usr/lib/x86_64-linux-gnu/libxcb-glx.so.0.0.0
7f032852c000-7f032852e000 r--p 00014000 08:07 2234464                    /usr/lib/x86_64-linux-gnu/libxcb-glx.so.0.0.0
7f032852e000-7f032852f000 rw-p 00016000 08:07 2234464                    /usr/lib/x86_64-linux-gnu/libxcb-glx.so.0.0.0
7f032852f000-7f0328530000 r-xp 00000000 08:07 2233420                    /usr/lib/x86_64-linux-gnu/libX11-xcb.so.1.0.0
7f0328530000-7f032872f000 ---p 00001000 08:07 2233420                    /usr/lib/x86_64-linux-gnu/libX11-xcb.so.1.0.0
7f032872f000-7f0328730000 r--p 00000000 08:07 2233420                    /usr/lib/x86_64-linux-gnu/libX11-xcb.so.1.0.0
7f0328730000-7f0328731000 rw-p 00001000 08:07 2233420                    /usr/lib/x86_64-linux-gnu/libX11-xcb.so.1.0.0
7f0328731000-7f0328733000 r-xp 00000000 08:07 2233435                    /usr/lib/x86_64-linux-gnu/libXdamage.so.1.1.0
7f0328733000-7f0328932000 ---p 00002000 08:07 2233435                    /usr/lib/x86_64-linux-gnu/libXdamage.so.1.1.0
7f0328932000-7f0328933000 r--p 00001000 08:07 2233435                    /usr/lib/x86_64-linux-gnu/libXdamage.so.1.1.0
7f0328933000-7f0328934000 rw-p 00002000 08:07 2233435                    /usr/lib/x86_64-linux-gnu/libXdamage.so.1.1.0
7f0328934000-7f0328959000 r-xp 00000000 08:07 2227609                    /usr/lib/x86_64-linux-gnu/libglapi.so.0.0.0
7f0328959000-7f0328b59000 ---p 00025000 08:07 2227609                    /usr/lib/x86_64-linux-gnu/libglapi.so.0.0.0
7f0328b59000-7f0328b5c000 r--p 00025000 08:07 2227609                    /usr/lib/x86_64-linux-gnu/libglapi.so.0.0.0
7f0328b5c000-7f0328b5d000 rw-p 00028000 08:07 2227609                    /usr/lib/x86_64-linux-gnu/libglapi.so.0.0.0
7f0328b5d000-7f0328b5e000 rw-p 00000000 00:00 0 
7f0328b5e000-7f0328b85000 r-xp 00000000 08:07 530292                     /lib/x86_64-linux-gnu/libexpat.so.1.6.0
7f0328b85000-7f0328d85000 ---p 00027000 08:07 530292                     /lib/x86_64-linux-gnu/libexpat.so.1.6.0
7f0328d85000-7f0328d87000 r--p 00027000 08:07 530292                     /lib/x86_64-linux-gnu/libexpat.so.1.6.0
7f0328d87000-7f0328d88000 rw-p 00029000 08:07 530292                     /lib/x86_64-linux-gnu/libexpat.so.1.6.0
7f0328d88000-7f0328e16000 r-xp 00000000 08:07 2486166                    /usr/lib/x86_64-linux-gnu/mesa/libGL.so.1.2.0
7f0328e16000-7f0329015000 ---p 0008e000 08:07 2486166                    /usr/lib/x86_64-linux-gnu/mesa/libGL.so.1.2.0
7f0329015000-7f0329018000 r--p 0008d000 08:07 2486166                    /usr/lib/x86_64-linux-gnu/mesa/libGL.so.1.2.0
7f0329018000-7f0329019000 rw-p 00090000 08:07 2486166                    /usr/lib/x86_64-linux-gnu/mesa/libGL.so.1.2.0
7f0329019000-7f032921a000 rw-p 00000000 00:00 0 
7f032921a000-7f032941a000 rw-p 00000000 00:00 0 
7f032941a000-7f0329421000 r-xp 00000000 08:07 1447850                    /tmp/jogamp_0000/file_cache/jln585714362440607460/jln3213095601793210784/libnativewindow_x11.so
7f0329421000-7f0329620000 ---p 00007000 08:07 1447850                    /tmp/jogamp_0000/file_cache/jln585714362440607460/jln3213095601793210784/libnativewindow_x11.so
7f0329620000-7f0329621000 rw-p 00006000 08:07 1447850                    /tmp/jogamp_0000/file_cache/jln585714362440607460/jln3213095601793210784/libnativewindow_x11.so
7f0329621000-7f0329625000 r-xp 00000000 08:07 2233477                    /usr/lib/x86_64-linux-gnu/libXxf86vm.so.1.0.0
7f0329625000-7f0329825000 ---p 00004000 08:07 2233477                    /usr/lib/x86_64-linux-gnu/libXxf86vm.so.1.0.0
7f0329825000-7f0329826000 r--p 00004000 08:07 2233477                    /usr/lib/x86_64-linux-gnu/libXxf86vm.so.1.0.0
7f0329826000-7f0329827000 rw-p 00005000 08:07 2233477                    /usr/lib/x86_64-linux-gnu/libXxf86vm.so.1.0.0
7f0329827000-7f0329829000 r-xp 00000000 08:07 1447849                    /tmp/jogamp_0000/file_cache/jln585714362440607460/jln3213095601793210784/libnativewindow_awt.so
7f0329829000-7f0329a28000 ---p 00002000 08:07 1447849                    /tmp/jogamp_0000/file_cache/jln585714362440607460/jln3213095601793210784/libnativewindow_awt.so
7f0329a28000-7f0329a29000 rw-p 00001000 08:07 1447849                    /tmp/jogamp_0000/file_cache/jln585714362440607460/jln3213095601793210784/libnativewindow_awt.so
7f0329a29000-7f0329a2a000 r-xp 00000000 08:07 2243104                    /usr/lib/jvm/java-8-oracle/jre/lib/amd64/libjawt.so
7f0329a2a000-7f0329c29000 ---p 00001000 08:07 2243104                    /usr/lib/jvm/java-8-oracle/jre/lib/amd64/libjawt.so
7f0329c29000-7f0329c2a000 rw-p 00000000 08:07 2243104                    /usr/lib/jvm/java-8-oracle/jre/lib/amd64/libjawt.so
7f0329c2a000-7f0329c2c000 r-xp 00000000 08:07 1447846                    /tmp/jogamp_0000/file_cache/jln585714362440607460/jln3213095601793210784/libgluegen-rt.so
7f0329c2c000-7f0329e2b000 ---p 00002000 08:07 1447846                    /tmp/jogamp_0000/file_cache/jln585714362440607460/jln3213095601793210784/libgluegen-rt.so
7f0329e2b000-7f0329e2c000 rw-p 00001000 08:07 1447846                    /tmp/jogamp_0000/file_cache/jln585714362440607460/jln3213095601793210784/libgluegen-rt.so
7f0329e2c000-7f0329e2f000 ---p 00000000 00:00 0 
7f0329e2f000-7f0329f2d000 rw-p 00000000 00:00 0 
7f0329f2d000-7f0329f30000 ---p 00000000 00:00 0 
7f0329f30000-7f032a166000 rw-p 00000000 00:00 0 
7f032a166000-7f032a169000 ---p 00000000 00:00 0 
7f032a169000-7f032a467000 rw-p 00000000 00:00 0 
7f032a467000-7f032a46a000 ---p 00000000 00:00 0 
7f032a46a000-7f032a568000 rw-p 00000000 00:00 0 
7f032a568000-7f032a5d1000 r-xp 00000000 08:07 2243082                    /usr/lib/jvm/java-8-oracle/jre/lib/amd64/libt2k.so
7f032a5d1000-7f032a7d1000 ---p 00069000 08:07 2243082                    /usr/lib/jvm/java-8-oracle/jre/lib/amd64/libt2k.so
7f032a7d1000-7f032a7d8000 rw-p 00069000 08:07 2243082                    /usr/lib/jvm/java-8-oracle/jre/lib/amd64/libt2k.so
7f032a7d8000-7f032a7e8000 rw-p 00000000 00:00 0 
7f032a7e8000-7f032a7f9000 r-xp 00000000 08:07 2243048                    /usr/lib/jvm/java-8-oracle/jre/lib/amd64/libnio.so
7f032a7f9000-7f032a9f8000 ---p 00011000 08:07 2243048                    /usr/lib/jvm/java-8-oracle/jre/lib/amd64/libnio.so
7f032a9f8000-7f032a9f9000 rw-p 00010000 08:07 2243048                    /usr/lib/jvm/java-8-oracle/jre/lib/amd64/libnio.so
7f032a9f9000-7f032aa0f000 r-xp 00000000 08:07 2243094                    /usr/lib/jvm/java-8-oracle/jre/lib/amd64/libnet.so
7f032aa0f000-7f032ac0f000 ---p 00016000 08:07 2243094                    /usr/lib/jvm/java-8-oracle/jre/lib/amd64/libnet.so
7f032ac0f000-7f032ac10000 rw-p 00016000 08:07 2243094                    /usr/lib/jvm/java-8-oracle/jre/lib/amd64/libnet.so
7f032ac10000-7f032ac13000 ---p 00000000 00:00 0 
7f032ac13000-7f032ad11000 rw-p 00000000 00:00 0 
7f032ad11000-7f032ad14000 ---p 00000000 00:00 0 
7f032ad14000-7f032ae12000 rw-p 00000000 00:00 0 
7f032ae12000-7f032ae15000 ---p 00000000 00:00 0 
7f032ae15000-7f032af13000 rw-p 00000000 00:00 0 
7f032af13000-7f032af16000 ---p 00000000 00:00 0 
7f032af16000-7f032b014000 rw-p 00000000 00:00 0 
7f032b014000-7f032b019000 r-xp 00000000 08:07 2233441                    /usr/lib/x86_64-linux-gnu/libXfixes.so.3.1.0
7f032b019000-7f032b218000 ---p 00005000 08:07 2233441                    /usr/lib/x86_64-linux-gnu/libXfixes.so.3.1.0
7f032b218000-7f032b219000 r--p 00004000 08:07 2233441                    /usr/lib/x86_64-linux-gnu/libXfixes.so.3.1.0
7f032b219000-7f032b21a000 rw-p 00005000 08:07 2233441                    /usr/lib/x86_64-linux-gnu/libXfixes.so.3.1.0
7f032b21a000-7f032b223000 r-xp 00000000 08:07 2233433                    /usr/lib/x86_64-linux-gnu/libXcursor.so.1.0.2
7f032b223000-7f032b422000 ---p 00009000 08:07 2233433                    /usr/lib/x86_64-linux-gnu/libXcursor.so.1.0.2
7f032b422000-7f032b423000 r--p 00008000 08:07 2233433                    /usr/lib/x86_64-linux-gnu/libXcursor.so.1.0.2
7f032b423000-7f032b424000 rw-p 00009000 08:07 2233433                    /usr/lib/x86_64-linux-gnu/libXcursor.so.1.0.2
7f032b424000-7f032b427000 ---p 00000000 00:00 0 
7f032b427000-7f032b525000 rw-p 00000000 00:00 0 
7f032b525000-7f032b53b000 r-xp 00000000 08:07 527734                     /lib/x86_64-linux-gnu/libgcc_s.so.1
7f032b53b000-7f032b73a000 ---p 00016000 08:07 527734                     /lib/x86_64-linux-gnu/libgcc_s.so.1
7f032b73a000-7f032b73b000 rw-p 00015000 08:07 527734                     /lib/x86_64-linux-gnu/libgcc_s.so.1
7f032b73b000-7f032b7a0000 r-xp 00000000 08:07 2243107                    /usr/lib/jvm/java-8-oracle/jre/lib/amd64/libfontmanager.so
7f032b7a0000-7f032b99f000 ---p 00065000 08:07 2243107                    /usr/lib/jvm/java-8-oracle/jre/lib/amd64/libfontmanager.so
7f032b99f000-7f032b9a4000 rw-p 00064000 08:07 2243107                    /usr/lib/jvm/java-8-oracle/jre/lib/amd64/libfontmanager.so
7f032b9a4000-7f032b9b4000 rw-p 00000000 00:00 0 
7f032b9b4000-7f032b9d7000 r--s 002ec000 08:07 1447504                    /home/nahush/workspace/UCSDUnfoldingMaps/lib/jogl-all.jar
7f032b9d7000-7f032b9dc000 r-xp 00000000 08:07 2233437                    /usr/lib/x86_64-linux-gnu/libXdmcp.so.6.0.0
7f032b9dc000-7f032bbdb000 ---p 00005000 08:07 2233437                    /usr/lib/x86_64-linux-gnu/libXdmcp.so.6.0.0
7f032bbdb000-7f032bbdc000 r--p 00004000 08:07 2233437                    /usr/lib/x86_64-linux-gnu/libXdmcp.so.6.0.0
7f032bbdc000-7f032bbdd000 rw-p 00005000 08:07 2233437                    /usr/lib/x86_64-linux-gnu/libXdmcp.so.6.0.0
7f032bbdd000-7f032bbdf000 r-xp 00000000 08:07 2233426                    /usr/lib/x86_64-linux-gnu/libXau.so.6.0.0
7f032bbdf000-7f032bddf000 ---p 00002000 08:07 2233426                    /usr/lib/x86_64-linux-gnu/libXau.so.6.0.0
7f032bddf000-7f032bde0000 r--p 00002000 08:07 2233426                    /usr/lib/x86_64-linux-gnu/libXau.so.6.0.0
7f032bde0000-7f032bde1000 rw-p 00003000 08:07 2233426                    /usr/lib/x86_64-linux-gnu/libXau.so.6.0.0
7f032bde1000-7f032bdfe000 r-xp 00000000 08:07 2234492                    /usr/lib/x86_64-linux-gnu/libxcb.so.1.1.0
7f032bdfe000-7f032bffe000 ---p 0001d000 08:07 2234492                    /usr/lib/x86_64-linux-gnu/libxcb.so.1.1.0
7f032bffe000-7f032bfff000 r--p 0001d000 08:07 2234492                    /usr/lib/x86_64-linux-gnu/libxcb.so.1.1.0
7f032bfff000-7f032c000000 rw-p 0001e000 08:07 2234492                    /usr/lib/x86_64-linux-gnu/libxcb.so.1.1.0
7f032c000000-7f032c021000 rw-p 00000000 00:00 0 
7f032c021000-7f0330000000 ---p 00000000 00:00 0 
7f0330007000-7f0330016000 r-xp 00000000 08:07 2233447                    /usr/lib/x86_64-linux-gnu/libXi.so.6.1.0
7f0330016000-7f0330215000 ---p 0000f000 08:07 2233447                    /usr/lib/x86_64-linux-gnu/libXi.so.6.1.0
7f0330215000-7f0330216000 r--p 0000e000 08:07 2233447                    /usr/lib/x86_64-linux-gnu/libXi.so.6.1.0
7f0330216000-7f0330217000 rw-p 0000f000 08:07 2233447                    /usr/lib/x86_64-linux-gnu/libXi.so.6.1.0
7f0330217000-7f033021c000 r-xp 00000000 08:07 2233467                    /usr/lib/x86_64-linux-gnu/libXtst.so.6.1.0
7f033021c000-7f033041b000 ---p 00005000 08:07 2233467                    /usr/lib/x86_64-linux-gnu/libXtst.so.6.1.0
7f033041b000-7f033041c000 r--p 00004000 08:07 2233467                    /usr/lib/x86_64-linux-gnu/libXtst.so.6.1.0
7f033041c000-7f033041d000 rw-p 00005000 08:07 2233467                    /usr/lib/x86_64-linux-gnu/libXtst.so.6.1.0
7f033041d000-7f0330426000 r-xp 00000000 08:07 2233461                    /usr/lib/x86_64-linux-gnu/libXrender.so.1.3.0
7f0330426000-7f0330625000 ---p 00009000 08:07 2233461                    /usr/lib/x86_64-linux-gnu/libXrender.so.1.3.0
7f0330625000-7f0330626000 r--p 00008000 08:07 2233461                    /usr/lib/x86_64-linux-gnu/libXrender.so.1.3.0
7f0330626000-7f0330627000 rw-p 00009000 08:07 2233461                    /usr/lib/x86_64-linux-gnu/libXrender.so.1.3.0
7f0330627000-7f0330757000 r-xp 00000000 08:07 2233422                    /usr/lib/x86_64-linux-gnu/libX11.so.6.3.0
7f0330757000-7f0330957000 ---p 00130000 08:07 2233422                    /usr/lib/x86_64-linux-gnu/libX11.so.6.3.0
7f0330957000-7f0330958000 r--p 00130000 08:07 2233422                    /usr/lib/x86_64-linux-gnu/libX11.so.6.3.0
7f0330958000-7f033095c000 rw-p 00131000 08:07 2233422                    /usr/lib/x86_64-linux-gnu/libX11.so.6.3.0
7f033095c000-7f033096d000 r-xp 00000000 08:07 2233439                    /usr/lib/x86_64-linux-gnu/libXext.so.6.4.0
7f033096d000-7f0330b6c000 ---p 00011000 08:07 2233439                    /usr/lib/x86_64-linux-gnu/libXext.so.6.4.0
7f0330b6c000-7f0330b6d000 r--p 00010000 08:07 2233439                    /usr/lib/x86_64-linux-gnu/libXext.so.6.4.0
7f0330b6d000-7f0330b6e000 rw-p 00011000 08:07 2233439                    /usr/lib/x86_64-linux-gnu/libXext.so.6.4.0
7f0330b6e000-7f0330b76000 rw-s 00000000 00:05 81382                      /drm mm object (deleted)
7f0330b76000-7f0330b7e000 rw-s 00000000 00:05 79829                      /drm mm object (deleted)
7f0330b7e000-7f0330b86000 rw-s 00000000 00:05 79815                      /drm mm object (deleted)
7f0330b86000-7f0330b8e000 rw-s 00000000 00:05 81356                      /drm mm object (deleted)
7f0330b8e000-7f0330be2000 r-xp 00000000 08:07 2243079                    /usr/lib/jvm/java-8-oracle/jre/lib/amd64/libawt_xawt.so
7f0330be2000-7f0330de2000 ---p 00054000 08:07 2243079                    /usr/lib/jvm/java-8-oracle/jre/lib/amd64/libawt_xawt.so
7f0330de2000-7f0330de6000 rw-p 00054000 08:07 2243079                    /usr/lib/jvm/java-8-oracle/jre/lib/amd64/libawt_xawt.so
7f0330de6000-7f0330de7000 rw-p 00000000 00:00 0 
7f0330de7000-7f0330e89000 r-xp 00000000 08:07 2243060                    /usr/lib/jvm/java-8-oracle/jre/lib/amd64/libawt.so
7f0330e89000-7f0331089000 ---p 000a2000 08:07 2243060                    /usr/lib/jvm/java-8-oracle/jre/lib/amd64/libawt.so
7f0331089000-7f0331095000 rw-p 000a2000 08:07 2243060                    /usr/lib/jvm/java-8-oracle/jre/lib/amd64/libawt.so
7f0331095000-7f03310b9000 rw-p 00000000 00:00 0 
7f03310b9000-7f03310ba000 ---p 00000000 00:00 0 
7f03310ba000-7f03311ba000 rw-p 00000000 00:00 0 
7f03311ba000-7f03311bd000 ---p 00000000 00:00 0 
7f03311bd000-7f03312bb000 rw-p 00000000 00:00 0 
7f03312bb000-7f03312be000 ---p 00000000 00:00 0 
7f03312be000-7f03313bc000 rw-p 00000000 00:00 0 
7f03313bc000-7f03313bf000 ---p 00000000 00:00 0 
7f03313bf000-7f03314bd000 rw-p 00000000 00:00 0 
7f03314bd000-7f03314c0000 ---p 00000000 00:00 0 
7f03314c0000-7f03315be000 rw-p 00000000 00:00 0 
7f03315be000-7f03315c1000 ---p 00000000 00:00 0 
7f03315c1000-7f03316bf000 rw-p 00000000 00:00 0 
7f03316bf000-7f0331da1000 r--p 00000000 08:07 2232027                    /usr/lib/locale/locale-archive
7f0331da1000-7f0331da4000 ---p 00000000 00:00 0 
7f0331da4000-7f0331ea2000 rw-p 00000000 00:00 0 
7f0331ea2000-7f0331ea5000 ---p 00000000 00:00 0 
7f0331ea5000-7f0331fa3000 rw-p 00000000 00:00 0 
7f0331fa3000-7f0331fa4000 ---p 00000000 00:00 0 
7f0331fa4000-7f0333037000 rw-p 00000000 00:00 0 
7f0333037000-7f0333210000 r--s 03d29000 08:07 2243046                    /usr/lib/jvm/java-8-oracle/jre/lib/rt.jar
7f0333210000-7f0337b9b000 rw-p 00000000 00:00 0 
7f0337b9b000-7f0337b9c000 ---p 00000000 00:00 0 
7f0337b9c000-7f0337c9c000 rw-p 00000000 00:00 0 
7f0337c9c000-7f0337c9d000 ---p 00000000 00:00 0 
7f0337c9d000-7f0337d9d000 rw-p 00000000 00:00 0 
7f0337d9d000-7f0337d9e000 ---p 00000000 00:00 0 
7f0337d9e000-7f0337e9e000 rw-p 00000000 00:00 0 
7f0337e9e000-7f0337e9f000 ---p 00000000 00:00 0 
7f0337e9f000-7f0337fc9000 rw-p 00000000 00:00 0 
7f0337fc9000-7f0338231000 ---p 00000000 00:00 0 
7f0338231000-7f033825b000 rw-p 00000000 00:00 0 
7f033825b000-7f03384c3000 ---p 00000000 00:00 0 
7f03384c3000-7f03384e7000 rw-p 00000000 00:00 0 
7f03384e7000-7f033860c000 ---p 00000000 00:00 0 
7f033860c000-7f033862a000 rw-p 00000000 00:00 0 
7f033862a000-7f03389cd000 ---p 00000000 00:00 0 
7f03389cd000-7f03390fd000 rwxp 00000000 00:00 0 
7f03390fd000-7f03479cd000 ---p 00000000 00:00 0 
7f03479cd000-7f03479e7000 r-xp 00000000 08:07 2243078                    /usr/lib/jvm/java-8-oracle/jre/lib/amd64/libzip.so
7f03479e7000-7f0347be7000 ---p 0001a000 08:07 2243078                    /usr/lib/jvm/java-8-oracle/jre/lib/amd64/libzip.so
7f0347be7000-7f0347be8000 rw-p 0001a000 08:07 2243078                    /usr/lib/jvm/java-8-oracle/jre/lib/amd64/libzip.so
7f0347be8000-7f0347bf3000 r-xp 00000000 08:07 536446                     /lib/x86_64-linux-gnu/libnss_files-2.19.so
7f0347bf3000-7f0347df2000 ---p 0000b000 08:07 536446                     /lib/x86_64-linux-gnu/libnss_files-2.19.so
7f0347df2000-7f0347df3000 r--p 0000a000 08:07 536446                     /lib/x86_64-linux-gnu/libnss_files-2.19.so
7f0347df3000-7f0347df4000 rw-p 0000b000 08:07 536446                     /lib/x86_64-linux-gnu/libnss_files-2.19.so
7f0347df4000-7f0347dff000 r-xp 00000000 08:07 536438                     /lib/x86_64-linux-gnu/libnss_nis-2.19.so
7f0347dff000-7f0347ffe000 ---p 0000b000 08:07 536438                     /lib/x86_64-linux-gnu/libnss_nis-2.19.so
7f0347ffe000-7f0347fff000 r--p 0000a000 08:07 536438                     /lib/x86_64-linux-gnu/libnss_nis-2.19.so
7f0347fff000-7f0348000000 rw-p 0000b000 08:07 536438                     /lib/x86_64-linux-gnu/libnss_nis-2.19.so
7f0348000000-7f034851b000 rw-p 00000000 00:00 0 
7f034851b000-7f034c000000 ---p 00000000 00:00 0 
7f034c000000-7f034c001000 rw-p 00000000 00:00 0 
7f034c001000-7f034c003000 rw-s 1f6c83000 00:06 10983                     /dev/dri/card0
7f034c003000-7f034c004000 rw-s 1f6c22000 00:06 10983                     /dev/dri/card0
7f034c004000-7f034c005000 rw-s 1f6ae1000 00:06 10983                     /dev/dri/card0
7f034c005000-7f034c006000 rwxp 00000000 00:00 0 
7f034c006000-7f034c007000 rw-s 1f6ae0000 00:06 10983                     /dev/dri/card0
7f034c007000-7f034c008000 r--s 0002f000 08:07 1447499                    /home/nahush/workspace/UCSDUnfoldingMaps/lib/jogl-all-natives-linux-amd64.jar
7f034c008000-7f034c00a000 r--s 00000000 08:07 1447492                    /home/nahush/workspace/UCSDUnfoldingMaps/lib/gluegen-rt-natives-linux-amd64.jar
7f034c00a000-7f034c0cf000 rw-p 00000000 00:00 0 
7f034c0cf000-7f034c0e6000 r-xp 00000000 08:07 536434                     /lib/x86_64-linux-gnu/libnsl-2.19.so
7f034c0e6000-7f034c2e5000 ---p 00017000 08:07 536434                     /lib/x86_64-linux-gnu/libnsl-2.19.so
7f034c2e5000-7f034c2e6000 r--p 00016000 08:07 536434                     /lib/x86_64-linux-gnu/libnsl-2.19.so
7f034c2e6000-7f034c2e7000 rw-p 00017000 08:07 536434                     /lib/x86_64-linux-gnu/libnsl-2.19.so
7f034c2e7000-7f034c2e9000 rw-p 00000000 00:00 0 
7f034c2e9000-7f034c2f2000 r-xp 00000000 08:07 536433                     /lib/x86_64-linux-gnu/libnss_compat-2.19.so
7f034c2f2000-7f034c4f1000 ---p 00009000 08:07 536433                     /lib/x86_64-linux-gnu/libnss_compat-2.19.so
7f034c4f1000-7f034c4f2000 r--p 00008000 08:07 536433                     /lib/x86_64-linux-gnu/libnss_compat-2.19.so
7f034c4f2000-7f034c4f3000 rw-p 00009000 08:07 536433                     /lib/x86_64-linux-gnu/libnss_compat-2.19.so
7f034c4f3000-7f034c51d000 r-xp 00000000 08:07 2243074                    /usr/lib/jvm/java-8-oracle/jre/lib/amd64/libjava.so
7f034c51d000-7f034c71d000 ---p 0002a000 08:07 2243074                    /usr/lib/jvm/java-8-oracle/jre/lib/amd64/libjava.so
7f034c71d000-7f034c71f000 rw-p 0002a000 08:07 2243074                    /usr/lib/jvm/java-8-oracle/jre/lib/amd64/libjava.so
7f034c71f000-7f034c72c000 r-xp 00000000 08:07 2243099                    /usr/lib/jvm/java-8-oracle/jre/lib/amd64/libverify.so
7f034c72c000-7f034c92c000 ---p 0000d000 08:07 2243099                    /usr/lib/jvm/java-8-oracle/jre/lib/amd64/libverify.so
7f034c92c000-7f034c92e000 rw-p 0000d000 08:07 2243099                    /usr/lib/jvm/java-8-oracle/jre/lib/amd64/libverify.so
7f034c92e000-7f034c935000 r-xp 00000000 08:07 536442                     /lib/x86_64-linux-gnu/librt-2.19.so
7f034c935000-7f034cb34000 ---p 00007000 08:07 536442                     /lib/x86_64-linux-gnu/librt-2.19.so
7f034cb34000-7f034cb35000 r--p 00006000 08:07 536442                     /lib/x86_64-linux-gnu/librt-2.19.so
7f034cb35000-7f034cb36000 rw-p 00007000 08:07 536442                     /lib/x86_64-linux-gnu/librt-2.19.so
7f034cb36000-7f034cc3b000 r-xp 00000000 08:07 536428                     /lib/x86_64-linux-gnu/libm-2.19.so
7f034cc3b000-7f034ce3a000 ---p 00105000 08:07 536428                     /lib/x86_64-linux-gnu/libm-2.19.so
7f034ce3a000-7f034ce3b000 r--p 00104000 08:07 536428                     /lib/x86_64-linux-gnu/libm-2.19.so
7f034ce3b000-7f034ce3c000 rw-p 00105000 08:07 536428                     /lib/x86_64-linux-gnu/libm-2.19.so
7f034ce3c000-7f034db07000 r-xp 00000000 08:07 2243073                    /usr/lib/jvm/java-8-oracle/jre/lib/amd64/server/libjvm.so
7f034db07000-7f034dd06000 ---p 00ccb000 08:07 2243073                    /usr/lib/jvm/java-8-oracle/jre/lib/amd64/server/libjvm.so
7f034dd06000-7f034dddf000 rw-p 00cca000 08:07 2243073                    /usr/lib/jvm/java-8-oracle/jre/lib/amd64/server/libjvm.so
7f034dddf000-7f034de2a000 rw-p 00000000 00:00 0 
7f034de2a000-7f034dfe5000 r-xp 00000000 08:07 536443                     /lib/x86_64-linux-gnu/libc-2.19.so
7f034dfe5000-7f034e1e4000 ---p 001bb000 08:07 536443                     /lib/x86_64-linux-gnu/libc-2.19.so
7f034e1e4000-7f034e1e8000 r--p 001ba000 08:07 536443                     /lib/x86_64-linux-gnu/libc-2.19.so
7f034e1e8000-7f034e1ea000 rw-p 001be000 08:07 536443                     /lib/x86_64-linux-gnu/libc-2.19.so
7f034e1ea000-7f034e1ef000 rw-p 00000000 00:00 0 
7f034e1ef000-7f034e1f2000 r-xp 00000000 08:07 536430                     /lib/x86_64-linux-gnu/libdl-2.19.so
7f034e1f2000-7f034e3f1000 ---p 00003000 08:07 536430                     /lib/x86_64-linux-gnu/libdl-2.19.so
7f034e3f1000-7f034e3f2000 r--p 00002000 08:07 536430                     /lib/x86_64-linux-gnu/libdl-2.19.so
7f034e3f2000-7f034e3f3000 rw-p 00003000 08:07 536430                     /lib/x86_64-linux-gnu/libdl-2.19.so
7f034e3f3000-7f034e408000 r-xp 00000000 08:07 2241605                    /usr/lib/jvm/java-8-oracle/lib/amd64/jli/libjli.so
7f034e408000-7f034e608000 ---p 00015000 08:07 2241605                    /usr/lib/jvm/java-8-oracle/lib/amd64/jli/libjli.so
7f034e608000-7f034e609000 rw-p 00015000 08:07 2241605                    /usr/lib/jvm/java-8-oracle/lib/amd64/jli/libjli.so
7f034e609000-7f034e622000 r-xp 00000000 08:07 536435                     /lib/x86_64-linux-gnu/libpthread-2.19.so
7f034e622000-7f034e821000 ---p 00019000 08:07 536435                     /lib/x86_64-linux-gnu/libpthread-2.19.so
7f034e821000-7f034e822000 r--p 00018000 08:07 536435                     /lib/x86_64-linux-gnu/libpthread-2.19.so
7f034e822000-7f034e823000 rw-p 00019000 08:07 536435                     /lib/x86_64-linux-gnu/libpthread-2.19.so
7f034e823000-7f034e827000 rw-p 00000000 00:00 0 
7f034e827000-7f034e84a000 r-xp 00000000 08:07 536436                     /lib/x86_64-linux-gnu/ld-2.19.so
7f034e84a000-7f034e84b000 r--p 00000000 00:00 0 
7f034e84b000-7f034e84f000 r--s 00097000 08:07 2243178                    /usr/lib/jvm/java-8-oracle/jre/lib/jsse.jar
7f034e84f000-7f034e855000 r--s 00033000 08:07 1447506                    /home/nahush/workspace/UCSDUnfoldingMaps/lib/unfolding.0.9.7-uscd.jar
7f034e855000-7f034e856000 r--s 00005000 08:07 1447508                    /home/nahush/workspace/UCSDUnfoldingMaps/lib/libTUIO.jar
7f034e856000-7f034e857000 r--s 00007000 08:07 1447498                    /home/nahush/workspace/UCSDUnfoldingMaps/lib/json4processing.jar
7f034e857000-7f034e922000 rw-p 00000000 00:00 0 
7f034e922000-7f034e925000 ---p 00000000 00:00 0 
7f034e925000-7f034ea27000 rw-p 00000000 00:00 0 
7f034ea27000-7f034ea2c000 r--s 00309000 08:07 1447494                    /home/nahush/workspace/UCSDUnfoldingMaps/lib/sqlite-jdbc-3.7.2.jar
7f034ea2c000-7f034ea33000 r--s 00059000 08:07 1447493                    /home/nahush/workspace/UCSDUnfoldingMaps/lib/log4j-1.2.15.jar
7f034ea33000-7f034ea39000 r--s 00041000 08:07 1447495                    /home/nahush/workspace/UCSDUnfoldingMaps/lib/gluegen-rt.jar
7f034ea39000-7f034ea3d000 r--s 0009a000 08:07 1447507                    /home/nahush/workspace/UCSDUnfoldingMaps/lib/core.jar
7f034ea3d000-7f034ea45000 rw-s 00000000 08:07 1447868                    /tmp/hsperfdata_nahush/5438
7f034ea45000-7f034ea46000 rw-p 00000000 00:00 0 
7f034ea46000-7f034ea47000 r--p 00000000 00:00 0 
7f034ea47000-7f034ea49000 rw-p 00000000 00:00 0 
7f034ea49000-7f034ea4a000 r--p 00022000 08:07 536436                     /lib/x86_64-linux-gnu/ld-2.19.so
7f034ea4a000-7f034ea4b000 rw-p 00023000 08:07 536436                     /lib/x86_64-linux-gnu/ld-2.19.so
7f034ea4b000-7f034ea4c000 rw-p 00000000 00:00 0 
7fff644d4000-7fff644f5000 rw-p 00000000 00:00 0                          [stack]
7fff64581000-7fff64583000 r--p 00000000 00:00 0                          [vvar]
7fff64583000-7fff64585000 r-xp 00000000 00:00 0                          [vdso]
ffffffffff600000-ffffffffff601000 r-xp 00000000 00:00 0                  [vsyscall]

VM Arguments:
jvm_args: -Djava.security.policy=java.policy.applet -Dfile.encoding=UTF-8 
java_command: sun.applet.AppletViewer module1.HelloWorld1476818275296.html
java_class_path (initial): /home/nahush/workspace/UCSDUnfoldingMaps/build:/home/nahush/workspace/UCSDUnfoldingMaps/lib/core.jar:/home/nahush/workspace/UCSDUnfoldingMaps/lib/gluegen-rt.jar:/home/nahush/workspace/UCSDUnfoldingMaps/lib/jogl-all.jar:/home/nahush/workspace/UCSDUnfoldingMaps/lib/log4j-1.2.15.jar:/home/nahush/workspace/UCSDUnfoldingMaps/lib/sqlite-jdbc-3.7.2.jar:/home/nahush/workspace/UCSDUnfoldingMaps/lib/json4processing.jar:/home/nahush/workspace/UCSDUnfoldingMaps/lib/libTUIO.jar:/home/nahush/workspace/UCSDUnfoldingMaps/lib/unfolding.0.9.7-uscd.jar
Launcher Type: SUN_STANDARD

Environment Variables:
JAVA_HOME=/usr/lib/jvm/java-8-oracle
PATH=/usr/local/sbin:/usr/local/bin:/usr/sbin:/usr/bin:/sbin:/bin:/usr/games:/usr/local/games:/usr/lib/jvm/java-8-oracle/bin:/usr/lib/jvm/java-8-oracle/db/bin:/usr/lib/jvm/java-8-oracle/jre/bin
SHELL=/bin/bash
DISPLAY=:0

Signal Handlers:
SIGSEGV: [libjvm.so+0xac4790], sa_mask[0]=11111111011111111101111111111110, sa_flags=SA_RESTART|SA_SIGINFO
SIGBUS: [libjvm.so+0xac4790], sa_mask[0]=11111111011111111101111111111110, sa_flags=SA_RESTART|SA_SIGINFO
SIGFPE: [libjvm.so+0x91f140], sa_mask[0]=11111111011111111101111111111110, sa_flags=SA_RESTART|SA_SIGINFO
SIGPIPE: [libjvm.so+0x91f140], sa_mask[0]=11111111011111111101111111111110, sa_flags=SA_RESTART|SA_SIGINFO
SIGXFSZ: [libjvm.so+0x91f140], sa_mask[0]=11111111011111111101111111111110, sa_flags=SA_RESTART|SA_SIGINFO
SIGILL: [libjvm.so+0x91f140], sa_mask[0]=11111111011111111101111111111110, sa_flags=SA_RESTART|SA_SIGINFO
SIGUSR1: SIG_DFL, sa_mask[0]=00000000000000000000000000000000, sa_flags=none
SIGUSR2: [libjvm.so+0x920770], sa_mask[0]=00100000000000000000000000000000, sa_flags=SA_RESTART|SA_SIGINFO
SIGHUP: [libjvm.so+0x921b70], sa_mask[0]=11111111011111111101111111111110, sa_flags=SA_RESTART|SA_SIGINFO
SIGINT: [libjvm.so+0x921b70], sa_mask[0]=11111111011111111101111111111110, sa_flags=SA_RESTART|SA_SIGINFO
SIGTERM: [libjvm.so+0x921b70], sa_mask[0]=11111111011111111101111111111110, sa_flags=SA_RESTART|SA_SIGINFO
SIGQUIT: [libjvm.so+0x921b70], sa_mask[0]=11111111011111111101111111111110, sa_flags=SA_RESTART|SA_SIGINFO


---------------  S Y S T E M  ---------------

OS:DISTRIB_ID=Ubuntu
DISTRIB_RELEASE=14.04
DISTRIB_CODENAME=trusty
DISTRIB_DESCRIPTION="Ubuntu 14.04.4 LTS"

uname:Linux 3.19.0-59-generic #66~14.04.1-Ubuntu SMP Fri May 13 17:27:10 UTC 2016 x86_64
libc:glibc 2.19 NPTL 2.19 
rlimit: STACK 8192k, CORE 0k, NPROC 30254, NOFILE 4096, AS infinity
load average:8.41 3.73 2.08

/proc/meminfo:
MemTotal:        8078812 kB
MemFree:         1832880 kB
MemAvailable:    3414104 kB
Buffers:          233288 kB
Cached:          4051664 kB
SwapCached:           44 kB
Active:          2833496 kB
Inactive:        3085092 kB
Active(anon):    1781728 kB
Inactive(anon):  2466760 kB
Active(file):    1051768 kB
Inactive(file):   618332 kB
Unevictable:         240 kB
Mlocked:             240 kB
SwapTotal:        499708 kB
SwapFree:         499176 kB
Dirty:              1600 kB
Writeback:             0 kB
AnonPages:       1633884 kB
Mapped:           635644 kB
Shmem:           2614856 kB
Slab:             194928 kB
SReclaimable:     160116 kB
SUnreclaim:        34812 kB
KernelStack:        8592 kB
PageTables:        37664 kB
NFS_Unstable:          0 kB
Bounce:                0 kB
WritebackTmp:          0 kB
CommitLimit:     4539112 kB
Committed_AS:    7737076 kB
VmallocTotal:   34359738367 kB
VmallocUsed:      367908 kB
VmallocChunk:   34359338364 kB
HardwareCorrupted:     0 kB
AnonHugePages:    608256 kB
CmaTotal:              0 kB
CmaFree:               0 kB
HugePages_Total:       0
HugePages_Free:        0
HugePages_Rsvd:        0
HugePages_Surp:        0
Hugepagesize:       2048 kB
DirectMap4k:      132264 kB
DirectMap2M:     6062080 kB
DirectMap1G:     3145728 kB


CPU:total 4 (2 cores per cpu, 2 threads per core) family 6 model 61 stepping 4, cmov, cx8, fxsr, mmx, sse, sse2, sse3, ssse3, sse4.1, sse4.2, popcnt, avx, avx2, aes, clmul, erms, 3dnowpref, lzcnt, ht, tsc, tscinvbit, bmi1, bmi2, adx

/proc/cpuinfo:
processor	: 0
vendor_id	: GenuineIntel
cpu family	: 6
model		: 61
model name	: Intel(R) Core(TM) i5-5200U CPU @ 2.20GHz
stepping	: 4
microcode	: 0x1f
cpu MHz		: 2421.117
cache size	: 3072 KB
physical id	: 0
siblings	: 4
core id		: 0
cpu cores	: 2
apicid		: 0
initial apicid	: 0
fpu		: yes
fpu_exception	: yes
cpuid level	: 20
wp		: yes
flags		: fpu vme de pse tsc msr pae mce cx8 apic sep mtrr pge mca cmov pat pse36 clflush dts acpi mmx fxsr sse sse2 ss ht tm pbe syscall nx pdpe1gb rdtscp lm constant_tsc arch_perfmon pebs bts rep_good nopl xtopology nonstop_tsc aperfmperf eagerfpu pni pclmulqdq dtes64 monitor ds_cpl vmx est tm2 ssse3 fma cx16 xtpr pdcm pcid sse4_1 sse4_2 x2apic movbe popcnt tsc_deadline_timer aes xsave avx f16c rdrand lahf_lm abm 3dnowprefetch ida arat epb pln pts dtherm tpr_shadow vnmi flexpriority ept vpid fsgsbase tsc_adjust bmi1 avx2 smep bmi2 erms invpcid rdseed adx smap xsaveopt
bugs		:
bogomips	: 4390.05
clflush size	: 64
cache_alignment	: 64
address sizes	: 39 bits physical, 48 bits virtual
power management:

processor	: 1
vendor_id	: GenuineIntel
cpu family	: 6
model		: 61
model name	: Intel(R) Core(TM) i5-5200U CPU @ 2.20GHz
stepping	: 4
microcode	: 0x1f
cpu MHz		: 2561.109
cache size	: 3072 KB
physical id	: 0
siblings	: 4
core id		: 1
cpu cores	: 2
apicid		: 2
initial apicid	: 2
fpu		: yes
fpu_exception	: yes
cpuid level	: 20
wp		: yes
flags		: fpu vme de pse tsc msr pae mce cx8 apic sep mtrr pge mca cmov pat pse36 clflush dts acpi mmx fxsr sse sse2 ss ht tm pbe syscall nx pdpe1gb rdtscp lm constant_tsc arch_perfmon pebs bts rep_good nopl xtopology nonstop_tsc aperfmperf eagerfpu pni pclmulqdq dtes64 monitor ds_cpl vmx est tm2 ssse3 fma cx16 xtpr pdcm pcid sse4_1 sse4_2 x2apic movbe popcnt tsc_deadline_timer aes xsave avx f16c rdrand lahf_lm abm 3dnowprefetch ida arat epb pln pts dtherm tpr_shadow vnmi flexpriority ept vpid fsgsbase tsc_adjust bmi1 avx2 smep bmi2 erms invpcid rdseed adx smap xsaveopt
bugs		:
bogomips	: 4390.05
clflush size	: 64
cache_alignment	: 64
address sizes	: 39 bits physical, 48 bits virtual
power management:

processor	: 2
vendor_id	: GenuineIntel
cpu family	: 6
model		: 61
model name	: Intel(R) Core(TM) i5-5200U CPU @ 2.20GHz
stepping	: 4
microcode	: 0x1f
cpu MHz		: 2395.078
cache size	: 3072 KB
physical id	: 0
siblings	: 4
core id		: 0
cpu cores	: 2
apicid		: 1
initial apicid	: 1
fpu		: yes
fpu_exception	: yes
cpuid level	: 20
wp		: yes
flags		: fpu vme de pse tsc msr pae mce cx8 apic sep mtrr pge mca cmov pat pse36 clflush dts acpi mmx fxsr sse sse2 ss ht tm pbe syscall nx pdpe1gb rdtscp lm constant_tsc arch_perfmon pebs bts rep_good nopl xtopology nonstop_tsc aperfmperf eagerfpu pni pclmulqdq dtes64 monitor ds_cpl vmx est tm2 ssse3 fma cx16 xtpr pdcm pcid sse4_1 sse4_2 x2apic movbe popcnt tsc_deadline_timer aes xsave avx f16c rdrand lahf_lm abm 3dnowprefetch ida arat epb pln pts dtherm tpr_shadow vnmi flexpriority ept vpid fsgsbase tsc_adjust bmi1 avx2 smep bmi2 erms invpcid rdseed adx smap xsaveopt
bugs		:
bogomips	: 4390.05
clflush size	: 64
cache_alignment	: 64
address sizes	: 39 bits physical, 48 bits virtual
power management:

processor	: 3
vendor_id	: GenuineIntel
cpu family	: 6
model		: 61
model name	: Intel(R) Core(TM) i5-5200U CPU @ 2.20GHz
stepping	: 4
microcode	: 0x1f
cpu MHz		: 2394.648
cache size	: 3072 KB
physical id	: 0
siblings	: 4
core id		: 1
cpu cores	: 2
apicid		: 3
initial apicid	: 3
fpu		: yes
fpu_exception	: yes
cpuid level	: 20
wp		: yes
flags		: fpu vme de pse tsc msr pae mce cx8 apic sep mtrr pge mca cmov pat pse36 clflush dts acpi mmx fxsr sse sse2 ss ht tm pbe syscall nx pdpe1gb rdtscp lm constant_tsc arch_perfmon pebs bts rep_good nopl xtopology nonstop_tsc aperfmperf eagerfpu pni pclmulqdq dtes64 monitor ds_cpl vmx est tm2 ssse3 fma cx16 xtpr pdcm pcid sse4_1 sse4_2 x2apic movbe popcnt tsc_deadline_timer aes xsave avx f16c rdrand lahf_lm abm 3dnowprefetch ida arat epb pln pts dtherm tpr_shadow vnmi flexpriority ept vpid fsgsbase tsc_adjust bmi1 avx2 smep bmi2 erms invpcid rdseed adx smap xsaveopt
bugs		:
bogomips	: 4390.05
clflush size	: 64
cache_alignment	: 64
address sizes	: 39 bits physical, 48 bits virtual
power management:



Memory: 4k page, physical 8078812k(1832880k free), swap 499708k(499176k free)

vm_info: Java HotSpot(TM) 64-Bit Server VM (25.101-b13) for linux-amd64 JRE (1.8.0_101-b13), built on Jun 22 2016 02:59:44 by "java_re" with gcc 4.3.0 20080428 (Red Hat 4.3.0-8)

time: Tue Oct 18 15:18:05 2016
elapsed time: 10 seconds (0d 0h 0m 10s)

